04-04-2022 12:03:28.340 [Gauge] [DEBUG] Created gauge_screenshots_dir at C:\Users\testinium\IdeaProjects\Ozdilek\.gauge\screenshots
04-04-2022 12:03:28.399 [Gauge] [DEBUG] Plugin java is already installed.
04-04-2022 12:03:28.408 [Gauge] [DEBUG] Plugin html-report is already installed.
04-04-2022 12:03:28.410 [Gauge] [DEBUG] Parsing started.
04-04-2022 12:03:28.410 [Gauge] [DEBUG] Started concepts parsing.
04-04-2022 12:03:28.503 [Gauge] [ERROR] Concept parse failure: C:\Users\testinium\IdeaProjects\Ozdilek\specs\Ozdilek\Concepts\BuyPage.cpt C:\Users\testinium\IdeaProjects\Ozdilek\specs\Ozdilek\Concepts\LoginPage.cpt:14 Concept heading can have only Dynamic Parameters => 'Kullanıcı adı kısmına "Güngör" şifre kısmına "123" girildi.'
04-04-2022 12:03:28.504 [Gauge] [ERROR] Concept parse failure: C:\Users\testinium\IdeaProjects\Ozdilek\specs\Ozdilek\Concepts\BuyPage.cpt C:\Users\testinium\IdeaProjects\Ozdilek\specs\Ozdilek\Concepts\LoginPage.cpt:15 Step is not defined inside a concept heading => '"1" saniye kadar bekle'
04-04-2022 12:03:28.504 [Gauge] [ERROR] Concept parse failure: C:\Users\testinium\IdeaProjects\Ozdilek\specs\Ozdilek\Concepts\BuyPage.cpt C:\Users\testinium\IdeaProjects\Ozdilek\specs\Ozdilek\Concepts\LoginPage.cpt:16 Step is not defined inside a concept heading => 'Id "com.ozdilek.ozdilekteyim:id/etEposta" li elementi bul ve <k_adi> değerini gir'
04-04-2022 12:03:28.504 [Gauge] [ERROR] Concept parse failure: C:\Users\testinium\IdeaProjects\Ozdilek\specs\Ozdilek\Concepts\BuyPage.cpt C:\Users\testinium\IdeaProjects\Ozdilek\specs\Ozdilek\Concepts\LoginPage.cpt:17 Step is not defined inside a concept heading => 'Id "com.ozdilek.ozdilekteyim:id/etPassword" li elementi bul ve <password> değerini gir'
04-04-2022 12:03:28.504 [Gauge] [ERROR] Concept parse failure: C:\Users\testinium\IdeaProjects\Ozdilek\specs\Ozdilek\Concepts\BuyPage.cpt C:\Users\testinium\IdeaProjects\Ozdilek\specs\Ozdilek\Concepts\LoginPage.cpt:18 Step is not defined inside a concept heading => '"1" saniye kadar bekle'
04-04-2022 12:03:28.504 [Gauge] [ERROR] Concept parse failure: C:\Users\testinium\IdeaProjects\Ozdilek\specs\Ozdilek\Concepts\BuyPage.cpt C:\Users\testinium\IdeaProjects\Ozdilek\specs\Ozdilek\Concepts\ShopPage.cpt:7 Duplicate concept definition found => 'Sayfa Doğrulandı.'
04-04-2022 12:03:28.504 [Gauge] [ERROR] Concept parse failure: C:\Users\testinium\IdeaProjects\Ozdilek\specs\Ozdilek\Concepts\BuyPage.cpt C:\Users\testinium\IdeaProjects\Ozdilek\specs\Ozdilek\Concepts\MainPage.cpt:13 Duplicate concept definition found => 'Sayfa Doğrulandı.'
04-04-2022 12:03:28.504 [Gauge] [ERROR] [ParseError] C:\Users\testinium\IdeaProjects\Ozdilek\specs\Ozdilek\Concepts\LoginPage.cpt:14 Concept heading can have only Dynamic Parameters => 'Kullanıcı adı kısmına "Güngör" şifre kısmına "123" girildi.'
04-04-2022 12:03:28.504 [Gauge] [ERROR] [ParseError] C:\Users\testinium\IdeaProjects\Ozdilek\specs\Ozdilek\Concepts\LoginPage.cpt:15 Step is not defined inside a concept heading => '"1" saniye kadar bekle'
04-04-2022 12:03:28.504 [Gauge] [ERROR] [ParseError] C:\Users\testinium\IdeaProjects\Ozdilek\specs\Ozdilek\Concepts\LoginPage.cpt:16 Step is not defined inside a concept heading => 'Id "com.ozdilek.ozdilekteyim:id/etEposta" li elementi bul ve <k_adi> değerini gir'
04-04-2022 12:03:28.504 [Gauge] [ERROR] [ParseError] C:\Users\testinium\IdeaProjects\Ozdilek\specs\Ozdilek\Concepts\LoginPage.cpt:17 Step is not defined inside a concept heading => 'Id "com.ozdilek.ozdilekteyim:id/etPassword" li elementi bul ve <password> değerini gir'
04-04-2022 12:03:28.504 [Gauge] [ERROR] [ParseError] C:\Users\testinium\IdeaProjects\Ozdilek\specs\Ozdilek\Concepts\LoginPage.cpt:18 Step is not defined inside a concept heading => '"1" saniye kadar bekle'
04-04-2022 12:03:28.504 [Gauge] [ERROR] [ParseError] C:\Users\testinium\IdeaProjects\Ozdilek\specs\Ozdilek\Concepts\ShopPage.cpt:7 Duplicate concept definition found => 'Sayfa Doğrulandı.'
04-04-2022 12:03:28.504 [Gauge] [ERROR] [ParseError] C:\Users\testinium\IdeaProjects\Ozdilek\specs\Ozdilek\Concepts\MainPage.cpt:13 Duplicate concept definition found => 'Sayfa Doğrulandı.'
04-04-2022 12:03:28.504 [Gauge] [DEBUG] 13 concepts parsing completed.
04-04-2022 12:03:28.504 [Gauge] [DEBUG] Started specifications parsing.
04-04-2022 12:03:28.525 [Gauge] [DEBUG] 1 specifications parsing completed.
04-04-2022 12:03:28.525 [Gauge] [DEBUG] Parsing completed.
04-04-2022 12:03:28.528 [Gauge] [DEBUG] Staring java runner
04-04-2022 12:03:28.991 [java] [DEBUG] classpath set to C:\Program Files\Java\jdk1.8.0_202\jre\lib\charsets.jar;C:\Program Files\Java\jdk1.8.0_202\jre\lib\deploy.jar;C:\Program Files\Java\jdk1.8.0_202\jre\lib\ext\access-bridge-64.jar;C:\Program Files\Java\jdk1.8.0_202\jre\lib\ext\cldrdata.jar;C:\Program Files\Java\jdk1.8.0_202\jre\lib\ext\dnsns.jar;C:\Program Files\Java\jdk1.8.0_202\jre\lib\ext\jaccess.jar;C:\Program Files\Java\jdk1.8.0_202\jre\lib\ext\jfxrt.jar;C:\Program Files\Java\jdk1.8.0_202\jre\lib\ext\localedata.jar;C:\Program Files\Java\jdk1.8.0_202\jre\lib\ext\nashorn.jar;C:\Program Files\Java\jdk1.8.0_202\jre\lib\ext\sunec.jar;C:\Program Files\Java\jdk1.8.0_202\jre\lib\ext\sunjce_provider.jar;C:\Program Files\Java\jdk1.8.0_202\jre\lib\ext\sunmscapi.jar;C:\Program Files\Java\jdk1.8.0_202\jre\lib\ext\sunpkcs11.jar;C:\Program Files\Java\jdk1.8.0_202\jre\lib\ext\zipfs.jar;C:\Program Files\Java\jdk1.8.0_202\jre\lib\javaws.jar;C:\Program Files\Java\jdk1.8.0_202\jre\lib\jce.jar;C:\Program Files\Java\jdk1.8.0_202\jre\lib\jfr.jar;C:\Program Files\Java\jdk1.8.0_202\jre\lib\jfxswt.jar;C:\Program Files\Java\jdk1.8.0_202\jre\lib\jsse.jar;C:\Program Files\Java\jdk1.8.0_202\jre\lib\management-agent.jar;C:\Program Files\Java\jdk1.8.0_202\jre\lib\plugin.jar;C:\Program Files\Java\jdk1.8.0_202\jre\lib\resources.jar;C:\Program Files\Java\jdk1.8.0_202\jre\lib\rt.jar;C:\Users\testinium\IdeaProjects\Ozdilek\target\test-classes;C:\Users\testinium\.m2\repository\junit\junit\4.12\junit-4.12.jar;C:\Users\testinium\.m2\repository\org\hamcrest\hamcrest-core\1.3\hamcrest-core-1.3.jar;C:\Users\testinium\.m2\repository\com\thoughtworks\gauge\gauge-java\0.8.1\gauge-java-0.8.1.jar;C:\Users\testinium\.m2\repository\org\assertj\assertj-core\3.22.0\assertj-core-3.22.0.jar;C:\Users\testinium\.m2\repository\org\reflections\reflections\0.10.2\reflections-0.10.2.jar;C:\Users\testinium\.m2\repository\org\javassist\javassist\3.28.0-GA\javassist-3.28.0-GA.jar;C:\Users\testinium\.m2\repository\com\google\code\findbugs\jsr305\3.0.2\jsr305-3.0.2.jar;C:\Users\testinium\.m2\repository\com\github\javaparser\javaparser-core\3.16.3\javaparser-core-3.16.3.jar;C:\Users\testinium\.m2\repository\commons-io\commons-io\2.11.0\commons-io-2.11.0.jar;C:\Users\testinium\.m2\repository\commons-lang\commons-lang\2.6\commons-lang-2.6.jar;C:\Users\testinium\.m2\repository\org\json\json\20211205\json-20211205.jar;C:\Users\testinium\.m2\repository\com\google\protobuf\protobuf-java\3.19.3\protobuf-java-3.19.3.jar;C:\Users\testinium\.m2\repository\com\google\guava\guava\30.1.1-jre\guava-30.1.1-jre.jar;C:\Users\testinium\.m2\repository\com\google\guava\failureaccess\1.0.1\failureaccess-1.0.1.jar;C:\Users\testinium\.m2\repository\com\google\guava\listenablefuture\9999.0-empty-to-avoid-conflict-with-guava\listenablefuture-9999.0-empty-to-avoid-conflict-with-guava.jar;C:\Users\testinium\.m2\repository\org\checkerframework\checker-qual\3.8.0\checker-qual-3.8.0.jar;C:\Users\testinium\.m2\repository\com\google\errorprone\error_prone_annotations\2.5.1\error_prone_annotations-2.5.1.jar;C:\Users\testinium\.m2\repository\com\google\j2objc\j2objc-annotations\1.3\j2objc-annotations-1.3.jar;C:\Users\testinium\.m2\repository\io\grpc\grpc-netty-shaded\1.43.2\grpc-netty-shaded-1.43.2.jar;C:\Users\testinium\.m2\repository\io\perfmark\perfmark-api\0.23.0\perfmark-api-0.23.0.jar;C:\Users\testinium\.m2\repository\io\grpc\grpc-core\1.43.2\grpc-core-1.43.2.jar;C:\Users\testinium\.m2\repository\com\google\android\annotations\4.1.1.4\annotations-4.1.1.4.jar;C:\Users\testinium\.m2\repository\org\codehaus\mojo\animal-sniffer-annotations\1.19\animal-sniffer-annotations-1.19.jar;C:\Users\testinium\.m2\repository\io\grpc\grpc-protobuf\1.43.2\grpc-protobuf-1.43.2.jar;C:\Users\testinium\.m2\repository\io\grpc\grpc-api\1.43.2\grpc-api-1.43.2.jar;C:\Users\testinium\.m2\repository\io\grpc\grpc-context\1.43.2\grpc-context-1.43.2.jar;C:\Users\testinium\.m2\repository\com\google\api\grpc\proto-google-common-protos\2.0.1\proto-google-common-protos-2.0.1.jar;C:\Users\testinium\.m2\repository\io\grpc\grpc-protobuf-lite\1.43.2\grpc-protobuf-lite-1.43.2.jar;C:\Users\testinium\.m2\repository\io\grpc\grpc-stub\1.43.2\grpc-stub-1.43.2.jar;C:\Users\testinium\.m2\repository\javax\annotation\javax.annotation-api\1.3.2\javax.annotation-api-1.3.2.jar;C:\Users\testinium\.m2\repository\org\slf4j\slf4j-log4j12\1.7.30\slf4j-log4j12-1.7.30.jar;C:\Users\testinium\.m2\repository\log4j\log4j\1.2.17\log4j-1.2.17.jar;C:\Users\testinium\.m2\repository\org\apache\logging\log4j\log4j-core\2.17.1\log4j-core-2.17.1.jar;C:\Users\testinium\.m2\repository\org\apache\logging\log4j\log4j-api\2.17.1\log4j-api-2.17.1.jar;C:\Users\testinium\.m2\repository\io\appium\java-client\7.3.0\java-client-7.3.0.jar;C:\Users\testinium\.m2\repository\org\seleniumhq\selenium\selenium-java\3.141.59\selenium-java-3.141.59.jar;C:\Users\testinium\.m2\repository\org\seleniumhq\selenium\selenium-chrome-driver\3.141.59\selenium-chrome-driver-3.141.59.jar;C:\Users\testinium\.m2\repository\org\seleniumhq\selenium\selenium-edge-driver\3.141.59\selenium-edge-driver-3.141.59.jar;C:\Users\testinium\.m2\repository\org\seleniumhq\selenium\selenium-firefox-driver\3.141.59\selenium-firefox-driver-3.141.59.jar;C:\Users\testinium\.m2\repository\org\seleniumhq\selenium\selenium-ie-driver\3.141.59\selenium-ie-driver-3.141.59.jar;C:\Users\testinium\.m2\repository\org\seleniumhq\selenium\selenium-opera-driver\3.141.59\selenium-opera-driver-3.141.59.jar;C:\Users\testinium\.m2\repository\org\seleniumhq\selenium\selenium-remote-driver\3.141.59\selenium-remote-driver-3.141.59.jar;C:\Users\testinium\.m2\repository\org\seleniumhq\selenium\selenium-safari-driver\3.141.59\selenium-safari-driver-3.141.59.jar;C:\Users\testinium\.m2\repository\net\bytebuddy\byte-buddy\1.8.15\byte-buddy-1.8.15.jar;C:\Users\testinium\.m2\repository\org\apache\commons\commons-exec\1.3\commons-exec-1.3.jar;C:\Users\testinium\.m2\repository\com\squareup\okhttp3\okhttp\3.11.0\okhttp-3.11.0.jar;C:\Users\testinium\.m2\repository\com\squareup\okio\okio\1.14.0\okio-1.14.0.jar;C:\Users\testinium\.m2\repository\org\seleniumhq\selenium\selenium-support\3.141.59\selenium-support-3.141.59.jar;C:\Users\testinium\.m2\repository\org\seleniumhq\selenium\selenium-api\3.141.59\selenium-api-3.141.59.jar;C:\Users\testinium\.m2\repository\com\google\code\gson\gson\2.8.5\gson-2.8.5.jar;C:\Users\testinium\.m2\repository\org\apache\httpcomponents\httpclient\4.5.9\httpclient-4.5.9.jar;C:\Users\testinium\.m2\repository\org\apache\httpcomponents\httpcore\4.4.11\httpcore-4.4.11.jar;C:\Users\testinium\.m2\repository\commons-logging\commons-logging\1.2\commons-logging-1.2.jar;C:\Users\testinium\.m2\repository\commons-codec\commons-codec\1.11\commons-codec-1.11.jar;C:\Users\testinium\.m2\repository\cglib\cglib\3.2.12\cglib-3.2.12.jar;C:\Users\testinium\.m2\repository\org\ow2\asm\asm\7.1\asm-7.1.jar;C:\Users\testinium\.m2\repository\commons-validator\commons-validator\1.6\commons-validator-1.6.jar;C:\Users\testinium\.m2\repository\commons-beanutils\commons-beanutils\1.9.2\commons-beanutils-1.9.2.jar;C:\Users\testinium\.m2\repository\commons-digester\commons-digester\1.8.1\commons-digester-1.8.1.jar;C:\Users\testinium\.m2\repository\commons-collections\commons-collections\3.2.2\commons-collections-3.2.2.jar;C:\Users\testinium\.m2\repository\org\apache\commons\commons-lang3\3.9\commons-lang3-3.9.jar;C:\Users\testinium\.m2\repository\org\springframework\spring-context\5.1.8.RELEASE\spring-context-5.1.8.RELEASE.jar;C:\Users\testinium\.m2\repository\org\springframework\spring-aop\5.1.8.RELEASE\spring-aop-5.1.8.RELEASE.jar;C:\Users\testinium\.m2\repository\org\springframework\spring-beans\5.1.8.RELEASE\spring-beans-5.1.8.RELEASE.jar;C:\Users\testinium\.m2\repository\org\springframework\spring-core\5.1.8.RELEASE\spring-core-5.1.8.RELEASE.jar;C:\Users\testinium\.m2\repository\org\springframework\spring-jcl\5.1.8.RELEASE\spring-jcl-5.1.8.RELEASE.jar;C:\Users\testinium\.m2\repository\org\springframework\spring-expression\5.1.8.RELEASE\spring-expression-5.1.8.RELEASE.jar;C:\Users\testinium\.m2\repository\org\aspectj\aspectjweaver\1.9.4\aspectjweaver-1.9.4.jar;C:\Users\testinium\.m2\repository\org\slf4j\slf4j-api\1.7.30\slf4j-api-1.7.30.jar
04-04-2022 12:03:29.299 [Gauge] [DEBUG] Checking updates...
04-04-2022 12:03:29.301 [Gauge] [DEBUG] Downloading https://downloads.gauge.org/plugin/html-report?l=java&p=html-report,java,screenshot,spectacle,xml-report&o=windows&a=386
04-04-2022 12:03:29.641 [java] [CRITICAL] process C:\Program Files\Java\jdk1.8.0_202\jre\bin\java.exe with pid 5932 quit unexpectedly. exit status 1
04-04-2022 12:03:29.648 [Gauge] [DEBUG] Runner connection error: Runner with pid 4208 quit unexpectedly(exit status 1)
04-04-2022 12:03:29.648 [Gauge] [DEBUG] Error while killing runner: invalid argument
04-04-2022 12:03:29.648 [Gauge] [CRITICAL] Failed to start gauge API: Runner with pid 4208 quit unexpectedly(exit status 1)
04-04-2022 12:13:22.366 [Gauge] [DEBUG] Created gauge_screenshots_dir at C:\Users\testinium\IdeaProjects\Ozdilek\.gauge\screenshots
04-04-2022 12:13:22.369 [Gauge] [DEBUG] Plugin java is already installed.
04-04-2022 12:13:22.370 [Gauge] [DEBUG] Plugin html-report is already installed.
04-04-2022 12:13:22.370 [Gauge] [DEBUG] Parsing started.
04-04-2022 12:13:22.370 [Gauge] [DEBUG] Started concepts parsing.
04-04-2022 12:13:22.375 [Gauge] [ERROR] Concept parse failure: C:\Users\testinium\IdeaProjects\Ozdilek\specs\Ozdilek\Concepts\MainPage.cpt C:\Users\testinium\IdeaProjects\Ozdilek\specs\Ozdilek\Concepts\ShopPage.cpt:7 Duplicate concept definition found => 'Sayfa Doğrulandı.'
04-04-2022 12:13:22.375 [Gauge] [ERROR] Concept parse failure: C:\Users\testinium\IdeaProjects\Ozdilek\specs\Ozdilek\Concepts\MainPage.cpt C:\Users\testinium\IdeaProjects\Ozdilek\specs\Ozdilek\Concepts\MainPage.cpt:13 Duplicate concept definition found => 'Sayfa Doğrulandı.'
04-04-2022 12:13:22.375 [Gauge] [ERROR] Concept parse failure: C:\Users\testinium\IdeaProjects\Ozdilek\specs\Ozdilek\Concepts\MainPage.cpt C:\Users\testinium\IdeaProjects\Ozdilek\specs\Ozdilek\Concepts\LoginPage.cpt:14 Concept heading can have only Dynamic Parameters => 'Kullanıcı adı kısmına "Güngör" şifre kısmına "123" girildi.'
04-04-2022 12:13:22.375 [Gauge] [ERROR] Concept parse failure: C:\Users\testinium\IdeaProjects\Ozdilek\specs\Ozdilek\Concepts\MainPage.cpt C:\Users\testinium\IdeaProjects\Ozdilek\specs\Ozdilek\Concepts\LoginPage.cpt:15 Step is not defined inside a concept heading => '"1" saniye kadar bekle'
04-04-2022 12:13:22.375 [Gauge] [ERROR] Concept parse failure: C:\Users\testinium\IdeaProjects\Ozdilek\specs\Ozdilek\Concepts\MainPage.cpt C:\Users\testinium\IdeaProjects\Ozdilek\specs\Ozdilek\Concepts\LoginPage.cpt:16 Step is not defined inside a concept heading => 'Id "com.ozdilek.ozdilekteyim:id/etEposta" li elementi bul ve <k_adi> değerini gir'
04-04-2022 12:13:22.375 [Gauge] [ERROR] Concept parse failure: C:\Users\testinium\IdeaProjects\Ozdilek\specs\Ozdilek\Concepts\MainPage.cpt C:\Users\testinium\IdeaProjects\Ozdilek\specs\Ozdilek\Concepts\LoginPage.cpt:17 Step is not defined inside a concept heading => 'Id "com.ozdilek.ozdilekteyim:id/etPassword" li elementi bul ve <password> değerini gir'
04-04-2022 12:13:22.375 [Gauge] [ERROR] Concept parse failure: C:\Users\testinium\IdeaProjects\Ozdilek\specs\Ozdilek\Concepts\MainPage.cpt C:\Users\testinium\IdeaProjects\Ozdilek\specs\Ozdilek\Concepts\LoginPage.cpt:18 Step is not defined inside a concept heading => '"1" saniye kadar bekle'
04-04-2022 12:13:22.375 [Gauge] [ERROR] [ParseError] C:\Users\testinium\IdeaProjects\Ozdilek\specs\Ozdilek\Concepts\ShopPage.cpt:7 Duplicate concept definition found => 'Sayfa Doğrulandı.'
04-04-2022 12:13:22.375 [Gauge] [ERROR] [ParseError] C:\Users\testinium\IdeaProjects\Ozdilek\specs\Ozdilek\Concepts\MainPage.cpt:13 Duplicate concept definition found => 'Sayfa Doğrulandı.'
04-04-2022 12:13:22.376 [Gauge] [ERROR] [ParseError] C:\Users\testinium\IdeaProjects\Ozdilek\specs\Ozdilek\Concepts\LoginPage.cpt:14 Concept heading can have only Dynamic Parameters => 'Kullanıcı adı kısmına "Güngör" şifre kısmına "123" girildi.'
04-04-2022 12:13:22.376 [Gauge] [ERROR] [ParseError] C:\Users\testinium\IdeaProjects\Ozdilek\specs\Ozdilek\Concepts\LoginPage.cpt:15 Step is not defined inside a concept heading => '"1" saniye kadar bekle'
04-04-2022 12:13:22.376 [Gauge] [ERROR] [ParseError] C:\Users\testinium\IdeaProjects\Ozdilek\specs\Ozdilek\Concepts\LoginPage.cpt:16 Step is not defined inside a concept heading => 'Id "com.ozdilek.ozdilekteyim:id/etEposta" li elementi bul ve <k_adi> değerini gir'
04-04-2022 12:13:22.376 [Gauge] [ERROR] [ParseError] C:\Users\testinium\IdeaProjects\Ozdilek\specs\Ozdilek\Concepts\LoginPage.cpt:17 Step is not defined inside a concept heading => 'Id "com.ozdilek.ozdilekteyim:id/etPassword" li elementi bul ve <password> değerini gir'
04-04-2022 12:13:22.376 [Gauge] [ERROR] [ParseError] C:\Users\testinium\IdeaProjects\Ozdilek\specs\Ozdilek\Concepts\LoginPage.cpt:18 Step is not defined inside a concept heading => '"1" saniye kadar bekle'
04-04-2022 12:13:22.376 [Gauge] [ERROR] [ParseError] C:\Users\testinium\IdeaProjects\Ozdilek\specs\Ozdilek\Concepts\ProductPage.cpt:4 Circular reference found in concept. "Rastgele bir ürün seçildi." => C:\Users\testinium\IdeaProjects\Ozdilek\specs\Ozdilek\Concepts\ProductPage.cpt:3 => 'Rastgele bir ürün seçildi.'
04-04-2022 12:13:22.376 [Gauge] [ERROR] [ParseError] C:\Users\testinium\IdeaProjects\Ozdilek\specs\Ozdilek\Concepts\ProductPage.cpt:3 Circular reference found in concept. "Rastgele bir ürün seçildi." => C:\Users\testinium\IdeaProjects\Ozdilek\specs\Ozdilek\Concepts\ProductPage.cpt:4 => 'Rastgele bir ürün seçildi.'
04-04-2022 12:13:22.376 [Gauge] [DEBUG] 12 concepts parsing completed.
04-04-2022 12:13:22.376 [Gauge] [DEBUG] Started specifications parsing.
04-04-2022 12:13:22.377 [Gauge] [DEBUG] 1 specifications parsing completed.
04-04-2022 12:13:22.377 [Gauge] [DEBUG] Parsing completed.
04-04-2022 12:13:22.380 [Gauge] [DEBUG] Staring java runner
04-04-2022 12:13:22.408 [java] [DEBUG] classpath set to C:\Program Files\Java\jdk1.8.0_202\jre\lib\charsets.jar;C:\Program Files\Java\jdk1.8.0_202\jre\lib\deploy.jar;C:\Program Files\Java\jdk1.8.0_202\jre\lib\ext\access-bridge-64.jar;C:\Program Files\Java\jdk1.8.0_202\jre\lib\ext\cldrdata.jar;C:\Program Files\Java\jdk1.8.0_202\jre\lib\ext\dnsns.jar;C:\Program Files\Java\jdk1.8.0_202\jre\lib\ext\jaccess.jar;C:\Program Files\Java\jdk1.8.0_202\jre\lib\ext\jfxrt.jar;C:\Program Files\Java\jdk1.8.0_202\jre\lib\ext\localedata.jar;C:\Program Files\Java\jdk1.8.0_202\jre\lib\ext\nashorn.jar;C:\Program Files\Java\jdk1.8.0_202\jre\lib\ext\sunec.jar;C:\Program Files\Java\jdk1.8.0_202\jre\lib\ext\sunjce_provider.jar;C:\Program Files\Java\jdk1.8.0_202\jre\lib\ext\sunmscapi.jar;C:\Program Files\Java\jdk1.8.0_202\jre\lib\ext\sunpkcs11.jar;C:\Program Files\Java\jdk1.8.0_202\jre\lib\ext\zipfs.jar;C:\Program Files\Java\jdk1.8.0_202\jre\lib\javaws.jar;C:\Program Files\Java\jdk1.8.0_202\jre\lib\jce.jar;C:\Program Files\Java\jdk1.8.0_202\jre\lib\jfr.jar;C:\Program Files\Java\jdk1.8.0_202\jre\lib\jfxswt.jar;C:\Program Files\Java\jdk1.8.0_202\jre\lib\jsse.jar;C:\Program Files\Java\jdk1.8.0_202\jre\lib\management-agent.jar;C:\Program Files\Java\jdk1.8.0_202\jre\lib\plugin.jar;C:\Program Files\Java\jdk1.8.0_202\jre\lib\resources.jar;C:\Program Files\Java\jdk1.8.0_202\jre\lib\rt.jar;C:\Users\testinium\IdeaProjects\Ozdilek\target\test-classes;C:\Users\testinium\.m2\repository\junit\junit\4.12\junit-4.12.jar;C:\Users\testinium\.m2\repository\org\hamcrest\hamcrest-core\1.3\hamcrest-core-1.3.jar;C:\Users\testinium\.m2\repository\com\thoughtworks\gauge\gauge-java\0.8.1\gauge-java-0.8.1.jar;C:\Users\testinium\.m2\repository\org\assertj\assertj-core\3.22.0\assertj-core-3.22.0.jar;C:\Users\testinium\.m2\repository\org\reflections\reflections\0.10.2\reflections-0.10.2.jar;C:\Users\testinium\.m2\repository\org\javassist\javassist\3.28.0-GA\javassist-3.28.0-GA.jar;C:\Users\testinium\.m2\repository\com\google\code\findbugs\jsr305\3.0.2\jsr305-3.0.2.jar;C:\Users\testinium\.m2\repository\com\github\javaparser\javaparser-core\3.16.3\javaparser-core-3.16.3.jar;C:\Users\testinium\.m2\repository\commons-io\commons-io\2.11.0\commons-io-2.11.0.jar;C:\Users\testinium\.m2\repository\commons-lang\commons-lang\2.6\commons-lang-2.6.jar;C:\Users\testinium\.m2\repository\org\json\json\20211205\json-20211205.jar;C:\Users\testinium\.m2\repository\com\google\protobuf\protobuf-java\3.19.3\protobuf-java-3.19.3.jar;C:\Users\testinium\.m2\repository\com\google\guava\guava\30.1.1-jre\guava-30.1.1-jre.jar;C:\Users\testinium\.m2\repository\com\google\guava\failureaccess\1.0.1\failureaccess-1.0.1.jar;C:\Users\testinium\.m2\repository\com\google\guava\listenablefuture\9999.0-empty-to-avoid-conflict-with-guava\listenablefuture-9999.0-empty-to-avoid-conflict-with-guava.jar;C:\Users\testinium\.m2\repository\org\checkerframework\checker-qual\3.8.0\checker-qual-3.8.0.jar;C:\Users\testinium\.m2\repository\com\google\errorprone\error_prone_annotations\2.5.1\error_prone_annotations-2.5.1.jar;C:\Users\testinium\.m2\repository\com\google\j2objc\j2objc-annotations\1.3\j2objc-annotations-1.3.jar;C:\Users\testinium\.m2\repository\io\grpc\grpc-netty-shaded\1.43.2\grpc-netty-shaded-1.43.2.jar;C:\Users\testinium\.m2\repository\io\perfmark\perfmark-api\0.23.0\perfmark-api-0.23.0.jar;C:\Users\testinium\.m2\repository\io\grpc\grpc-core\1.43.2\grpc-core-1.43.2.jar;C:\Users\testinium\.m2\repository\com\google\android\annotations\4.1.1.4\annotations-4.1.1.4.jar;C:\Users\testinium\.m2\repository\org\codehaus\mojo\animal-sniffer-annotations\1.19\animal-sniffer-annotations-1.19.jar;C:\Users\testinium\.m2\repository\io\grpc\grpc-protobuf\1.43.2\grpc-protobuf-1.43.2.jar;C:\Users\testinium\.m2\repository\io\grpc\grpc-api\1.43.2\grpc-api-1.43.2.jar;C:\Users\testinium\.m2\repository\io\grpc\grpc-context\1.43.2\grpc-context-1.43.2.jar;C:\Users\testinium\.m2\repository\com\google\api\grpc\proto-google-common-protos\2.0.1\proto-google-common-protos-2.0.1.jar;C:\Users\testinium\.m2\repository\io\grpc\grpc-protobuf-lite\1.43.2\grpc-protobuf-lite-1.43.2.jar;C:\Users\testinium\.m2\repository\io\grpc\grpc-stub\1.43.2\grpc-stub-1.43.2.jar;C:\Users\testinium\.m2\repository\javax\annotation\javax.annotation-api\1.3.2\javax.annotation-api-1.3.2.jar;C:\Users\testinium\.m2\repository\org\slf4j\slf4j-log4j12\1.7.30\slf4j-log4j12-1.7.30.jar;C:\Users\testinium\.m2\repository\log4j\log4j\1.2.17\log4j-1.2.17.jar;C:\Users\testinium\.m2\repository\org\apache\logging\log4j\log4j-core\2.17.1\log4j-core-2.17.1.jar;C:\Users\testinium\.m2\repository\org\apache\logging\log4j\log4j-api\2.17.1\log4j-api-2.17.1.jar;C:\Users\testinium\.m2\repository\io\appium\java-client\7.3.0\java-client-7.3.0.jar;C:\Users\testinium\.m2\repository\org\seleniumhq\selenium\selenium-java\3.141.59\selenium-java-3.141.59.jar;C:\Users\testinium\.m2\repository\org\seleniumhq\selenium\selenium-chrome-driver\3.141.59\selenium-chrome-driver-3.141.59.jar;C:\Users\testinium\.m2\repository\org\seleniumhq\selenium\selenium-edge-driver\3.141.59\selenium-edge-driver-3.141.59.jar;C:\Users\testinium\.m2\repository\org\seleniumhq\selenium\selenium-firefox-driver\3.141.59\selenium-firefox-driver-3.141.59.jar;C:\Users\testinium\.m2\repository\org\seleniumhq\selenium\selenium-ie-driver\3.141.59\selenium-ie-driver-3.141.59.jar;C:\Users\testinium\.m2\repository\org\seleniumhq\selenium\selenium-opera-driver\3.141.59\selenium-opera-driver-3.141.59.jar;C:\Users\testinium\.m2\repository\org\seleniumhq\selenium\selenium-remote-driver\3.141.59\selenium-remote-driver-3.141.59.jar;C:\Users\testinium\.m2\repository\org\seleniumhq\selenium\selenium-safari-driver\3.141.59\selenium-safari-driver-3.141.59.jar;C:\Users\testinium\.m2\repository\net\bytebuddy\byte-buddy\1.8.15\byte-buddy-1.8.15.jar;C:\Users\testinium\.m2\repository\org\apache\commons\commons-exec\1.3\commons-exec-1.3.jar;C:\Users\testinium\.m2\repository\com\squareup\okhttp3\okhttp\3.11.0\okhttp-3.11.0.jar;C:\Users\testinium\.m2\repository\com\squareup\okio\okio\1.14.0\okio-1.14.0.jar;C:\Users\testinium\.m2\repository\org\seleniumhq\selenium\selenium-support\3.141.59\selenium-support-3.141.59.jar;C:\Users\testinium\.m2\repository\org\seleniumhq\selenium\selenium-api\3.141.59\selenium-api-3.141.59.jar;C:\Users\testinium\.m2\repository\com\google\code\gson\gson\2.8.5\gson-2.8.5.jar;C:\Users\testinium\.m2\repository\org\apache\httpcomponents\httpclient\4.5.9\httpclient-4.5.9.jar;C:\Users\testinium\.m2\repository\org\apache\httpcomponents\httpcore\4.4.11\httpcore-4.4.11.jar;C:\Users\testinium\.m2\repository\commons-logging\commons-logging\1.2\commons-logging-1.2.jar;C:\Users\testinium\.m2\repository\commons-codec\commons-codec\1.11\commons-codec-1.11.jar;C:\Users\testinium\.m2\repository\cglib\cglib\3.2.12\cglib-3.2.12.jar;C:\Users\testinium\.m2\repository\org\ow2\asm\asm\7.1\asm-7.1.jar;C:\Users\testinium\.m2\repository\commons-validator\commons-validator\1.6\commons-validator-1.6.jar;C:\Users\testinium\.m2\repository\commons-beanutils\commons-beanutils\1.9.2\commons-beanutils-1.9.2.jar;C:\Users\testinium\.m2\repository\commons-digester\commons-digester\1.8.1\commons-digester-1.8.1.jar;C:\Users\testinium\.m2\repository\commons-collections\commons-collections\3.2.2\commons-collections-3.2.2.jar;C:\Users\testinium\.m2\repository\org\apache\commons\commons-lang3\3.9\commons-lang3-3.9.jar;C:\Users\testinium\.m2\repository\org\springframework\spring-context\5.1.8.RELEASE\spring-context-5.1.8.RELEASE.jar;C:\Users\testinium\.m2\repository\org\springframework\spring-aop\5.1.8.RELEASE\spring-aop-5.1.8.RELEASE.jar;C:\Users\testinium\.m2\repository\org\springframework\spring-beans\5.1.8.RELEASE\spring-beans-5.1.8.RELEASE.jar;C:\Users\testinium\.m2\repository\org\springframework\spring-core\5.1.8.RELEASE\spring-core-5.1.8.RELEASE.jar;C:\Users\testinium\.m2\repository\org\springframework\spring-jcl\5.1.8.RELEASE\spring-jcl-5.1.8.RELEASE.jar;C:\Users\testinium\.m2\repository\org\springframework\spring-expression\5.1.8.RELEASE\spring-expression-5.1.8.RELEASE.jar;C:\Users\testinium\.m2\repository\org\aspectj\aspectjweaver\1.9.4\aspectjweaver-1.9.4.jar;C:\Users\testinium\.m2\repository\org\slf4j\slf4j-api\1.7.30\slf4j-api-1.7.30.jar
04-04-2022 12:13:22.735 [java] [CRITICAL] process C:\Program Files\Java\jdk1.8.0_202\jre\bin\java.exe with pid 12264 quit unexpectedly. exit status 1
04-04-2022 12:13:22.742 [Gauge] [DEBUG] Runner connection error: Runner with pid 12068 quit unexpectedly(exit status 1)
04-04-2022 12:13:22.742 [Gauge] [DEBUG] Error while killing runner: invalid argument
04-04-2022 12:13:22.742 [Gauge] [CRITICAL] Failed to start gauge API: Runner with pid 12068 quit unexpectedly(exit status 1)
04-04-2022 12:15:24.227 [Gauge] [DEBUG] Created gauge_screenshots_dir at C:\Users\testinium\IdeaProjects\Ozdilek\.gauge\screenshots
04-04-2022 12:15:24.229 [Gauge] [DEBUG] Plugin java is already installed.
04-04-2022 12:15:24.230 [Gauge] [DEBUG] Plugin html-report is already installed.
04-04-2022 12:15:24.231 [Gauge] [DEBUG] Parsing started.
04-04-2022 12:15:24.231 [Gauge] [DEBUG] Started concepts parsing.
04-04-2022 12:15:24.238 [Gauge] [ERROR] Concept parse failure: C:\Users\testinium\IdeaProjects\Ozdilek\specs\Ozdilek\Concepts\BuyPage.cpt C:\Users\testinium\IdeaProjects\Ozdilek\specs\Ozdilek\Concepts\LoginPage.cpt:14 Concept heading can have only Dynamic Parameters => 'Kullanıcı adı kısmına "Güngör" şifre kısmına "123" girildi.'
04-04-2022 12:15:24.238 [Gauge] [ERROR] Concept parse failure: C:\Users\testinium\IdeaProjects\Ozdilek\specs\Ozdilek\Concepts\BuyPage.cpt C:\Users\testinium\IdeaProjects\Ozdilek\specs\Ozdilek\Concepts\LoginPage.cpt:15 Step is not defined inside a concept heading => '"1" saniye kadar bekle'
04-04-2022 12:15:24.238 [Gauge] [ERROR] Concept parse failure: C:\Users\testinium\IdeaProjects\Ozdilek\specs\Ozdilek\Concepts\BuyPage.cpt C:\Users\testinium\IdeaProjects\Ozdilek\specs\Ozdilek\Concepts\LoginPage.cpt:16 Step is not defined inside a concept heading => 'Id "com.ozdilek.ozdilekteyim:id/etEposta" li elementi bul ve <k_adi> değerini gir'
04-04-2022 12:15:24.238 [Gauge] [ERROR] Concept parse failure: C:\Users\testinium\IdeaProjects\Ozdilek\specs\Ozdilek\Concepts\BuyPage.cpt C:\Users\testinium\IdeaProjects\Ozdilek\specs\Ozdilek\Concepts\LoginPage.cpt:17 Step is not defined inside a concept heading => 'Id "com.ozdilek.ozdilekteyim:id/etPassword" li elementi bul ve <password> değerini gir'
04-04-2022 12:15:24.238 [Gauge] [ERROR] Concept parse failure: C:\Users\testinium\IdeaProjects\Ozdilek\specs\Ozdilek\Concepts\BuyPage.cpt C:\Users\testinium\IdeaProjects\Ozdilek\specs\Ozdilek\Concepts\LoginPage.cpt:18 Step is not defined inside a concept heading => '"1" saniye kadar bekle'
04-04-2022 12:15:24.238 [Gauge] [ERROR] Concept parse failure: C:\Users\testinium\IdeaProjects\Ozdilek\specs\Ozdilek\Concepts\BuyPage.cpt C:\Users\testinium\IdeaProjects\Ozdilek\specs\Ozdilek\Concepts\ShopPage.cpt:7 Duplicate concept definition found => 'Sayfa Doğrulandı.'
04-04-2022 12:15:24.238 [Gauge] [ERROR] Concept parse failure: C:\Users\testinium\IdeaProjects\Ozdilek\specs\Ozdilek\Concepts\BuyPage.cpt C:\Users\testinium\IdeaProjects\Ozdilek\specs\Ozdilek\Concepts\MainPage.cpt:13 Duplicate concept definition found => 'Sayfa Doğrulandı.'
04-04-2022 12:15:24.238 [Gauge] [ERROR] [ParseError] C:\Users\testinium\IdeaProjects\Ozdilek\specs\Ozdilek\Concepts\LoginPage.cpt:14 Concept heading can have only Dynamic Parameters => 'Kullanıcı adı kısmına "Güngör" şifre kısmına "123" girildi.'
04-04-2022 12:15:24.238 [Gauge] [ERROR] [ParseError] C:\Users\testinium\IdeaProjects\Ozdilek\specs\Ozdilek\Concepts\LoginPage.cpt:15 Step is not defined inside a concept heading => '"1" saniye kadar bekle'
04-04-2022 12:15:24.238 [Gauge] [ERROR] [ParseError] C:\Users\testinium\IdeaProjects\Ozdilek\specs\Ozdilek\Concepts\LoginPage.cpt:16 Step is not defined inside a concept heading => 'Id "com.ozdilek.ozdilekteyim:id/etEposta" li elementi bul ve <k_adi> değerini gir'
04-04-2022 12:15:24.238 [Gauge] [ERROR] [ParseError] C:\Users\testinium\IdeaProjects\Ozdilek\specs\Ozdilek\Concepts\LoginPage.cpt:17 Step is not defined inside a concept heading => 'Id "com.ozdilek.ozdilekteyim:id/etPassword" li elementi bul ve <password> değerini gir'
04-04-2022 12:15:24.238 [Gauge] [ERROR] [ParseError] C:\Users\testinium\IdeaProjects\Ozdilek\specs\Ozdilek\Concepts\LoginPage.cpt:18 Step is not defined inside a concept heading => '"1" saniye kadar bekle'
04-04-2022 12:15:24.238 [Gauge] [ERROR] [ParseError] C:\Users\testinium\IdeaProjects\Ozdilek\specs\Ozdilek\Concepts\ShopPage.cpt:7 Duplicate concept definition found => 'Sayfa Doğrulandı.'
04-04-2022 12:15:24.238 [Gauge] [ERROR] [ParseError] C:\Users\testinium\IdeaProjects\Ozdilek\specs\Ozdilek\Concepts\MainPage.cpt:13 Duplicate concept definition found => 'Sayfa Doğrulandı.'
04-04-2022 12:15:24.238 [Gauge] [ERROR] [ParseError] C:\Users\testinium\IdeaProjects\Ozdilek\specs\Ozdilek\Concepts\ProductPage.cpt:4 Circular reference found in concept. "Rastgele bir ürün seçildi." => C:\Users\testinium\IdeaProjects\Ozdilek\specs\Ozdilek\Concepts\ProductPage.cpt:3 => 'Rastgele bir ürün seçildi.'
04-04-2022 12:15:24.238 [Gauge] [ERROR] [ParseError] C:\Users\testinium\IdeaProjects\Ozdilek\specs\Ozdilek\Concepts\ProductPage.cpt:3 Circular reference found in concept. "Rastgele bir ürün seçildi." => C:\Users\testinium\IdeaProjects\Ozdilek\specs\Ozdilek\Concepts\ProductPage.cpt:4 => 'Rastgele bir ürün seçildi.'
04-04-2022 12:15:24.238 [Gauge] [DEBUG] 12 concepts parsing completed.
04-04-2022 12:15:24.238 [Gauge] [DEBUG] Started specifications parsing.
04-04-2022 12:15:24.239 [Gauge] [DEBUG] 1 specifications parsing completed.
04-04-2022 12:15:24.239 [Gauge] [DEBUG] Parsing completed.
04-04-2022 12:15:24.240 [Gauge] [DEBUG] Staring java runner
04-04-2022 12:15:24.280 [java] [DEBUG] classpath set to C:\Program Files\Java\jdk1.8.0_202\jre\lib\charsets.jar;C:\Program Files\Java\jdk1.8.0_202\jre\lib\deploy.jar;C:\Program Files\Java\jdk1.8.0_202\jre\lib\ext\access-bridge-64.jar;C:\Program Files\Java\jdk1.8.0_202\jre\lib\ext\cldrdata.jar;C:\Program Files\Java\jdk1.8.0_202\jre\lib\ext\dnsns.jar;C:\Program Files\Java\jdk1.8.0_202\jre\lib\ext\jaccess.jar;C:\Program Files\Java\jdk1.8.0_202\jre\lib\ext\jfxrt.jar;C:\Program Files\Java\jdk1.8.0_202\jre\lib\ext\localedata.jar;C:\Program Files\Java\jdk1.8.0_202\jre\lib\ext\nashorn.jar;C:\Program Files\Java\jdk1.8.0_202\jre\lib\ext\sunec.jar;C:\Program Files\Java\jdk1.8.0_202\jre\lib\ext\sunjce_provider.jar;C:\Program Files\Java\jdk1.8.0_202\jre\lib\ext\sunmscapi.jar;C:\Program Files\Java\jdk1.8.0_202\jre\lib\ext\sunpkcs11.jar;C:\Program Files\Java\jdk1.8.0_202\jre\lib\ext\zipfs.jar;C:\Program Files\Java\jdk1.8.0_202\jre\lib\javaws.jar;C:\Program Files\Java\jdk1.8.0_202\jre\lib\jce.jar;C:\Program Files\Java\jdk1.8.0_202\jre\lib\jfr.jar;C:\Program Files\Java\jdk1.8.0_202\jre\lib\jfxswt.jar;C:\Program Files\Java\jdk1.8.0_202\jre\lib\jsse.jar;C:\Program Files\Java\jdk1.8.0_202\jre\lib\management-agent.jar;C:\Program Files\Java\jdk1.8.0_202\jre\lib\plugin.jar;C:\Program Files\Java\jdk1.8.0_202\jre\lib\resources.jar;C:\Program Files\Java\jdk1.8.0_202\jre\lib\rt.jar;C:\Users\testinium\IdeaProjects\Ozdilek\target\test-classes;C:\Users\testinium\.m2\repository\junit\junit\4.12\junit-4.12.jar;C:\Users\testinium\.m2\repository\org\hamcrest\hamcrest-core\1.3\hamcrest-core-1.3.jar;C:\Users\testinium\.m2\repository\com\thoughtworks\gauge\gauge-java\0.8.1\gauge-java-0.8.1.jar;C:\Users\testinium\.m2\repository\org\assertj\assertj-core\3.22.0\assertj-core-3.22.0.jar;C:\Users\testinium\.m2\repository\org\reflections\reflections\0.10.2\reflections-0.10.2.jar;C:\Users\testinium\.m2\repository\org\javassist\javassist\3.28.0-GA\javassist-3.28.0-GA.jar;C:\Users\testinium\.m2\repository\com\google\code\findbugs\jsr305\3.0.2\jsr305-3.0.2.jar;C:\Users\testinium\.m2\repository\com\github\javaparser\javaparser-core\3.16.3\javaparser-core-3.16.3.jar;C:\Users\testinium\.m2\repository\commons-io\commons-io\2.11.0\commons-io-2.11.0.jar;C:\Users\testinium\.m2\repository\commons-lang\commons-lang\2.6\commons-lang-2.6.jar;C:\Users\testinium\.m2\repository\org\json\json\20211205\json-20211205.jar;C:\Users\testinium\.m2\repository\com\google\protobuf\protobuf-java\3.19.3\protobuf-java-3.19.3.jar;C:\Users\testinium\.m2\repository\com\google\guava\guava\30.1.1-jre\guava-30.1.1-jre.jar;C:\Users\testinium\.m2\repository\com\google\guava\failureaccess\1.0.1\failureaccess-1.0.1.jar;C:\Users\testinium\.m2\repository\com\google\guava\listenablefuture\9999.0-empty-to-avoid-conflict-with-guava\listenablefuture-9999.0-empty-to-avoid-conflict-with-guava.jar;C:\Users\testinium\.m2\repository\org\checkerframework\checker-qual\3.8.0\checker-qual-3.8.0.jar;C:\Users\testinium\.m2\repository\com\google\errorprone\error_prone_annotations\2.5.1\error_prone_annotations-2.5.1.jar;C:\Users\testinium\.m2\repository\com\google\j2objc\j2objc-annotations\1.3\j2objc-annotations-1.3.jar;C:\Users\testinium\.m2\repository\io\grpc\grpc-netty-shaded\1.43.2\grpc-netty-shaded-1.43.2.jar;C:\Users\testinium\.m2\repository\io\perfmark\perfmark-api\0.23.0\perfmark-api-0.23.0.jar;C:\Users\testinium\.m2\repository\io\grpc\grpc-core\1.43.2\grpc-core-1.43.2.jar;C:\Users\testinium\.m2\repository\com\google\android\annotations\4.1.1.4\annotations-4.1.1.4.jar;C:\Users\testinium\.m2\repository\org\codehaus\mojo\animal-sniffer-annotations\1.19\animal-sniffer-annotations-1.19.jar;C:\Users\testinium\.m2\repository\io\grpc\grpc-protobuf\1.43.2\grpc-protobuf-1.43.2.jar;C:\Users\testinium\.m2\repository\io\grpc\grpc-api\1.43.2\grpc-api-1.43.2.jar;C:\Users\testinium\.m2\repository\io\grpc\grpc-context\1.43.2\grpc-context-1.43.2.jar;C:\Users\testinium\.m2\repository\com\google\api\grpc\proto-google-common-protos\2.0.1\proto-google-common-protos-2.0.1.jar;C:\Users\testinium\.m2\repository\io\grpc\grpc-protobuf-lite\1.43.2\grpc-protobuf-lite-1.43.2.jar;C:\Users\testinium\.m2\repository\io\grpc\grpc-stub\1.43.2\grpc-stub-1.43.2.jar;C:\Users\testinium\.m2\repository\javax\annotation\javax.annotation-api\1.3.2\javax.annotation-api-1.3.2.jar;C:\Users\testinium\.m2\repository\org\slf4j\slf4j-log4j12\1.7.30\slf4j-log4j12-1.7.30.jar;C:\Users\testinium\.m2\repository\log4j\log4j\1.2.17\log4j-1.2.17.jar;C:\Users\testinium\.m2\repository\org\apache\logging\log4j\log4j-core\2.17.1\log4j-core-2.17.1.jar;C:\Users\testinium\.m2\repository\org\apache\logging\log4j\log4j-api\2.17.1\log4j-api-2.17.1.jar;C:\Users\testinium\.m2\repository\io\appium\java-client\7.3.0\java-client-7.3.0.jar;C:\Users\testinium\.m2\repository\org\seleniumhq\selenium\selenium-java\3.141.59\selenium-java-3.141.59.jar;C:\Users\testinium\.m2\repository\org\seleniumhq\selenium\selenium-chrome-driver\3.141.59\selenium-chrome-driver-3.141.59.jar;C:\Users\testinium\.m2\repository\org\seleniumhq\selenium\selenium-edge-driver\3.141.59\selenium-edge-driver-3.141.59.jar;C:\Users\testinium\.m2\repository\org\seleniumhq\selenium\selenium-firefox-driver\3.141.59\selenium-firefox-driver-3.141.59.jar;C:\Users\testinium\.m2\repository\org\seleniumhq\selenium\selenium-ie-driver\3.141.59\selenium-ie-driver-3.141.59.jar;C:\Users\testinium\.m2\repository\org\seleniumhq\selenium\selenium-opera-driver\3.141.59\selenium-opera-driver-3.141.59.jar;C:\Users\testinium\.m2\repository\org\seleniumhq\selenium\selenium-remote-driver\3.141.59\selenium-remote-driver-3.141.59.jar;C:\Users\testinium\.m2\repository\org\seleniumhq\selenium\selenium-safari-driver\3.141.59\selenium-safari-driver-3.141.59.jar;C:\Users\testinium\.m2\repository\net\bytebuddy\byte-buddy\1.8.15\byte-buddy-1.8.15.jar;C:\Users\testinium\.m2\repository\org\apache\commons\commons-exec\1.3\commons-exec-1.3.jar;C:\Users\testinium\.m2\repository\com\squareup\okhttp3\okhttp\3.11.0\okhttp-3.11.0.jar;C:\Users\testinium\.m2\repository\com\squareup\okio\okio\1.14.0\okio-1.14.0.jar;C:\Users\testinium\.m2\repository\org\seleniumhq\selenium\selenium-support\3.141.59\selenium-support-3.141.59.jar;C:\Users\testinium\.m2\repository\org\seleniumhq\selenium\selenium-api\3.141.59\selenium-api-3.141.59.jar;C:\Users\testinium\.m2\repository\com\google\code\gson\gson\2.8.5\gson-2.8.5.jar;C:\Users\testinium\.m2\repository\org\apache\httpcomponents\httpclient\4.5.9\httpclient-4.5.9.jar;C:\Users\testinium\.m2\repository\org\apache\httpcomponents\httpcore\4.4.11\httpcore-4.4.11.jar;C:\Users\testinium\.m2\repository\commons-logging\commons-logging\1.2\commons-logging-1.2.jar;C:\Users\testinium\.m2\repository\commons-codec\commons-codec\1.11\commons-codec-1.11.jar;C:\Users\testinium\.m2\repository\cglib\cglib\3.2.12\cglib-3.2.12.jar;C:\Users\testinium\.m2\repository\org\ow2\asm\asm\7.1\asm-7.1.jar;C:\Users\testinium\.m2\repository\commons-validator\commons-validator\1.6\commons-validator-1.6.jar;C:\Users\testinium\.m2\repository\commons-beanutils\commons-beanutils\1.9.2\commons-beanutils-1.9.2.jar;C:\Users\testinium\.m2\repository\commons-digester\commons-digester\1.8.1\commons-digester-1.8.1.jar;C:\Users\testinium\.m2\repository\commons-collections\commons-collections\3.2.2\commons-collections-3.2.2.jar;C:\Users\testinium\.m2\repository\org\apache\commons\commons-lang3\3.9\commons-lang3-3.9.jar;C:\Users\testinium\.m2\repository\org\springframework\spring-context\5.1.8.RELEASE\spring-context-5.1.8.RELEASE.jar;C:\Users\testinium\.m2\repository\org\springframework\spring-aop\5.1.8.RELEASE\spring-aop-5.1.8.RELEASE.jar;C:\Users\testinium\.m2\repository\org\springframework\spring-beans\5.1.8.RELEASE\spring-beans-5.1.8.RELEASE.jar;C:\Users\testinium\.m2\repository\org\springframework\spring-core\5.1.8.RELEASE\spring-core-5.1.8.RELEASE.jar;C:\Users\testinium\.m2\repository\org\springframework\spring-jcl\5.1.8.RELEASE\spring-jcl-5.1.8.RELEASE.jar;C:\Users\testinium\.m2\repository\org\springframework\spring-expression\5.1.8.RELEASE\spring-expression-5.1.8.RELEASE.jar;C:\Users\testinium\.m2\repository\org\aspectj\aspectjweaver\1.9.4\aspectjweaver-1.9.4.jar;C:\Users\testinium\.m2\repository\org\slf4j\slf4j-api\1.7.30\slf4j-api-1.7.30.jar
04-04-2022 12:15:24.689 [java] [CRITICAL] process C:\Program Files\Java\jdk1.8.0_202\jre\bin\java.exe with pid 11316 quit unexpectedly. exit status 1
04-04-2022 12:15:24.697 [Gauge] [DEBUG] Runner connection error: Runner with pid 11476 quit unexpectedly(exit status 1)
04-04-2022 12:15:24.697 [Gauge] [DEBUG] Error while killing runner: invalid argument
04-04-2022 12:15:24.697 [Gauge] [CRITICAL] Failed to start gauge API: Runner with pid 11476 quit unexpectedly(exit status 1)
04-04-2022 12:22:24.758 [Gauge] [DEBUG] Created gauge_screenshots_dir at C:\Users\testinium\IdeaProjects\Ozdilek\.gauge\screenshots
04-04-2022 12:22:24.763 [Gauge] [DEBUG] Plugin java is already installed.
04-04-2022 12:22:24.764 [Gauge] [DEBUG] Plugin html-report is already installed.
04-04-2022 12:22:24.765 [Gauge] [DEBUG] Parsing started.
04-04-2022 12:22:24.765 [Gauge] [DEBUG] Started concepts parsing.
04-04-2022 12:22:24.779 [Gauge] [ERROR] Concept parse failure: C:\Users\testinium\IdeaProjects\Ozdilek\specs\Ozdilek\Concepts\ProductPage.cpt C:\Users\testinium\IdeaProjects\Ozdilek\specs\Ozdilek\Concepts\LoginPage.cpt:14 Concept heading can have only Dynamic Parameters => 'Kullanıcı adı kısmına "Güngör" şifre kısmına "123" girildi.'
04-04-2022 12:22:24.779 [Gauge] [ERROR] Concept parse failure: C:\Users\testinium\IdeaProjects\Ozdilek\specs\Ozdilek\Concepts\ProductPage.cpt C:\Users\testinium\IdeaProjects\Ozdilek\specs\Ozdilek\Concepts\LoginPage.cpt:15 Step is not defined inside a concept heading => '"1" saniye kadar bekle'
04-04-2022 12:22:24.779 [Gauge] [ERROR] Concept parse failure: C:\Users\testinium\IdeaProjects\Ozdilek\specs\Ozdilek\Concepts\ProductPage.cpt C:\Users\testinium\IdeaProjects\Ozdilek\specs\Ozdilek\Concepts\LoginPage.cpt:16 Step is not defined inside a concept heading => 'Id "com.ozdilek.ozdilekteyim:id/etEposta" li elementi bul ve <k_adi> değerini gir'
04-04-2022 12:22:24.779 [Gauge] [ERROR] Concept parse failure: C:\Users\testinium\IdeaProjects\Ozdilek\specs\Ozdilek\Concepts\ProductPage.cpt C:\Users\testinium\IdeaProjects\Ozdilek\specs\Ozdilek\Concepts\LoginPage.cpt:17 Step is not defined inside a concept heading => 'Id "com.ozdilek.ozdilekteyim:id/etPassword" li elementi bul ve <password> değerini gir'
04-04-2022 12:22:24.779 [Gauge] [ERROR] Concept parse failure: C:\Users\testinium\IdeaProjects\Ozdilek\specs\Ozdilek\Concepts\ProductPage.cpt C:\Users\testinium\IdeaProjects\Ozdilek\specs\Ozdilek\Concepts\LoginPage.cpt:18 Step is not defined inside a concept heading => '"1" saniye kadar bekle'
04-04-2022 12:22:24.779 [Gauge] [ERROR] Concept parse failure: C:\Users\testinium\IdeaProjects\Ozdilek\specs\Ozdilek\Concepts\ProductPage.cpt C:\Users\testinium\IdeaProjects\Ozdilek\specs\Ozdilek\Concepts\MainPage.cpt:13 Duplicate concept definition found => 'Sayfa Doğrulandı.'
04-04-2022 12:22:24.779 [Gauge] [ERROR] Concept parse failure: C:\Users\testinium\IdeaProjects\Ozdilek\specs\Ozdilek\Concepts\ProductPage.cpt C:\Users\testinium\IdeaProjects\Ozdilek\specs\Ozdilek\Concepts\ShopPage.cpt:7 Duplicate concept definition found => 'Sayfa Doğrulandı.'
04-04-2022 12:22:24.779 [Gauge] [ERROR] [ParseError] C:\Users\testinium\IdeaProjects\Ozdilek\specs\Ozdilek\Concepts\LoginPage.cpt:14 Concept heading can have only Dynamic Parameters => 'Kullanıcı adı kısmına "Güngör" şifre kısmına "123" girildi.'
04-04-2022 12:22:24.779 [Gauge] [ERROR] [ParseError] C:\Users\testinium\IdeaProjects\Ozdilek\specs\Ozdilek\Concepts\LoginPage.cpt:15 Step is not defined inside a concept heading => '"1" saniye kadar bekle'
04-04-2022 12:22:24.779 [Gauge] [ERROR] [ParseError] C:\Users\testinium\IdeaProjects\Ozdilek\specs\Ozdilek\Concepts\LoginPage.cpt:16 Step is not defined inside a concept heading => 'Id "com.ozdilek.ozdilekteyim:id/etEposta" li elementi bul ve <k_adi> değerini gir'
04-04-2022 12:22:24.779 [Gauge] [ERROR] [ParseError] C:\Users\testinium\IdeaProjects\Ozdilek\specs\Ozdilek\Concepts\LoginPage.cpt:17 Step is not defined inside a concept heading => 'Id "com.ozdilek.ozdilekteyim:id/etPassword" li elementi bul ve <password> değerini gir'
04-04-2022 12:22:24.779 [Gauge] [ERROR] [ParseError] C:\Users\testinium\IdeaProjects\Ozdilek\specs\Ozdilek\Concepts\LoginPage.cpt:18 Step is not defined inside a concept heading => '"1" saniye kadar bekle'
04-04-2022 12:22:24.779 [Gauge] [ERROR] [ParseError] C:\Users\testinium\IdeaProjects\Ozdilek\specs\Ozdilek\Concepts\MainPage.cpt:13 Duplicate concept definition found => 'Sayfa Doğrulandı.'
04-04-2022 12:22:24.779 [Gauge] [ERROR] [ParseError] C:\Users\testinium\IdeaProjects\Ozdilek\specs\Ozdilek\Concepts\ShopPage.cpt:7 Duplicate concept definition found => 'Sayfa Doğrulandı.'
04-04-2022 12:22:24.780 [Gauge] [ERROR] [ParseError] C:\Users\testinium\IdeaProjects\Ozdilek\specs\Ozdilek\Concepts\ProductPage.cpt:4 Circular reference found in concept. "Rastgele bir ürün seçildi." => C:\Users\testinium\IdeaProjects\Ozdilek\specs\Ozdilek\Concepts\ProductPage.cpt:3 => 'Rastgele bir ürün seçildi.'
04-04-2022 12:22:24.780 [Gauge] [ERROR] [ParseError] C:\Users\testinium\IdeaProjects\Ozdilek\specs\Ozdilek\Concepts\ProductPage.cpt:3 Circular reference found in concept. "Rastgele bir ürün seçildi." => C:\Users\testinium\IdeaProjects\Ozdilek\specs\Ozdilek\Concepts\ProductPage.cpt:4 => 'Rastgele bir ürün seçildi.'
04-04-2022 12:22:24.780 [Gauge] [DEBUG] 12 concepts parsing completed.
04-04-2022 12:22:24.780 [Gauge] [DEBUG] Started specifications parsing.
04-04-2022 12:22:24.788 [Gauge] [DEBUG] 1 specifications parsing completed.
04-04-2022 12:22:24.788 [Gauge] [DEBUG] Parsing completed.
04-04-2022 12:22:24.791 [Gauge] [DEBUG] Staring java runner
04-04-2022 12:22:24.816 [java] [DEBUG] classpath set to C:\Users\testinium\.jdks\openjdk-18!\java.base;C:\Users\testinium\.jdks\openjdk-18!\java.compiler;C:\Users\testinium\.jdks\openjdk-18!\java.datatransfer;C:\Users\testinium\.jdks\openjdk-18!\java.desktop;C:\Users\testinium\.jdks\openjdk-18!\java.instrument;C:\Users\testinium\.jdks\openjdk-18!\java.logging;C:\Users\testinium\.jdks\openjdk-18!\java.management;C:\Users\testinium\.jdks\openjdk-18!\java.management.rmi;C:\Users\testinium\.jdks\openjdk-18!\java.naming;C:\Users\testinium\.jdks\openjdk-18!\java.net.http;C:\Users\testinium\.jdks\openjdk-18!\java.prefs;C:\Users\testinium\.jdks\openjdk-18!\java.rmi;C:\Users\testinium\.jdks\openjdk-18!\java.scripting;C:\Users\testinium\.jdks\openjdk-18!\java.se;C:\Users\testinium\.jdks\openjdk-18!\java.security.jgss;C:\Users\testinium\.jdks\openjdk-18!\java.security.sasl;C:\Users\testinium\.jdks\openjdk-18!\java.smartcardio;C:\Users\testinium\.jdks\openjdk-18!\java.sql;C:\Users\testinium\.jdks\openjdk-18!\java.sql.rowset;C:\Users\testinium\.jdks\openjdk-18!\java.transaction.xa;C:\Users\testinium\.jdks\openjdk-18!\java.xml;C:\Users\testinium\.jdks\openjdk-18!\java.xml.crypto;C:\Users\testinium\.jdks\openjdk-18!\jdk.accessibility;C:\Users\testinium\.jdks\openjdk-18!\jdk.attach;C:\Users\testinium\.jdks\openjdk-18!\jdk.charsets;C:\Users\testinium\.jdks\openjdk-18!\jdk.compiler;C:\Users\testinium\.jdks\openjdk-18!\jdk.crypto.cryptoki;C:\Users\testinium\.jdks\openjdk-18!\jdk.crypto.ec;C:\Users\testinium\.jdks\openjdk-18!\jdk.crypto.mscapi;C:\Users\testinium\.jdks\openjdk-18!\jdk.dynalink;C:\Users\testinium\.jdks\openjdk-18!\jdk.editpad;C:\Users\testinium\.jdks\openjdk-18!\jdk.hotspot.agent;C:\Users\testinium\.jdks\openjdk-18!\jdk.httpserver;C:\Users\testinium\.jdks\openjdk-18!\jdk.incubator.foreign;C:\Users\testinium\.jdks\openjdk-18!\jdk.incubator.vector;C:\Users\testinium\.jdks\openjdk-18!\jdk.internal.ed;C:\Users\testinium\.jdks\openjdk-18!\jdk.internal.jvmstat;C:\Users\testinium\.jdks\openjdk-18!\jdk.internal.le;C:\Users\testinium\.jdks\openjdk-18!\jdk.internal.opt;C:\Users\testinium\.jdks\openjdk-18!\jdk.internal.vm.ci;C:\Users\testinium\.jdks\openjdk-18!\jdk.internal.vm.compiler;C:\Users\testinium\.jdks\openjdk-18!\jdk.internal.vm.compiler.management;C:\Users\testinium\.jdks\openjdk-18!\jdk.jartool;C:\Users\testinium\.jdks\openjdk-18!\jdk.javadoc;C:\Users\testinium\.jdks\openjdk-18!\jdk.jcmd;C:\Users\testinium\.jdks\openjdk-18!\jdk.jconsole;C:\Users\testinium\.jdks\openjdk-18!\jdk.jdeps;C:\Users\testinium\.jdks\openjdk-18!\jdk.jdi;C:\Users\testinium\.jdks\openjdk-18!\jdk.jdwp.agent;C:\Users\testinium\.jdks\openjdk-18!\jdk.jfr;C:\Users\testinium\.jdks\openjdk-18!\jdk.jlink;C:\Users\testinium\.jdks\openjdk-18!\jdk.jpackage;C:\Users\testinium\.jdks\openjdk-18!\jdk.jshell;C:\Users\testinium\.jdks\openjdk-18!\jdk.jsobject;C:\Users\testinium\.jdks\openjdk-18!\jdk.jstatd;C:\Users\testinium\.jdks\openjdk-18!\jdk.localedata;C:\Users\testinium\.jdks\openjdk-18!\jdk.management;C:\Users\testinium\.jdks\openjdk-18!\jdk.management.agent;C:\Users\testinium\.jdks\openjdk-18!\jdk.management.jfr;C:\Users\testinium\.jdks\openjdk-18!\jdk.naming.dns;C:\Users\testinium\.jdks\openjdk-18!\jdk.naming.rmi;C:\Users\testinium\.jdks\openjdk-18!\jdk.net;C:\Users\testinium\.jdks\openjdk-18!\jdk.nio.mapmode;C:\Users\testinium\.jdks\openjdk-18!\jdk.random;C:\Users\testinium\.jdks\openjdk-18!\jdk.sctp;C:\Users\testinium\.jdks\openjdk-18!\jdk.security.auth;C:\Users\testinium\.jdks\openjdk-18!\jdk.security.jgss;C:\Users\testinium\.jdks\openjdk-18!\jdk.unsupported;C:\Users\testinium\.jdks\openjdk-18!\jdk.unsupported.desktop;C:\Users\testinium\.jdks\openjdk-18!\jdk.xml.dom;C:\Users\testinium\.jdks\openjdk-18!\jdk.zipfs;C:\Users\testinium\IdeaProjects\Ozdilek\target\test-classes;C:\Users\testinium\.m2\repository\junit\junit\4.12\junit-4.12.jar;C:\Users\testinium\.m2\repository\org\hamcrest\hamcrest-core\1.3\hamcrest-core-1.3.jar;C:\Users\testinium\.m2\repository\com\thoughtworks\gauge\gauge-java\0.8.1\gauge-java-0.8.1.jar;C:\Users\testinium\.m2\repository\org\assertj\assertj-core\3.22.0\assertj-core-3.22.0.jar;C:\Users\testinium\.m2\repository\org\reflections\reflections\0.10.2\reflections-0.10.2.jar;C:\Users\testinium\.m2\repository\org\javassist\javassist\3.28.0-GA\javassist-3.28.0-GA.jar;C:\Users\testinium\.m2\repository\com\google\code\findbugs\jsr305\3.0.2\jsr305-3.0.2.jar;C:\Users\testinium\.m2\repository\com\github\javaparser\javaparser-core\3.16.3\javaparser-core-3.16.3.jar;C:\Users\testinium\.m2\repository\commons-io\commons-io\2.11.0\commons-io-2.11.0.jar;C:\Users\testinium\.m2\repository\commons-lang\commons-lang\2.6\commons-lang-2.6.jar;C:\Users\testinium\.m2\repository\org\json\json\20211205\json-20211205.jar;C:\Users\testinium\.m2\repository\com\google\protobuf\protobuf-java\3.19.3\protobuf-java-3.19.3.jar;C:\Users\testinium\.m2\repository\com\google\guava\guava\30.1.1-jre\guava-30.1.1-jre.jar;C:\Users\testinium\.m2\repository\com\google\guava\failureaccess\1.0.1\failureaccess-1.0.1.jar;C:\Users\testinium\.m2\repository\com\google\guava\listenablefuture\9999.0-empty-to-avoid-conflict-with-guava\listenablefuture-9999.0-empty-to-avoid-conflict-with-guava.jar;C:\Users\testinium\.m2\repository\org\checkerframework\checker-qual\3.8.0\checker-qual-3.8.0.jar;C:\Users\testinium\.m2\repository\com\google\errorprone\error_prone_annotations\2.5.1\error_prone_annotations-2.5.1.jar;C:\Users\testinium\.m2\repository\com\google\j2objc\j2objc-annotations\1.3\j2objc-annotations-1.3.jar;C:\Users\testinium\.m2\repository\io\grpc\grpc-netty-shaded\1.43.2\grpc-netty-shaded-1.43.2.jar;C:\Users\testinium\.m2\repository\io\perfmark\perfmark-api\0.23.0\perfmark-api-0.23.0.jar;C:\Users\testinium\.m2\repository\io\grpc\grpc-core\1.43.2\grpc-core-1.43.2.jar;C:\Users\testinium\.m2\repository\com\google\android\annotations\4.1.1.4\annotations-4.1.1.4.jar;C:\Users\testinium\.m2\repository\org\codehaus\mojo\animal-sniffer-annotations\1.19\animal-sniffer-annotations-1.19.jar;C:\Users\testinium\.m2\repository\io\grpc\grpc-protobuf\1.43.2\grpc-protobuf-1.43.2.jar;C:\Users\testinium\.m2\repository\io\grpc\grpc-api\1.43.2\grpc-api-1.43.2.jar;C:\Users\testinium\.m2\repository\io\grpc\grpc-context\1.43.2\grpc-context-1.43.2.jar;C:\Users\testinium\.m2\repository\com\google\api\grpc\proto-google-common-protos\2.0.1\proto-google-common-protos-2.0.1.jar;C:\Users\testinium\.m2\repository\io\grpc\grpc-protobuf-lite\1.43.2\grpc-protobuf-lite-1.43.2.jar;C:\Users\testinium\.m2\repository\io\grpc\grpc-stub\1.43.2\grpc-stub-1.43.2.jar;C:\Users\testinium\.m2\repository\javax\annotation\javax.annotation-api\1.3.2\javax.annotation-api-1.3.2.jar;C:\Users\testinium\.m2\repository\org\slf4j\slf4j-log4j12\1.7.30\slf4j-log4j12-1.7.30.jar;C:\Users\testinium\.m2\repository\log4j\log4j\1.2.17\log4j-1.2.17.jar;C:\Users\testinium\.m2\repository\org\apache\logging\log4j\log4j-core\2.17.1\log4j-core-2.17.1.jar;C:\Users\testinium\.m2\repository\org\apache\logging\log4j\log4j-api\2.17.1\log4j-api-2.17.1.jar;C:\Users\testinium\.m2\repository\io\appium\java-client\7.3.0\java-client-7.3.0.jar;C:\Users\testinium\.m2\repository\org\seleniumhq\selenium\selenium-java\3.141.59\selenium-java-3.141.59.jar;C:\Users\testinium\.m2\repository\org\seleniumhq\selenium\selenium-chrome-driver\3.141.59\selenium-chrome-driver-3.141.59.jar;C:\Users\testinium\.m2\repository\org\seleniumhq\selenium\selenium-edge-driver\3.141.59\selenium-edge-driver-3.141.59.jar;C:\Users\testinium\.m2\repository\org\seleniumhq\selenium\selenium-firefox-driver\3.141.59\selenium-firefox-driver-3.141.59.jar;C:\Users\testinium\.m2\repository\org\seleniumhq\selenium\selenium-ie-driver\3.141.59\selenium-ie-driver-3.141.59.jar;C:\Users\testinium\.m2\repository\org\seleniumhq\selenium\selenium-opera-driver\3.141.59\selenium-opera-driver-3.141.59.jar;C:\Users\testinium\.m2\repository\org\seleniumhq\selenium\selenium-remote-driver\3.141.59\selenium-remote-driver-3.141.59.jar;C:\Users\testinium\.m2\repository\org\seleniumhq\selenium\selenium-safari-driver\3.141.59\selenium-safari-driver-3.141.59.jar;C:\Users\testinium\.m2\repository\net\bytebuddy\byte-buddy\1.8.15\byte-buddy-1.8.15.jar;C:\Users\testinium\.m2\repository\org\apache\commons\commons-exec\1.3\commons-exec-1.3.jar;C:\Users\testinium\.m2\repository\com\squareup\okhttp3\okhttp\3.11.0\okhttp-3.11.0.jar;C:\Users\testinium\.m2\repository\com\squareup\okio\okio\1.14.0\okio-1.14.0.jar;C:\Users\testinium\.m2\repository\org\seleniumhq\selenium\selenium-support\3.141.59\selenium-support-3.141.59.jar;C:\Users\testinium\.m2\repository\org\seleniumhq\selenium\selenium-api\3.141.59\selenium-api-3.141.59.jar;C:\Users\testinium\.m2\repository\com\google\code\gson\gson\2.8.5\gson-2.8.5.jar;C:\Users\testinium\.m2\repository\org\apache\httpcomponents\httpclient\4.5.9\httpclient-4.5.9.jar;C:\Users\testinium\.m2\repository\org\apache\httpcomponents\httpcore\4.4.11\httpcore-4.4.11.jar;C:\Users\testinium\.m2\repository\commons-logging\commons-logging\1.2\commons-logging-1.2.jar;C:\Users\testinium\.m2\repository\commons-codec\commons-codec\1.11\commons-codec-1.11.jar;C:\Users\testinium\.m2\repository\cglib\cglib\3.2.12\cglib-3.2.12.jar;C:\Users\testinium\.m2\repository\org\ow2\asm\asm\7.1\asm-7.1.jar;C:\Users\testinium\.m2\repository\commons-validator\commons-validator\1.6\commons-validator-1.6.jar;C:\Users\testinium\.m2\repository\commons-beanutils\commons-beanutils\1.9.2\commons-beanutils-1.9.2.jar;C:\Users\testinium\.m2\repository\commons-digester\commons-digester\1.8.1\commons-digester-1.8.1.jar;C:\Users\testinium\.m2\repository\commons-collections\commons-collections\3.2.2\commons-collections-3.2.2.jar;C:\Users\testinium\.m2\repository\org\apache\commons\commons-lang3\3.9\commons-lang3-3.9.jar;C:\Users\testinium\.m2\repository\org\springframework\spring-context\5.1.8.RELEASE\spring-context-5.1.8.RELEASE.jar;C:\Users\testinium\.m2\repository\org\springframework\spring-aop\5.1.8.RELEASE\spring-aop-5.1.8.RELEASE.jar;C:\Users\testinium\.m2\repository\org\springframework\spring-beans\5.1.8.RELEASE\spring-beans-5.1.8.RELEASE.jar;C:\Users\testinium\.m2\repository\org\springframework\spring-core\5.1.8.RELEASE\spring-core-5.1.8.RELEASE.jar;C:\Users\testinium\.m2\repository\org\springframework\spring-jcl\5.1.8.RELEASE\spring-jcl-5.1.8.RELEASE.jar;C:\Users\testinium\.m2\repository\org\springframework\spring-expression\5.1.8.RELEASE\spring-expression-5.1.8.RELEASE.jar;C:\Users\testinium\.m2\repository\org\aspectj\aspectjweaver\1.9.4\aspectjweaver-1.9.4.jar;C:\Users\testinium\.m2\repository\org\slf4j\slf4j-api\1.7.30\slf4j-api-1.7.30.jar
04-04-2022 12:22:25.176 [java] [CRITICAL] process C:\Program Files\Java\jdk1.8.0_202\jre\bin\java.exe with pid 3152 quit unexpectedly. exit status 1
04-04-2022 12:22:25.183 [Gauge] [DEBUG] Runner connection error: Runner with pid 12628 quit unexpectedly(exit status 1)
04-04-2022 12:22:25.183 [Gauge] [DEBUG] Error while killing runner: invalid argument
04-04-2022 12:22:25.183 [Gauge] [CRITICAL] Failed to start gauge API: Runner with pid 12628 quit unexpectedly(exit status 1)
04-04-2022 12:24:22.115 [Gauge] [DEBUG] Created gauge_screenshots_dir at C:\Users\testinium\IdeaProjects\Ozdilek\.gauge\screenshots
04-04-2022 12:24:22.120 [Gauge] [DEBUG] Plugin java is already installed.
04-04-2022 12:24:22.121 [Gauge] [DEBUG] Plugin html-report is already installed.
04-04-2022 12:24:22.122 [Gauge] [DEBUG] Parsing started.
04-04-2022 12:24:22.122 [Gauge] [DEBUG] Started concepts parsing.
04-04-2022 12:24:22.128 [Gauge] [ERROR] Concept parse failure: C:\Users\testinium\IdeaProjects\Ozdilek\specs\Ozdilek\Concepts\ShopPage.cpt C:\Users\testinium\IdeaProjects\Ozdilek\specs\Ozdilek\Concepts\LoginPage.cpt:14 Concept heading can have only Dynamic Parameters => 'Kullanıcı adı kısmına "Güngör" şifre kısmına "123" girildi.'
04-04-2022 12:24:22.128 [Gauge] [ERROR] Concept parse failure: C:\Users\testinium\IdeaProjects\Ozdilek\specs\Ozdilek\Concepts\ShopPage.cpt C:\Users\testinium\IdeaProjects\Ozdilek\specs\Ozdilek\Concepts\LoginPage.cpt:15 Step is not defined inside a concept heading => '"1" saniye kadar bekle'
04-04-2022 12:24:22.128 [Gauge] [ERROR] Concept parse failure: C:\Users\testinium\IdeaProjects\Ozdilek\specs\Ozdilek\Concepts\ShopPage.cpt C:\Users\testinium\IdeaProjects\Ozdilek\specs\Ozdilek\Concepts\LoginPage.cpt:16 Step is not defined inside a concept heading => 'Id "com.ozdilek.ozdilekteyim:id/etEposta" li elementi bul ve <k_adi> değerini gir'
04-04-2022 12:24:22.128 [Gauge] [ERROR] Concept parse failure: C:\Users\testinium\IdeaProjects\Ozdilek\specs\Ozdilek\Concepts\ShopPage.cpt C:\Users\testinium\IdeaProjects\Ozdilek\specs\Ozdilek\Concepts\LoginPage.cpt:17 Step is not defined inside a concept heading => 'Id "com.ozdilek.ozdilekteyim:id/etPassword" li elementi bul ve <password> değerini gir'
04-04-2022 12:24:22.128 [Gauge] [ERROR] Concept parse failure: C:\Users\testinium\IdeaProjects\Ozdilek\specs\Ozdilek\Concepts\ShopPage.cpt C:\Users\testinium\IdeaProjects\Ozdilek\specs\Ozdilek\Concepts\LoginPage.cpt:18 Step is not defined inside a concept heading => '"1" saniye kadar bekle'
04-04-2022 12:24:22.128 [Gauge] [ERROR] Concept parse failure: C:\Users\testinium\IdeaProjects\Ozdilek\specs\Ozdilek\Concepts\ShopPage.cpt C:\Users\testinium\IdeaProjects\Ozdilek\specs\Ozdilek\Concepts\MainPage.cpt:13 Duplicate concept definition found => 'Sayfa Doğrulandı.'
04-04-2022 12:24:22.128 [Gauge] [ERROR] Concept parse failure: C:\Users\testinium\IdeaProjects\Ozdilek\specs\Ozdilek\Concepts\ShopPage.cpt C:\Users\testinium\IdeaProjects\Ozdilek\specs\Ozdilek\Concepts\ShopPage.cpt:7 Duplicate concept definition found => 'Sayfa Doğrulandı.'
04-04-2022 12:24:22.128 [Gauge] [ERROR] [ParseError] C:\Users\testinium\IdeaProjects\Ozdilek\specs\Ozdilek\Concepts\LoginPage.cpt:14 Concept heading can have only Dynamic Parameters => 'Kullanıcı adı kısmına "Güngör" şifre kısmına "123" girildi.'
04-04-2022 12:24:22.128 [Gauge] [ERROR] [ParseError] C:\Users\testinium\IdeaProjects\Ozdilek\specs\Ozdilek\Concepts\LoginPage.cpt:15 Step is not defined inside a concept heading => '"1" saniye kadar bekle'
04-04-2022 12:24:22.128 [Gauge] [ERROR] [ParseError] C:\Users\testinium\IdeaProjects\Ozdilek\specs\Ozdilek\Concepts\LoginPage.cpt:16 Step is not defined inside a concept heading => 'Id "com.ozdilek.ozdilekteyim:id/etEposta" li elementi bul ve <k_adi> değerini gir'
04-04-2022 12:24:22.128 [Gauge] [ERROR] [ParseError] C:\Users\testinium\IdeaProjects\Ozdilek\specs\Ozdilek\Concepts\LoginPage.cpt:17 Step is not defined inside a concept heading => 'Id "com.ozdilek.ozdilekteyim:id/etPassword" li elementi bul ve <password> değerini gir'
04-04-2022 12:24:22.128 [Gauge] [ERROR] [ParseError] C:\Users\testinium\IdeaProjects\Ozdilek\specs\Ozdilek\Concepts\LoginPage.cpt:18 Step is not defined inside a concept heading => '"1" saniye kadar bekle'
04-04-2022 12:24:22.128 [Gauge] [ERROR] [ParseError] C:\Users\testinium\IdeaProjects\Ozdilek\specs\Ozdilek\Concepts\MainPage.cpt:13 Duplicate concept definition found => 'Sayfa Doğrulandı.'
04-04-2022 12:24:22.128 [Gauge] [ERROR] [ParseError] C:\Users\testinium\IdeaProjects\Ozdilek\specs\Ozdilek\Concepts\ShopPage.cpt:7 Duplicate concept definition found => 'Sayfa Doğrulandı.'
04-04-2022 12:24:22.128 [Gauge] [ERROR] [ParseError] C:\Users\testinium\IdeaProjects\Ozdilek\specs\Ozdilek\Concepts\ProductPage.cpt:4 Circular reference found in concept. "Rastgele bir ürün seçildi." => C:\Users\testinium\IdeaProjects\Ozdilek\specs\Ozdilek\Concepts\ProductPage.cpt:3 => 'Rastgele bir ürün seçildi.'
04-04-2022 12:24:22.128 [Gauge] [ERROR] [ParseError] C:\Users\testinium\IdeaProjects\Ozdilek\specs\Ozdilek\Concepts\ProductPage.cpt:3 Circular reference found in concept. "Rastgele bir ürün seçildi." => C:\Users\testinium\IdeaProjects\Ozdilek\specs\Ozdilek\Concepts\ProductPage.cpt:4 => 'Rastgele bir ürün seçildi.'
04-04-2022 12:24:22.128 [Gauge] [DEBUG] 12 concepts parsing completed.
04-04-2022 12:24:22.128 [Gauge] [DEBUG] Started specifications parsing.
04-04-2022 12:24:22.129 [Gauge] [DEBUG] 1 specifications parsing completed.
04-04-2022 12:24:22.129 [Gauge] [DEBUG] Parsing completed.
04-04-2022 12:24:22.132 [Gauge] [DEBUG] Staring java runner
04-04-2022 12:24:22.160 [java] [DEBUG] classpath set to C:\Users\testinium\.jdks\openjdk-18!\java.base;C:\Users\testinium\.jdks\openjdk-18!\java.compiler;C:\Users\testinium\.jdks\openjdk-18!\java.datatransfer;C:\Users\testinium\.jdks\openjdk-18!\java.desktop;C:\Users\testinium\.jdks\openjdk-18!\java.instrument;C:\Users\testinium\.jdks\openjdk-18!\java.logging;C:\Users\testinium\.jdks\openjdk-18!\java.management;C:\Users\testinium\.jdks\openjdk-18!\java.management.rmi;C:\Users\testinium\.jdks\openjdk-18!\java.naming;C:\Users\testinium\.jdks\openjdk-18!\java.net.http;C:\Users\testinium\.jdks\openjdk-18!\java.prefs;C:\Users\testinium\.jdks\openjdk-18!\java.rmi;C:\Users\testinium\.jdks\openjdk-18!\java.scripting;C:\Users\testinium\.jdks\openjdk-18!\java.se;C:\Users\testinium\.jdks\openjdk-18!\java.security.jgss;C:\Users\testinium\.jdks\openjdk-18!\java.security.sasl;C:\Users\testinium\.jdks\openjdk-18!\java.smartcardio;C:\Users\testinium\.jdks\openjdk-18!\java.sql;C:\Users\testinium\.jdks\openjdk-18!\java.sql.rowset;C:\Users\testinium\.jdks\openjdk-18!\java.transaction.xa;C:\Users\testinium\.jdks\openjdk-18!\java.xml;C:\Users\testinium\.jdks\openjdk-18!\java.xml.crypto;C:\Users\testinium\.jdks\openjdk-18!\jdk.accessibility;C:\Users\testinium\.jdks\openjdk-18!\jdk.attach;C:\Users\testinium\.jdks\openjdk-18!\jdk.charsets;C:\Users\testinium\.jdks\openjdk-18!\jdk.compiler;C:\Users\testinium\.jdks\openjdk-18!\jdk.crypto.cryptoki;C:\Users\testinium\.jdks\openjdk-18!\jdk.crypto.ec;C:\Users\testinium\.jdks\openjdk-18!\jdk.crypto.mscapi;C:\Users\testinium\.jdks\openjdk-18!\jdk.dynalink;C:\Users\testinium\.jdks\openjdk-18!\jdk.editpad;C:\Users\testinium\.jdks\openjdk-18!\jdk.hotspot.agent;C:\Users\testinium\.jdks\openjdk-18!\jdk.httpserver;C:\Users\testinium\.jdks\openjdk-18!\jdk.incubator.foreign;C:\Users\testinium\.jdks\openjdk-18!\jdk.incubator.vector;C:\Users\testinium\.jdks\openjdk-18!\jdk.internal.ed;C:\Users\testinium\.jdks\openjdk-18!\jdk.internal.jvmstat;C:\Users\testinium\.jdks\openjdk-18!\jdk.internal.le;C:\Users\testinium\.jdks\openjdk-18!\jdk.internal.opt;C:\Users\testinium\.jdks\openjdk-18!\jdk.internal.vm.ci;C:\Users\testinium\.jdks\openjdk-18!\jdk.internal.vm.compiler;C:\Users\testinium\.jdks\openjdk-18!\jdk.internal.vm.compiler.management;C:\Users\testinium\.jdks\openjdk-18!\jdk.jartool;C:\Users\testinium\.jdks\openjdk-18!\jdk.javadoc;C:\Users\testinium\.jdks\openjdk-18!\jdk.jcmd;C:\Users\testinium\.jdks\openjdk-18!\jdk.jconsole;C:\Users\testinium\.jdks\openjdk-18!\jdk.jdeps;C:\Users\testinium\.jdks\openjdk-18!\jdk.jdi;C:\Users\testinium\.jdks\openjdk-18!\jdk.jdwp.agent;C:\Users\testinium\.jdks\openjdk-18!\jdk.jfr;C:\Users\testinium\.jdks\openjdk-18!\jdk.jlink;C:\Users\testinium\.jdks\openjdk-18!\jdk.jpackage;C:\Users\testinium\.jdks\openjdk-18!\jdk.jshell;C:\Users\testinium\.jdks\openjdk-18!\jdk.jsobject;C:\Users\testinium\.jdks\openjdk-18!\jdk.jstatd;C:\Users\testinium\.jdks\openjdk-18!\jdk.localedata;C:\Users\testinium\.jdks\openjdk-18!\jdk.management;C:\Users\testinium\.jdks\openjdk-18!\jdk.management.agent;C:\Users\testinium\.jdks\openjdk-18!\jdk.management.jfr;C:\Users\testinium\.jdks\openjdk-18!\jdk.naming.dns;C:\Users\testinium\.jdks\openjdk-18!\jdk.naming.rmi;C:\Users\testinium\.jdks\openjdk-18!\jdk.net;C:\Users\testinium\.jdks\openjdk-18!\jdk.nio.mapmode;C:\Users\testinium\.jdks\openjdk-18!\jdk.random;C:\Users\testinium\.jdks\openjdk-18!\jdk.sctp;C:\Users\testinium\.jdks\openjdk-18!\jdk.security.auth;C:\Users\testinium\.jdks\openjdk-18!\jdk.security.jgss;C:\Users\testinium\.jdks\openjdk-18!\jdk.unsupported;C:\Users\testinium\.jdks\openjdk-18!\jdk.unsupported.desktop;C:\Users\testinium\.jdks\openjdk-18!\jdk.xml.dom;C:\Users\testinium\.jdks\openjdk-18!\jdk.zipfs;C:\Users\testinium\IdeaProjects\Ozdilek\target\test-classes;C:\Users\testinium\.m2\repository\junit\junit\4.12\junit-4.12.jar;C:\Users\testinium\.m2\repository\org\hamcrest\hamcrest-core\1.3\hamcrest-core-1.3.jar;C:\Users\testinium\.m2\repository\com\thoughtworks\gauge\gauge-java\0.8.1\gauge-java-0.8.1.jar;C:\Users\testinium\.m2\repository\org\assertj\assertj-core\3.22.0\assertj-core-3.22.0.jar;C:\Users\testinium\.m2\repository\org\reflections\reflections\0.10.2\reflections-0.10.2.jar;C:\Users\testinium\.m2\repository\org\javassist\javassist\3.28.0-GA\javassist-3.28.0-GA.jar;C:\Users\testinium\.m2\repository\com\google\code\findbugs\jsr305\3.0.2\jsr305-3.0.2.jar;C:\Users\testinium\.m2\repository\com\github\javaparser\javaparser-core\3.16.3\javaparser-core-3.16.3.jar;C:\Users\testinium\.m2\repository\commons-io\commons-io\2.11.0\commons-io-2.11.0.jar;C:\Users\testinium\.m2\repository\commons-lang\commons-lang\2.6\commons-lang-2.6.jar;C:\Users\testinium\.m2\repository\org\json\json\20211205\json-20211205.jar;C:\Users\testinium\.m2\repository\com\google\protobuf\protobuf-java\3.19.3\protobuf-java-3.19.3.jar;C:\Users\testinium\.m2\repository\com\google\guava\guava\30.1.1-jre\guava-30.1.1-jre.jar;C:\Users\testinium\.m2\repository\com\google\guava\failureaccess\1.0.1\failureaccess-1.0.1.jar;C:\Users\testinium\.m2\repository\com\google\guava\listenablefuture\9999.0-empty-to-avoid-conflict-with-guava\listenablefuture-9999.0-empty-to-avoid-conflict-with-guava.jar;C:\Users\testinium\.m2\repository\org\checkerframework\checker-qual\3.8.0\checker-qual-3.8.0.jar;C:\Users\testinium\.m2\repository\com\google\errorprone\error_prone_annotations\2.5.1\error_prone_annotations-2.5.1.jar;C:\Users\testinium\.m2\repository\com\google\j2objc\j2objc-annotations\1.3\j2objc-annotations-1.3.jar;C:\Users\testinium\.m2\repository\io\grpc\grpc-netty-shaded\1.43.2\grpc-netty-shaded-1.43.2.jar;C:\Users\testinium\.m2\repository\io\perfmark\perfmark-api\0.23.0\perfmark-api-0.23.0.jar;C:\Users\testinium\.m2\repository\io\grpc\grpc-core\1.43.2\grpc-core-1.43.2.jar;C:\Users\testinium\.m2\repository\com\google\android\annotations\4.1.1.4\annotations-4.1.1.4.jar;C:\Users\testinium\.m2\repository\org\codehaus\mojo\animal-sniffer-annotations\1.19\animal-sniffer-annotations-1.19.jar;C:\Users\testinium\.m2\repository\io\grpc\grpc-protobuf\1.43.2\grpc-protobuf-1.43.2.jar;C:\Users\testinium\.m2\repository\io\grpc\grpc-api\1.43.2\grpc-api-1.43.2.jar;C:\Users\testinium\.m2\repository\io\grpc\grpc-context\1.43.2\grpc-context-1.43.2.jar;C:\Users\testinium\.m2\repository\com\google\api\grpc\proto-google-common-protos\2.0.1\proto-google-common-protos-2.0.1.jar;C:\Users\testinium\.m2\repository\io\grpc\grpc-protobuf-lite\1.43.2\grpc-protobuf-lite-1.43.2.jar;C:\Users\testinium\.m2\repository\io\grpc\grpc-stub\1.43.2\grpc-stub-1.43.2.jar;C:\Users\testinium\.m2\repository\javax\annotation\javax.annotation-api\1.3.2\javax.annotation-api-1.3.2.jar;C:\Users\testinium\.m2\repository\org\slf4j\slf4j-log4j12\1.7.30\slf4j-log4j12-1.7.30.jar;C:\Users\testinium\.m2\repository\log4j\log4j\1.2.17\log4j-1.2.17.jar;C:\Users\testinium\.m2\repository\org\apache\logging\log4j\log4j-core\2.17.1\log4j-core-2.17.1.jar;C:\Users\testinium\.m2\repository\org\apache\logging\log4j\log4j-api\2.17.1\log4j-api-2.17.1.jar;C:\Users\testinium\.m2\repository\io\appium\java-client\7.3.0\java-client-7.3.0.jar;C:\Users\testinium\.m2\repository\org\seleniumhq\selenium\selenium-java\3.141.59\selenium-java-3.141.59.jar;C:\Users\testinium\.m2\repository\org\seleniumhq\selenium\selenium-chrome-driver\3.141.59\selenium-chrome-driver-3.141.59.jar;C:\Users\testinium\.m2\repository\org\seleniumhq\selenium\selenium-edge-driver\3.141.59\selenium-edge-driver-3.141.59.jar;C:\Users\testinium\.m2\repository\org\seleniumhq\selenium\selenium-firefox-driver\3.141.59\selenium-firefox-driver-3.141.59.jar;C:\Users\testinium\.m2\repository\org\seleniumhq\selenium\selenium-ie-driver\3.141.59\selenium-ie-driver-3.141.59.jar;C:\Users\testinium\.m2\repository\org\seleniumhq\selenium\selenium-opera-driver\3.141.59\selenium-opera-driver-3.141.59.jar;C:\Users\testinium\.m2\repository\org\seleniumhq\selenium\selenium-remote-driver\3.141.59\selenium-remote-driver-3.141.59.jar;C:\Users\testinium\.m2\repository\org\seleniumhq\selenium\selenium-safari-driver\3.141.59\selenium-safari-driver-3.141.59.jar;C:\Users\testinium\.m2\repository\net\bytebuddy\byte-buddy\1.8.15\byte-buddy-1.8.15.jar;C:\Users\testinium\.m2\repository\org\apache\commons\commons-exec\1.3\commons-exec-1.3.jar;C:\Users\testinium\.m2\repository\com\squareup\okhttp3\okhttp\3.11.0\okhttp-3.11.0.jar;C:\Users\testinium\.m2\repository\com\squareup\okio\okio\1.14.0\okio-1.14.0.jar;C:\Users\testinium\.m2\repository\org\seleniumhq\selenium\selenium-support\3.141.59\selenium-support-3.141.59.jar;C:\Users\testinium\.m2\repository\org\seleniumhq\selenium\selenium-api\3.141.59\selenium-api-3.141.59.jar;C:\Users\testinium\.m2\repository\com\google\code\gson\gson\2.8.5\gson-2.8.5.jar;C:\Users\testinium\.m2\repository\org\apache\httpcomponents\httpclient\4.5.9\httpclient-4.5.9.jar;C:\Users\testinium\.m2\repository\org\apache\httpcomponents\httpcore\4.4.11\httpcore-4.4.11.jar;C:\Users\testinium\.m2\repository\commons-logging\commons-logging\1.2\commons-logging-1.2.jar;C:\Users\testinium\.m2\repository\commons-codec\commons-codec\1.11\commons-codec-1.11.jar;C:\Users\testinium\.m2\repository\cglib\cglib\3.2.12\cglib-3.2.12.jar;C:\Users\testinium\.m2\repository\org\ow2\asm\asm\7.1\asm-7.1.jar;C:\Users\testinium\.m2\repository\commons-validator\commons-validator\1.6\commons-validator-1.6.jar;C:\Users\testinium\.m2\repository\commons-beanutils\commons-beanutils\1.9.2\commons-beanutils-1.9.2.jar;C:\Users\testinium\.m2\repository\commons-digester\commons-digester\1.8.1\commons-digester-1.8.1.jar;C:\Users\testinium\.m2\repository\commons-collections\commons-collections\3.2.2\commons-collections-3.2.2.jar;C:\Users\testinium\.m2\repository\org\apache\commons\commons-lang3\3.9\commons-lang3-3.9.jar;C:\Users\testinium\.m2\repository\org\springframework\spring-context\5.1.8.RELEASE\spring-context-5.1.8.RELEASE.jar;C:\Users\testinium\.m2\repository\org\springframework\spring-aop\5.1.8.RELEASE\spring-aop-5.1.8.RELEASE.jar;C:\Users\testinium\.m2\repository\org\springframework\spring-beans\5.1.8.RELEASE\spring-beans-5.1.8.RELEASE.jar;C:\Users\testinium\.m2\repository\org\springframework\spring-core\5.1.8.RELEASE\spring-core-5.1.8.RELEASE.jar;C:\Users\testinium\.m2\repository\org\springframework\spring-jcl\5.1.8.RELEASE\spring-jcl-5.1.8.RELEASE.jar;C:\Users\testinium\.m2\repository\org\springframework\spring-expression\5.1.8.RELEASE\spring-expression-5.1.8.RELEASE.jar;C:\Users\testinium\.m2\repository\org\aspectj\aspectjweaver\1.9.4\aspectjweaver-1.9.4.jar;C:\Users\testinium\.m2\repository\org\slf4j\slf4j-api\1.7.30\slf4j-api-1.7.30.jar
04-04-2022 12:24:22.591 [java] [CRITICAL] process C:\Program Files\Java\jdk1.8.0_202\jre\bin\java.exe with pid 8572 quit unexpectedly. exit status 1
04-04-2022 12:24:22.597 [Gauge] [DEBUG] Runner connection error: Runner with pid 10932 quit unexpectedly(exit status 1)
04-04-2022 12:24:22.597 [Gauge] [DEBUG] Error while killing runner: invalid argument
04-04-2022 12:24:22.597 [Gauge] [CRITICAL] Failed to start gauge API: Runner with pid 10932 quit unexpectedly(exit status 1)
04-04-2022 12:39:10.519 [Gauge] [DEBUG] Created gauge_screenshots_dir at C:\Users\testinium\IdeaProjects\Ozdilek\.gauge\screenshots
04-04-2022 12:39:10.524 [Gauge] [DEBUG] Plugin java is already installed.
04-04-2022 12:39:10.525 [Gauge] [DEBUG] Plugin html-report is already installed.
04-04-2022 12:39:10.526 [Gauge] [DEBUG] Parsing started.
04-04-2022 12:39:10.526 [Gauge] [DEBUG] Started concepts parsing.
04-04-2022 12:39:10.535 [Gauge] [ERROR] Concept parse failure: C:\Users\testinium\IdeaProjects\Ozdilek\specs\Ozdilek\Concepts\ProductPage.cpt C:\Users\testinium\IdeaProjects\Ozdilek\specs\Ozdilek\Concepts\LoginPage.cpt:14 Concept heading can have only Dynamic Parameters => 'Kullanıcı adı kısmına "Güngör" şifre kısmına "123" girildi.'
04-04-2022 12:39:10.535 [Gauge] [ERROR] Concept parse failure: C:\Users\testinium\IdeaProjects\Ozdilek\specs\Ozdilek\Concepts\ProductPage.cpt C:\Users\testinium\IdeaProjects\Ozdilek\specs\Ozdilek\Concepts\LoginPage.cpt:15 Step is not defined inside a concept heading => '"1" saniye kadar bekle'
04-04-2022 12:39:10.535 [Gauge] [ERROR] Concept parse failure: C:\Users\testinium\IdeaProjects\Ozdilek\specs\Ozdilek\Concepts\ProductPage.cpt C:\Users\testinium\IdeaProjects\Ozdilek\specs\Ozdilek\Concepts\LoginPage.cpt:16 Step is not defined inside a concept heading => 'Id "com.ozdilek.ozdilekteyim:id/etEposta" li elementi bul ve <k_adi> değerini gir'
04-04-2022 12:39:10.535 [Gauge] [ERROR] Concept parse failure: C:\Users\testinium\IdeaProjects\Ozdilek\specs\Ozdilek\Concepts\ProductPage.cpt C:\Users\testinium\IdeaProjects\Ozdilek\specs\Ozdilek\Concepts\LoginPage.cpt:17 Step is not defined inside a concept heading => 'Id "com.ozdilek.ozdilekteyim:id/etPassword" li elementi bul ve <password> değerini gir'
04-04-2022 12:39:10.535 [Gauge] [ERROR] Concept parse failure: C:\Users\testinium\IdeaProjects\Ozdilek\specs\Ozdilek\Concepts\ProductPage.cpt C:\Users\testinium\IdeaProjects\Ozdilek\specs\Ozdilek\Concepts\LoginPage.cpt:18 Step is not defined inside a concept heading => '"1" saniye kadar bekle'
04-04-2022 12:39:10.535 [Gauge] [ERROR] Concept parse failure: C:\Users\testinium\IdeaProjects\Ozdilek\specs\Ozdilek\Concepts\ProductPage.cpt C:\Users\testinium\IdeaProjects\Ozdilek\specs\Ozdilek\Concepts\MainPage.cpt:13 Duplicate concept definition found => 'Sayfa Doğrulandı.'
04-04-2022 12:39:10.535 [Gauge] [ERROR] Concept parse failure: C:\Users\testinium\IdeaProjects\Ozdilek\specs\Ozdilek\Concepts\ProductPage.cpt C:\Users\testinium\IdeaProjects\Ozdilek\specs\Ozdilek\Concepts\ShopPage.cpt:7 Duplicate concept definition found => 'Sayfa Doğrulandı.'
04-04-2022 12:39:10.535 [Gauge] [ERROR] [ParseError] C:\Users\testinium\IdeaProjects\Ozdilek\specs\Ozdilek\Concepts\LoginPage.cpt:14 Concept heading can have only Dynamic Parameters => 'Kullanıcı adı kısmına "Güngör" şifre kısmına "123" girildi.'
04-04-2022 12:39:10.535 [Gauge] [ERROR] [ParseError] C:\Users\testinium\IdeaProjects\Ozdilek\specs\Ozdilek\Concepts\LoginPage.cpt:15 Step is not defined inside a concept heading => '"1" saniye kadar bekle'
04-04-2022 12:39:10.535 [Gauge] [ERROR] [ParseError] C:\Users\testinium\IdeaProjects\Ozdilek\specs\Ozdilek\Concepts\LoginPage.cpt:16 Step is not defined inside a concept heading => 'Id "com.ozdilek.ozdilekteyim:id/etEposta" li elementi bul ve <k_adi> değerini gir'
04-04-2022 12:39:10.535 [Gauge] [ERROR] [ParseError] C:\Users\testinium\IdeaProjects\Ozdilek\specs\Ozdilek\Concepts\LoginPage.cpt:17 Step is not defined inside a concept heading => 'Id "com.ozdilek.ozdilekteyim:id/etPassword" li elementi bul ve <password> değerini gir'
04-04-2022 12:39:10.535 [Gauge] [ERROR] [ParseError] C:\Users\testinium\IdeaProjects\Ozdilek\specs\Ozdilek\Concepts\LoginPage.cpt:18 Step is not defined inside a concept heading => '"1" saniye kadar bekle'
04-04-2022 12:39:10.535 [Gauge] [ERROR] [ParseError] C:\Users\testinium\IdeaProjects\Ozdilek\specs\Ozdilek\Concepts\MainPage.cpt:13 Duplicate concept definition found => 'Sayfa Doğrulandı.'
04-04-2022 12:39:10.535 [Gauge] [ERROR] [ParseError] C:\Users\testinium\IdeaProjects\Ozdilek\specs\Ozdilek\Concepts\ShopPage.cpt:7 Duplicate concept definition found => 'Sayfa Doğrulandı.'
04-04-2022 12:39:10.535 [Gauge] [ERROR] [ParseError] C:\Users\testinium\IdeaProjects\Ozdilek\specs\Ozdilek\Concepts\ProductPage.cpt:4 Circular reference found in concept. "Rastgele bir ürün seçildi." => C:\Users\testinium\IdeaProjects\Ozdilek\specs\Ozdilek\Concepts\ProductPage.cpt:3 => 'Rastgele bir ürün seçildi.'
04-04-2022 12:39:10.535 [Gauge] [ERROR] [ParseError] C:\Users\testinium\IdeaProjects\Ozdilek\specs\Ozdilek\Concepts\ProductPage.cpt:3 Circular reference found in concept. "Rastgele bir ürün seçildi." => C:\Users\testinium\IdeaProjects\Ozdilek\specs\Ozdilek\Concepts\ProductPage.cpt:4 => 'Rastgele bir ürün seçildi.'
04-04-2022 12:39:10.535 [Gauge] [DEBUG] 12 concepts parsing completed.
04-04-2022 12:39:10.535 [Gauge] [DEBUG] Started specifications parsing.
04-04-2022 12:39:10.537 [Gauge] [DEBUG] 1 specifications parsing completed.
04-04-2022 12:39:10.537 [Gauge] [DEBUG] Parsing completed.
04-04-2022 12:39:10.542 [Gauge] [DEBUG] Staring java runner
04-04-2022 12:39:10.581 [java] [DEBUG] classpath set to C:\Users\testinium\.jdks\openjdk-18!\java.base;C:\Users\testinium\.jdks\openjdk-18!\java.compiler;C:\Users\testinium\.jdks\openjdk-18!\java.datatransfer;C:\Users\testinium\.jdks\openjdk-18!\java.desktop;C:\Users\testinium\.jdks\openjdk-18!\java.instrument;C:\Users\testinium\.jdks\openjdk-18!\java.logging;C:\Users\testinium\.jdks\openjdk-18!\java.management;C:\Users\testinium\.jdks\openjdk-18!\java.management.rmi;C:\Users\testinium\.jdks\openjdk-18!\java.naming;C:\Users\testinium\.jdks\openjdk-18!\java.net.http;C:\Users\testinium\.jdks\openjdk-18!\java.prefs;C:\Users\testinium\.jdks\openjdk-18!\java.rmi;C:\Users\testinium\.jdks\openjdk-18!\java.scripting;C:\Users\testinium\.jdks\openjdk-18!\java.se;C:\Users\testinium\.jdks\openjdk-18!\java.security.jgss;C:\Users\testinium\.jdks\openjdk-18!\java.security.sasl;C:\Users\testinium\.jdks\openjdk-18!\java.smartcardio;C:\Users\testinium\.jdks\openjdk-18!\java.sql;C:\Users\testinium\.jdks\openjdk-18!\java.sql.rowset;C:\Users\testinium\.jdks\openjdk-18!\java.transaction.xa;C:\Users\testinium\.jdks\openjdk-18!\java.xml;C:\Users\testinium\.jdks\openjdk-18!\java.xml.crypto;C:\Users\testinium\.jdks\openjdk-18!\jdk.accessibility;C:\Users\testinium\.jdks\openjdk-18!\jdk.attach;C:\Users\testinium\.jdks\openjdk-18!\jdk.charsets;C:\Users\testinium\.jdks\openjdk-18!\jdk.compiler;C:\Users\testinium\.jdks\openjdk-18!\jdk.crypto.cryptoki;C:\Users\testinium\.jdks\openjdk-18!\jdk.crypto.ec;C:\Users\testinium\.jdks\openjdk-18!\jdk.crypto.mscapi;C:\Users\testinium\.jdks\openjdk-18!\jdk.dynalink;C:\Users\testinium\.jdks\openjdk-18!\jdk.editpad;C:\Users\testinium\.jdks\openjdk-18!\jdk.hotspot.agent;C:\Users\testinium\.jdks\openjdk-18!\jdk.httpserver;C:\Users\testinium\.jdks\openjdk-18!\jdk.incubator.foreign;C:\Users\testinium\.jdks\openjdk-18!\jdk.incubator.vector;C:\Users\testinium\.jdks\openjdk-18!\jdk.internal.ed;C:\Users\testinium\.jdks\openjdk-18!\jdk.internal.jvmstat;C:\Users\testinium\.jdks\openjdk-18!\jdk.internal.le;C:\Users\testinium\.jdks\openjdk-18!\jdk.internal.opt;C:\Users\testinium\.jdks\openjdk-18!\jdk.internal.vm.ci;C:\Users\testinium\.jdks\openjdk-18!\jdk.internal.vm.compiler;C:\Users\testinium\.jdks\openjdk-18!\jdk.internal.vm.compiler.management;C:\Users\testinium\.jdks\openjdk-18!\jdk.jartool;C:\Users\testinium\.jdks\openjdk-18!\jdk.javadoc;C:\Users\testinium\.jdks\openjdk-18!\jdk.jcmd;C:\Users\testinium\.jdks\openjdk-18!\jdk.jconsole;C:\Users\testinium\.jdks\openjdk-18!\jdk.jdeps;C:\Users\testinium\.jdks\openjdk-18!\jdk.jdi;C:\Users\testinium\.jdks\openjdk-18!\jdk.jdwp.agent;C:\Users\testinium\.jdks\openjdk-18!\jdk.jfr;C:\Users\testinium\.jdks\openjdk-18!\jdk.jlink;C:\Users\testinium\.jdks\openjdk-18!\jdk.jpackage;C:\Users\testinium\.jdks\openjdk-18!\jdk.jshell;C:\Users\testinium\.jdks\openjdk-18!\jdk.jsobject;C:\Users\testinium\.jdks\openjdk-18!\jdk.jstatd;C:\Users\testinium\.jdks\openjdk-18!\jdk.localedata;C:\Users\testinium\.jdks\openjdk-18!\jdk.management;C:\Users\testinium\.jdks\openjdk-18!\jdk.management.agent;C:\Users\testinium\.jdks\openjdk-18!\jdk.management.jfr;C:\Users\testinium\.jdks\openjdk-18!\jdk.naming.dns;C:\Users\testinium\.jdks\openjdk-18!\jdk.naming.rmi;C:\Users\testinium\.jdks\openjdk-18!\jdk.net;C:\Users\testinium\.jdks\openjdk-18!\jdk.nio.mapmode;C:\Users\testinium\.jdks\openjdk-18!\jdk.random;C:\Users\testinium\.jdks\openjdk-18!\jdk.sctp;C:\Users\testinium\.jdks\openjdk-18!\jdk.security.auth;C:\Users\testinium\.jdks\openjdk-18!\jdk.security.jgss;C:\Users\testinium\.jdks\openjdk-18!\jdk.unsupported;C:\Users\testinium\.jdks\openjdk-18!\jdk.unsupported.desktop;C:\Users\testinium\.jdks\openjdk-18!\jdk.xml.dom;C:\Users\testinium\.jdks\openjdk-18!\jdk.zipfs;C:\Users\testinium\IdeaProjects\Ozdilek\target\test-classes;C:\Users\testinium\.m2\repository\junit\junit\4.12\junit-4.12.jar;C:\Users\testinium\.m2\repository\org\hamcrest\hamcrest-core\1.3\hamcrest-core-1.3.jar;C:\Users\testinium\.m2\repository\com\thoughtworks\gauge\gauge-java\0.8.1\gauge-java-0.8.1.jar;C:\Users\testinium\.m2\repository\org\assertj\assertj-core\3.22.0\assertj-core-3.22.0.jar;C:\Users\testinium\.m2\repository\org\reflections\reflections\0.10.2\reflections-0.10.2.jar;C:\Users\testinium\.m2\repository\org\javassist\javassist\3.28.0-GA\javassist-3.28.0-GA.jar;C:\Users\testinium\.m2\repository\com\google\code\findbugs\jsr305\3.0.2\jsr305-3.0.2.jar;C:\Users\testinium\.m2\repository\com\github\javaparser\javaparser-core\3.16.3\javaparser-core-3.16.3.jar;C:\Users\testinium\.m2\repository\commons-io\commons-io\2.11.0\commons-io-2.11.0.jar;C:\Users\testinium\.m2\repository\commons-lang\commons-lang\2.6\commons-lang-2.6.jar;C:\Users\testinium\.m2\repository\org\json\json\20211205\json-20211205.jar;C:\Users\testinium\.m2\repository\com\google\protobuf\protobuf-java\3.19.3\protobuf-java-3.19.3.jar;C:\Users\testinium\.m2\repository\com\google\guava\guava\30.1.1-jre\guava-30.1.1-jre.jar;C:\Users\testinium\.m2\repository\com\google\guava\failureaccess\1.0.1\failureaccess-1.0.1.jar;C:\Users\testinium\.m2\repository\com\google\guava\listenablefuture\9999.0-empty-to-avoid-conflict-with-guava\listenablefuture-9999.0-empty-to-avoid-conflict-with-guava.jar;C:\Users\testinium\.m2\repository\org\checkerframework\checker-qual\3.8.0\checker-qual-3.8.0.jar;C:\Users\testinium\.m2\repository\com\google\errorprone\error_prone_annotations\2.5.1\error_prone_annotations-2.5.1.jar;C:\Users\testinium\.m2\repository\com\google\j2objc\j2objc-annotations\1.3\j2objc-annotations-1.3.jar;C:\Users\testinium\.m2\repository\io\grpc\grpc-netty-shaded\1.43.2\grpc-netty-shaded-1.43.2.jar;C:\Users\testinium\.m2\repository\io\perfmark\perfmark-api\0.23.0\perfmark-api-0.23.0.jar;C:\Users\testinium\.m2\repository\io\grpc\grpc-core\1.43.2\grpc-core-1.43.2.jar;C:\Users\testinium\.m2\repository\com\google\android\annotations\4.1.1.4\annotations-4.1.1.4.jar;C:\Users\testinium\.m2\repository\org\codehaus\mojo\animal-sniffer-annotations\1.19\animal-sniffer-annotations-1.19.jar;C:\Users\testinium\.m2\repository\io\grpc\grpc-protobuf\1.43.2\grpc-protobuf-1.43.2.jar;C:\Users\testinium\.m2\repository\io\grpc\grpc-api\1.43.2\grpc-api-1.43.2.jar;C:\Users\testinium\.m2\repository\io\grpc\grpc-context\1.43.2\grpc-context-1.43.2.jar;C:\Users\testinium\.m2\repository\com\google\api\grpc\proto-google-common-protos\2.0.1\proto-google-common-protos-2.0.1.jar;C:\Users\testinium\.m2\repository\io\grpc\grpc-protobuf-lite\1.43.2\grpc-protobuf-lite-1.43.2.jar;C:\Users\testinium\.m2\repository\io\grpc\grpc-stub\1.43.2\grpc-stub-1.43.2.jar;C:\Users\testinium\.m2\repository\javax\annotation\javax.annotation-api\1.3.2\javax.annotation-api-1.3.2.jar;C:\Users\testinium\.m2\repository\org\slf4j\slf4j-log4j12\1.7.30\slf4j-log4j12-1.7.30.jar;C:\Users\testinium\.m2\repository\log4j\log4j\1.2.17\log4j-1.2.17.jar;C:\Users\testinium\.m2\repository\org\apache\logging\log4j\log4j-core\2.17.1\log4j-core-2.17.1.jar;C:\Users\testinium\.m2\repository\org\apache\logging\log4j\log4j-api\2.17.1\log4j-api-2.17.1.jar;C:\Users\testinium\.m2\repository\io\appium\java-client\7.3.0\java-client-7.3.0.jar;C:\Users\testinium\.m2\repository\org\seleniumhq\selenium\selenium-java\3.141.59\selenium-java-3.141.59.jar;C:\Users\testinium\.m2\repository\org\seleniumhq\selenium\selenium-chrome-driver\3.141.59\selenium-chrome-driver-3.141.59.jar;C:\Users\testinium\.m2\repository\org\seleniumhq\selenium\selenium-edge-driver\3.141.59\selenium-edge-driver-3.141.59.jar;C:\Users\testinium\.m2\repository\org\seleniumhq\selenium\selenium-firefox-driver\3.141.59\selenium-firefox-driver-3.141.59.jar;C:\Users\testinium\.m2\repository\org\seleniumhq\selenium\selenium-ie-driver\3.141.59\selenium-ie-driver-3.141.59.jar;C:\Users\testinium\.m2\repository\org\seleniumhq\selenium\selenium-opera-driver\3.141.59\selenium-opera-driver-3.141.59.jar;C:\Users\testinium\.m2\repository\org\seleniumhq\selenium\selenium-remote-driver\3.141.59\selenium-remote-driver-3.141.59.jar;C:\Users\testinium\.m2\repository\org\seleniumhq\selenium\selenium-safari-driver\3.141.59\selenium-safari-driver-3.141.59.jar;C:\Users\testinium\.m2\repository\net\bytebuddy\byte-buddy\1.8.15\byte-buddy-1.8.15.jar;C:\Users\testinium\.m2\repository\org\apache\commons\commons-exec\1.3\commons-exec-1.3.jar;C:\Users\testinium\.m2\repository\com\squareup\okhttp3\okhttp\3.11.0\okhttp-3.11.0.jar;C:\Users\testinium\.m2\repository\com\squareup\okio\okio\1.14.0\okio-1.14.0.jar;C:\Users\testinium\.m2\repository\org\seleniumhq\selenium\selenium-support\3.141.59\selenium-support-3.141.59.jar;C:\Users\testinium\.m2\repository\org\seleniumhq\selenium\selenium-api\3.141.59\selenium-api-3.141.59.jar;C:\Users\testinium\.m2\repository\com\google\code\gson\gson\2.8.5\gson-2.8.5.jar;C:\Users\testinium\.m2\repository\org\apache\httpcomponents\httpclient\4.5.9\httpclient-4.5.9.jar;C:\Users\testinium\.m2\repository\org\apache\httpcomponents\httpcore\4.4.11\httpcore-4.4.11.jar;C:\Users\testinium\.m2\repository\commons-logging\commons-logging\1.2\commons-logging-1.2.jar;C:\Users\testinium\.m2\repository\commons-codec\commons-codec\1.11\commons-codec-1.11.jar;C:\Users\testinium\.m2\repository\cglib\cglib\3.2.12\cglib-3.2.12.jar;C:\Users\testinium\.m2\repository\org\ow2\asm\asm\7.1\asm-7.1.jar;C:\Users\testinium\.m2\repository\commons-validator\commons-validator\1.6\commons-validator-1.6.jar;C:\Users\testinium\.m2\repository\commons-beanutils\commons-beanutils\1.9.2\commons-beanutils-1.9.2.jar;C:\Users\testinium\.m2\repository\commons-digester\commons-digester\1.8.1\commons-digester-1.8.1.jar;C:\Users\testinium\.m2\repository\commons-collections\commons-collections\3.2.2\commons-collections-3.2.2.jar;C:\Users\testinium\.m2\repository\org\apache\commons\commons-lang3\3.9\commons-lang3-3.9.jar;C:\Users\testinium\.m2\repository\org\springframework\spring-context\5.1.8.RELEASE\spring-context-5.1.8.RELEASE.jar;C:\Users\testinium\.m2\repository\org\springframework\spring-aop\5.1.8.RELEASE\spring-aop-5.1.8.RELEASE.jar;C:\Users\testinium\.m2\repository\org\springframework\spring-beans\5.1.8.RELEASE\spring-beans-5.1.8.RELEASE.jar;C:\Users\testinium\.m2\repository\org\springframework\spring-core\5.1.8.RELEASE\spring-core-5.1.8.RELEASE.jar;C:\Users\testinium\.m2\repository\org\springframework\spring-jcl\5.1.8.RELEASE\spring-jcl-5.1.8.RELEASE.jar;C:\Users\testinium\.m2\repository\org\springframework\spring-expression\5.1.8.RELEASE\spring-expression-5.1.8.RELEASE.jar;C:\Users\testinium\.m2\repository\org\aspectj\aspectjweaver\1.9.4\aspectjweaver-1.9.4.jar;C:\Users\testinium\.m2\repository\org\slf4j\slf4j-api\1.7.30\slf4j-api-1.7.30.jar
04-04-2022 12:39:11.041 [java] [CRITICAL] process C:\Program Files\Java\jdk1.8.0_202\jre\bin\java.exe with pid 6560 quit unexpectedly. exit status 1
04-04-2022 12:39:11.048 [Gauge] [DEBUG] Runner connection error: Runner with pid 11948 quit unexpectedly(exit status 1)
04-04-2022 12:39:11.048 [Gauge] [DEBUG] Error while killing runner: invalid argument
04-04-2022 12:39:11.048 [Gauge] [CRITICAL] Failed to start gauge API: Runner with pid 11948 quit unexpectedly(exit status 1)
04-04-2022 12:44:28.196 [Gauge] [DEBUG] Created gauge_screenshots_dir at C:\Users\testinium\IdeaProjects\Ozdilek\.gauge\screenshots
04-04-2022 12:44:28.201 [Gauge] [DEBUG] Plugin java is already installed.
04-04-2022 12:44:28.202 [Gauge] [DEBUG] Plugin html-report is already installed.
04-04-2022 12:44:28.203 [Gauge] [DEBUG] Parsing started.
04-04-2022 12:44:28.204 [Gauge] [DEBUG] Started concepts parsing.
04-04-2022 12:44:28.210 [Gauge] [ERROR] Concept parse failure: C:\Users\testinium\IdeaProjects\Ozdilek\specs\Ozdilek\Concepts\ProductPage.cpt C:\Users\testinium\IdeaProjects\Ozdilek\specs\Ozdilek\Concepts\LoginPage.cpt:14 Concept heading can have only Dynamic Parameters => 'Kullanıcı adı kısmına "Güngör" şifre kısmına "123" girildi.'
04-04-2022 12:44:28.210 [Gauge] [ERROR] Concept parse failure: C:\Users\testinium\IdeaProjects\Ozdilek\specs\Ozdilek\Concepts\ProductPage.cpt C:\Users\testinium\IdeaProjects\Ozdilek\specs\Ozdilek\Concepts\LoginPage.cpt:15 Step is not defined inside a concept heading => '"1" saniye kadar bekle'
04-04-2022 12:44:28.210 [Gauge] [ERROR] Concept parse failure: C:\Users\testinium\IdeaProjects\Ozdilek\specs\Ozdilek\Concepts\ProductPage.cpt C:\Users\testinium\IdeaProjects\Ozdilek\specs\Ozdilek\Concepts\LoginPage.cpt:16 Step is not defined inside a concept heading => 'Id "com.ozdilek.ozdilekteyim:id/etEposta" li elementi bul ve <k_adi> değerini gir'
04-04-2022 12:44:28.210 [Gauge] [ERROR] Concept parse failure: C:\Users\testinium\IdeaProjects\Ozdilek\specs\Ozdilek\Concepts\ProductPage.cpt C:\Users\testinium\IdeaProjects\Ozdilek\specs\Ozdilek\Concepts\LoginPage.cpt:17 Step is not defined inside a concept heading => 'Id "com.ozdilek.ozdilekteyim:id/etPassword" li elementi bul ve <password> değerini gir'
04-04-2022 12:44:28.210 [Gauge] [ERROR] Concept parse failure: C:\Users\testinium\IdeaProjects\Ozdilek\specs\Ozdilek\Concepts\ProductPage.cpt C:\Users\testinium\IdeaProjects\Ozdilek\specs\Ozdilek\Concepts\LoginPage.cpt:18 Step is not defined inside a concept heading => '"1" saniye kadar bekle'
04-04-2022 12:44:28.210 [Gauge] [ERROR] Concept parse failure: C:\Users\testinium\IdeaProjects\Ozdilek\specs\Ozdilek\Concepts\ProductPage.cpt C:\Users\testinium\IdeaProjects\Ozdilek\specs\Ozdilek\Concepts\MainPage.cpt:13 Duplicate concept definition found => 'Sayfa Doğrulandı.'
04-04-2022 12:44:28.210 [Gauge] [ERROR] Concept parse failure: C:\Users\testinium\IdeaProjects\Ozdilek\specs\Ozdilek\Concepts\ProductPage.cpt C:\Users\testinium\IdeaProjects\Ozdilek\specs\Ozdilek\Concepts\ShopPage.cpt:7 Duplicate concept definition found => 'Sayfa Doğrulandı.'
04-04-2022 12:44:28.210 [Gauge] [ERROR] [ParseError] C:\Users\testinium\IdeaProjects\Ozdilek\specs\Ozdilek\Concepts\LoginPage.cpt:14 Concept heading can have only Dynamic Parameters => 'Kullanıcı adı kısmına "Güngör" şifre kısmına "123" girildi.'
04-04-2022 12:44:28.210 [Gauge] [ERROR] [ParseError] C:\Users\testinium\IdeaProjects\Ozdilek\specs\Ozdilek\Concepts\LoginPage.cpt:15 Step is not defined inside a concept heading => '"1" saniye kadar bekle'
04-04-2022 12:44:28.210 [Gauge] [ERROR] [ParseError] C:\Users\testinium\IdeaProjects\Ozdilek\specs\Ozdilek\Concepts\LoginPage.cpt:16 Step is not defined inside a concept heading => 'Id "com.ozdilek.ozdilekteyim:id/etEposta" li elementi bul ve <k_adi> değerini gir'
04-04-2022 12:44:28.210 [Gauge] [ERROR] [ParseError] C:\Users\testinium\IdeaProjects\Ozdilek\specs\Ozdilek\Concepts\LoginPage.cpt:17 Step is not defined inside a concept heading => 'Id "com.ozdilek.ozdilekteyim:id/etPassword" li elementi bul ve <password> değerini gir'
04-04-2022 12:44:28.211 [Gauge] [ERROR] [ParseError] C:\Users\testinium\IdeaProjects\Ozdilek\specs\Ozdilek\Concepts\LoginPage.cpt:18 Step is not defined inside a concept heading => '"1" saniye kadar bekle'
04-04-2022 12:44:28.211 [Gauge] [ERROR] [ParseError] C:\Users\testinium\IdeaProjects\Ozdilek\specs\Ozdilek\Concepts\MainPage.cpt:13 Duplicate concept definition found => 'Sayfa Doğrulandı.'
04-04-2022 12:44:28.211 [Gauge] [ERROR] [ParseError] C:\Users\testinium\IdeaProjects\Ozdilek\specs\Ozdilek\Concepts\ShopPage.cpt:7 Duplicate concept definition found => 'Sayfa Doğrulandı.'
04-04-2022 12:44:28.211 [Gauge] [ERROR] [ParseError] C:\Users\testinium\IdeaProjects\Ozdilek\specs\Ozdilek\Concepts\ProductPage.cpt:4 Circular reference found in concept. "Rastgele bir ürün seçildi." => C:\Users\testinium\IdeaProjects\Ozdilek\specs\Ozdilek\Concepts\ProductPage.cpt:3 => 'Rastgele bir ürün seçildi.'
04-04-2022 12:44:28.211 [Gauge] [ERROR] [ParseError] C:\Users\testinium\IdeaProjects\Ozdilek\specs\Ozdilek\Concepts\ProductPage.cpt:3 Circular reference found in concept. "Rastgele bir ürün seçildi." => C:\Users\testinium\IdeaProjects\Ozdilek\specs\Ozdilek\Concepts\ProductPage.cpt:4 => 'Rastgele bir ürün seçildi.'
04-04-2022 12:44:28.211 [Gauge] [DEBUG] 12 concepts parsing completed.
04-04-2022 12:44:28.211 [Gauge] [DEBUG] Started specifications parsing.
04-04-2022 12:44:28.318 [Gauge] [DEBUG] 1 specifications parsing completed.
04-04-2022 12:44:28.318 [Gauge] [DEBUG] Parsing completed.
04-04-2022 12:44:28.321 [Gauge] [DEBUG] Staring java runner
04-04-2022 12:44:28.345 [java] [DEBUG] classpath set to C:\Program Files\Java\jdk1.8.0_202\jre\lib\charsets.jar;C:\Program Files\Java\jdk1.8.0_202\jre\lib\deploy.jar;C:\Program Files\Java\jdk1.8.0_202\jre\lib\ext\access-bridge-64.jar;C:\Program Files\Java\jdk1.8.0_202\jre\lib\ext\cldrdata.jar;C:\Program Files\Java\jdk1.8.0_202\jre\lib\ext\dnsns.jar;C:\Program Files\Java\jdk1.8.0_202\jre\lib\ext\jaccess.jar;C:\Program Files\Java\jdk1.8.0_202\jre\lib\ext\jfxrt.jar;C:\Program Files\Java\jdk1.8.0_202\jre\lib\ext\localedata.jar;C:\Program Files\Java\jdk1.8.0_202\jre\lib\ext\nashorn.jar;C:\Program Files\Java\jdk1.8.0_202\jre\lib\ext\sunec.jar;C:\Program Files\Java\jdk1.8.0_202\jre\lib\ext\sunjce_provider.jar;C:\Program Files\Java\jdk1.8.0_202\jre\lib\ext\sunmscapi.jar;C:\Program Files\Java\jdk1.8.0_202\jre\lib\ext\sunpkcs11.jar;C:\Program Files\Java\jdk1.8.0_202\jre\lib\ext\zipfs.jar;C:\Program Files\Java\jdk1.8.0_202\jre\lib\javaws.jar;C:\Program Files\Java\jdk1.8.0_202\jre\lib\jce.jar;C:\Program Files\Java\jdk1.8.0_202\jre\lib\jfr.jar;C:\Program Files\Java\jdk1.8.0_202\jre\lib\jfxswt.jar;C:\Program Files\Java\jdk1.8.0_202\jre\lib\jsse.jar;C:\Program Files\Java\jdk1.8.0_202\jre\lib\management-agent.jar;C:\Program Files\Java\jdk1.8.0_202\jre\lib\plugin.jar;C:\Program Files\Java\jdk1.8.0_202\jre\lib\resources.jar;C:\Program Files\Java\jdk1.8.0_202\jre\lib\rt.jar;C:\Users\testinium\IdeaProjects\Ozdilek\target\test-classes;C:\Users\testinium\.m2\repository\junit\junit\4.12\junit-4.12.jar;C:\Users\testinium\.m2\repository\org\hamcrest\hamcrest-core\1.3\hamcrest-core-1.3.jar;C:\Users\testinium\.m2\repository\com\thoughtworks\gauge\gauge-java\0.8.1\gauge-java-0.8.1.jar;C:\Users\testinium\.m2\repository\org\assertj\assertj-core\3.22.0\assertj-core-3.22.0.jar;C:\Users\testinium\.m2\repository\org\reflections\reflections\0.10.2\reflections-0.10.2.jar;C:\Users\testinium\.m2\repository\org\javassist\javassist\3.28.0-GA\javassist-3.28.0-GA.jar;C:\Users\testinium\.m2\repository\com\google\code\findbugs\jsr305\3.0.2\jsr305-3.0.2.jar;C:\Users\testinium\.m2\repository\com\github\javaparser\javaparser-core\3.16.3\javaparser-core-3.16.3.jar;C:\Users\testinium\.m2\repository\commons-io\commons-io\2.11.0\commons-io-2.11.0.jar;C:\Users\testinium\.m2\repository\commons-lang\commons-lang\2.6\commons-lang-2.6.jar;C:\Users\testinium\.m2\repository\org\json\json\20211205\json-20211205.jar;C:\Users\testinium\.m2\repository\com\google\protobuf\protobuf-java\3.19.3\protobuf-java-3.19.3.jar;C:\Users\testinium\.m2\repository\com\google\guava\guava\30.1.1-jre\guava-30.1.1-jre.jar;C:\Users\testinium\.m2\repository\com\google\guava\failureaccess\1.0.1\failureaccess-1.0.1.jar;C:\Users\testinium\.m2\repository\com\google\guava\listenablefuture\9999.0-empty-to-avoid-conflict-with-guava\listenablefuture-9999.0-empty-to-avoid-conflict-with-guava.jar;C:\Users\testinium\.m2\repository\org\checkerframework\checker-qual\3.8.0\checker-qual-3.8.0.jar;C:\Users\testinium\.m2\repository\com\google\errorprone\error_prone_annotations\2.5.1\error_prone_annotations-2.5.1.jar;C:\Users\testinium\.m2\repository\com\google\j2objc\j2objc-annotations\1.3\j2objc-annotations-1.3.jar;C:\Users\testinium\.m2\repository\io\grpc\grpc-netty-shaded\1.43.2\grpc-netty-shaded-1.43.2.jar;C:\Users\testinium\.m2\repository\io\perfmark\perfmark-api\0.23.0\perfmark-api-0.23.0.jar;C:\Users\testinium\.m2\repository\io\grpc\grpc-core\1.43.2\grpc-core-1.43.2.jar;C:\Users\testinium\.m2\repository\com\google\android\annotations\4.1.1.4\annotations-4.1.1.4.jar;C:\Users\testinium\.m2\repository\org\codehaus\mojo\animal-sniffer-annotations\1.19\animal-sniffer-annotations-1.19.jar;C:\Users\testinium\.m2\repository\io\grpc\grpc-protobuf\1.43.2\grpc-protobuf-1.43.2.jar;C:\Users\testinium\.m2\repository\io\grpc\grpc-api\1.43.2\grpc-api-1.43.2.jar;C:\Users\testinium\.m2\repository\io\grpc\grpc-context\1.43.2\grpc-context-1.43.2.jar;C:\Users\testinium\.m2\repository\com\google\api\grpc\proto-google-common-protos\2.0.1\proto-google-common-protos-2.0.1.jar;C:\Users\testinium\.m2\repository\io\grpc\grpc-protobuf-lite\1.43.2\grpc-protobuf-lite-1.43.2.jar;C:\Users\testinium\.m2\repository\io\grpc\grpc-stub\1.43.2\grpc-stub-1.43.2.jar;C:\Users\testinium\.m2\repository\javax\annotation\javax.annotation-api\1.3.2\javax.annotation-api-1.3.2.jar;C:\Users\testinium\.m2\repository\org\slf4j\slf4j-log4j12\1.7.30\slf4j-log4j12-1.7.30.jar;C:\Users\testinium\.m2\repository\log4j\log4j\1.2.17\log4j-1.2.17.jar;C:\Users\testinium\.m2\repository\org\apache\logging\log4j\log4j-core\2.17.1\log4j-core-2.17.1.jar;C:\Users\testinium\.m2\repository\org\apache\logging\log4j\log4j-api\2.17.1\log4j-api-2.17.1.jar;C:\Users\testinium\.m2\repository\io\appium\java-client\7.3.0\java-client-7.3.0.jar;C:\Users\testinium\.m2\repository\org\seleniumhq\selenium\selenium-java\3.141.59\selenium-java-3.141.59.jar;C:\Users\testinium\.m2\repository\org\seleniumhq\selenium\selenium-chrome-driver\3.141.59\selenium-chrome-driver-3.141.59.jar;C:\Users\testinium\.m2\repository\org\seleniumhq\selenium\selenium-edge-driver\3.141.59\selenium-edge-driver-3.141.59.jar;C:\Users\testinium\.m2\repository\org\seleniumhq\selenium\selenium-firefox-driver\3.141.59\selenium-firefox-driver-3.141.59.jar;C:\Users\testinium\.m2\repository\org\seleniumhq\selenium\selenium-ie-driver\3.141.59\selenium-ie-driver-3.141.59.jar;C:\Users\testinium\.m2\repository\org\seleniumhq\selenium\selenium-opera-driver\3.141.59\selenium-opera-driver-3.141.59.jar;C:\Users\testinium\.m2\repository\org\seleniumhq\selenium\selenium-remote-driver\3.141.59\selenium-remote-driver-3.141.59.jar;C:\Users\testinium\.m2\repository\org\seleniumhq\selenium\selenium-safari-driver\3.141.59\selenium-safari-driver-3.141.59.jar;C:\Users\testinium\.m2\repository\net\bytebuddy\byte-buddy\1.8.15\byte-buddy-1.8.15.jar;C:\Users\testinium\.m2\repository\org\apache\commons\commons-exec\1.3\commons-exec-1.3.jar;C:\Users\testinium\.m2\repository\com\squareup\okhttp3\okhttp\3.11.0\okhttp-3.11.0.jar;C:\Users\testinium\.m2\repository\com\squareup\okio\okio\1.14.0\okio-1.14.0.jar;C:\Users\testinium\.m2\repository\org\seleniumhq\selenium\selenium-support\3.141.59\selenium-support-3.141.59.jar;C:\Users\testinium\.m2\repository\org\seleniumhq\selenium\selenium-api\3.141.59\selenium-api-3.141.59.jar;C:\Users\testinium\.m2\repository\com\google\code\gson\gson\2.8.5\gson-2.8.5.jar;C:\Users\testinium\.m2\repository\org\apache\httpcomponents\httpclient\4.5.9\httpclient-4.5.9.jar;C:\Users\testinium\.m2\repository\org\apache\httpcomponents\httpcore\4.4.11\httpcore-4.4.11.jar;C:\Users\testinium\.m2\repository\commons-logging\commons-logging\1.2\commons-logging-1.2.jar;C:\Users\testinium\.m2\repository\commons-codec\commons-codec\1.11\commons-codec-1.11.jar;C:\Users\testinium\.m2\repository\cglib\cglib\3.2.12\cglib-3.2.12.jar;C:\Users\testinium\.m2\repository\org\ow2\asm\asm\7.1\asm-7.1.jar;C:\Users\testinium\.m2\repository\commons-validator\commons-validator\1.6\commons-validator-1.6.jar;C:\Users\testinium\.m2\repository\commons-beanutils\commons-beanutils\1.9.2\commons-beanutils-1.9.2.jar;C:\Users\testinium\.m2\repository\commons-digester\commons-digester\1.8.1\commons-digester-1.8.1.jar;C:\Users\testinium\.m2\repository\commons-collections\commons-collections\3.2.2\commons-collections-3.2.2.jar;C:\Users\testinium\.m2\repository\org\apache\commons\commons-lang3\3.9\commons-lang3-3.9.jar;C:\Users\testinium\.m2\repository\org\springframework\spring-context\5.1.8.RELEASE\spring-context-5.1.8.RELEASE.jar;C:\Users\testinium\.m2\repository\org\springframework\spring-aop\5.1.8.RELEASE\spring-aop-5.1.8.RELEASE.jar;C:\Users\testinium\.m2\repository\org\springframework\spring-beans\5.1.8.RELEASE\spring-beans-5.1.8.RELEASE.jar;C:\Users\testinium\.m2\repository\org\springframework\spring-core\5.1.8.RELEASE\spring-core-5.1.8.RELEASE.jar;C:\Users\testinium\.m2\repository\org\springframework\spring-jcl\5.1.8.RELEASE\spring-jcl-5.1.8.RELEASE.jar;C:\Users\testinium\.m2\repository\org\springframework\spring-expression\5.1.8.RELEASE\spring-expression-5.1.8.RELEASE.jar;C:\Users\testinium\.m2\repository\org\aspectj\aspectjweaver\1.9.4\aspectjweaver-1.9.4.jar;C:\Users\testinium\.m2\repository\org\slf4j\slf4j-api\1.7.30\slf4j-api-1.7.30.jar
04-04-2022 12:44:28.596 [java] [CRITICAL] process C:\Program Files\Java\jdk1.8.0_202\jre\bin\java.exe with pid 12316 quit unexpectedly. exit status 1
04-04-2022 12:44:28.602 [Gauge] [DEBUG] Runner connection error: Runner with pid 13120 quit unexpectedly(exit status 1)
04-04-2022 12:44:28.602 [Gauge] [DEBUG] Error while killing runner: invalid argument
04-04-2022 12:44:28.602 [Gauge] [CRITICAL] Failed to start gauge API: Runner with pid 13120 quit unexpectedly(exit status 1)
04-04-2022 12:45:42.104 [Gauge] [DEBUG] Created gauge_screenshots_dir at C:\Users\testinium\IdeaProjects\Ozdilek\.gauge\screenshots
04-04-2022 12:45:42.108 [Gauge] [DEBUG] Plugin java is already installed.
04-04-2022 12:45:42.109 [Gauge] [DEBUG] Plugin html-report is already installed.
04-04-2022 12:45:42.110 [Gauge] [DEBUG] Parsing started.
04-04-2022 12:45:42.110 [Gauge] [DEBUG] Started concepts parsing.
04-04-2022 12:45:42.120 [Gauge] [ERROR] Concept parse failure: C:\Users\testinium\IdeaProjects\Ozdilek\specs\Ozdilek\Concepts\MainPage.cpt C:\Users\testinium\IdeaProjects\Ozdilek\specs\Ozdilek\Concepts\ShopPage.cpt:7 Duplicate concept definition found => 'Sayfa Doğrulandı.'
04-04-2022 12:45:42.120 [Gauge] [ERROR] Concept parse failure: C:\Users\testinium\IdeaProjects\Ozdilek\specs\Ozdilek\Concepts\MainPage.cpt C:\Users\testinium\IdeaProjects\Ozdilek\specs\Ozdilek\Concepts\MainPage.cpt:13 Duplicate concept definition found => 'Sayfa Doğrulandı.'
04-04-2022 12:45:42.120 [Gauge] [ERROR] Concept parse failure: C:\Users\testinium\IdeaProjects\Ozdilek\specs\Ozdilek\Concepts\MainPage.cpt C:\Users\testinium\IdeaProjects\Ozdilek\specs\Ozdilek\Concepts\LoginPage.cpt:14 Concept heading can have only Dynamic Parameters => 'Kullanıcı adı kısmına "Güngör" şifre kısmına "123" girildi.'
04-04-2022 12:45:42.121 [Gauge] [ERROR] Concept parse failure: C:\Users\testinium\IdeaProjects\Ozdilek\specs\Ozdilek\Concepts\MainPage.cpt C:\Users\testinium\IdeaProjects\Ozdilek\specs\Ozdilek\Concepts\LoginPage.cpt:15 Step is not defined inside a concept heading => '"1" saniye kadar bekle'
04-04-2022 12:45:42.121 [Gauge] [ERROR] Concept parse failure: C:\Users\testinium\IdeaProjects\Ozdilek\specs\Ozdilek\Concepts\MainPage.cpt C:\Users\testinium\IdeaProjects\Ozdilek\specs\Ozdilek\Concepts\LoginPage.cpt:16 Step is not defined inside a concept heading => 'Id "com.ozdilek.ozdilekteyim:id/etEposta" li elementi bul ve <k_adi> değerini gir'
04-04-2022 12:45:42.121 [Gauge] [ERROR] Concept parse failure: C:\Users\testinium\IdeaProjects\Ozdilek\specs\Ozdilek\Concepts\MainPage.cpt C:\Users\testinium\IdeaProjects\Ozdilek\specs\Ozdilek\Concepts\LoginPage.cpt:17 Step is not defined inside a concept heading => 'Id "com.ozdilek.ozdilekteyim:id/etPassword" li elementi bul ve <password> değerini gir'
04-04-2022 12:45:42.121 [Gauge] [ERROR] Concept parse failure: C:\Users\testinium\IdeaProjects\Ozdilek\specs\Ozdilek\Concepts\MainPage.cpt C:\Users\testinium\IdeaProjects\Ozdilek\specs\Ozdilek\Concepts\LoginPage.cpt:18 Step is not defined inside a concept heading => '"1" saniye kadar bekle'
04-04-2022 12:45:42.121 [Gauge] [ERROR] [ParseError] C:\Users\testinium\IdeaProjects\Ozdilek\specs\Ozdilek\Concepts\ShopPage.cpt:7 Duplicate concept definition found => 'Sayfa Doğrulandı.'
04-04-2022 12:45:42.121 [Gauge] [ERROR] [ParseError] C:\Users\testinium\IdeaProjects\Ozdilek\specs\Ozdilek\Concepts\MainPage.cpt:13 Duplicate concept definition found => 'Sayfa Doğrulandı.'
04-04-2022 12:45:42.121 [Gauge] [ERROR] [ParseError] C:\Users\testinium\IdeaProjects\Ozdilek\specs\Ozdilek\Concepts\LoginPage.cpt:14 Concept heading can have only Dynamic Parameters => 'Kullanıcı adı kısmına "Güngör" şifre kısmına "123" girildi.'
04-04-2022 12:45:42.121 [Gauge] [ERROR] [ParseError] C:\Users\testinium\IdeaProjects\Ozdilek\specs\Ozdilek\Concepts\LoginPage.cpt:15 Step is not defined inside a concept heading => '"1" saniye kadar bekle'
04-04-2022 12:45:42.121 [Gauge] [ERROR] [ParseError] C:\Users\testinium\IdeaProjects\Ozdilek\specs\Ozdilek\Concepts\LoginPage.cpt:16 Step is not defined inside a concept heading => 'Id "com.ozdilek.ozdilekteyim:id/etEposta" li elementi bul ve <k_adi> değerini gir'
04-04-2022 12:45:42.121 [Gauge] [ERROR] [ParseError] C:\Users\testinium\IdeaProjects\Ozdilek\specs\Ozdilek\Concepts\LoginPage.cpt:17 Step is not defined inside a concept heading => 'Id "com.ozdilek.ozdilekteyim:id/etPassword" li elementi bul ve <password> değerini gir'
04-04-2022 12:45:42.121 [Gauge] [ERROR] [ParseError] C:\Users\testinium\IdeaProjects\Ozdilek\specs\Ozdilek\Concepts\LoginPage.cpt:18 Step is not defined inside a concept heading => '"1" saniye kadar bekle'
04-04-2022 12:45:42.121 [Gauge] [ERROR] [ParseError] C:\Users\testinium\IdeaProjects\Ozdilek\specs\Ozdilek\Concepts\ProductPage.cpt:4 Circular reference found in concept. "Rastgele bir ürün seçildi." => C:\Users\testinium\IdeaProjects\Ozdilek\specs\Ozdilek\Concepts\ProductPage.cpt:3 => 'Rastgele bir ürün seçildi.'
04-04-2022 12:45:42.121 [Gauge] [ERROR] [ParseError] C:\Users\testinium\IdeaProjects\Ozdilek\specs\Ozdilek\Concepts\ProductPage.cpt:3 Circular reference found in concept. "Rastgele bir ürün seçildi." => C:\Users\testinium\IdeaProjects\Ozdilek\specs\Ozdilek\Concepts\ProductPage.cpt:4 => 'Rastgele bir ürün seçildi.'
04-04-2022 12:45:42.121 [Gauge] [DEBUG] 12 concepts parsing completed.
04-04-2022 12:45:42.121 [Gauge] [DEBUG] Started specifications parsing.
04-04-2022 12:45:42.124 [Gauge] [DEBUG] 1 specifications parsing completed.
04-04-2022 12:45:42.124 [Gauge] [DEBUG] Parsing completed.
04-04-2022 12:45:42.128 [Gauge] [DEBUG] Staring java runner
04-04-2022 12:45:42.159 [java] [DEBUG] classpath set to C:\Program Files\Java\jdk1.8.0_202\jre\lib\charsets.jar;C:\Program Files\Java\jdk1.8.0_202\jre\lib\deploy.jar;C:\Program Files\Java\jdk1.8.0_202\jre\lib\ext\access-bridge-64.jar;C:\Program Files\Java\jdk1.8.0_202\jre\lib\ext\cldrdata.jar;C:\Program Files\Java\jdk1.8.0_202\jre\lib\ext\dnsns.jar;C:\Program Files\Java\jdk1.8.0_202\jre\lib\ext\jaccess.jar;C:\Program Files\Java\jdk1.8.0_202\jre\lib\ext\jfxrt.jar;C:\Program Files\Java\jdk1.8.0_202\jre\lib\ext\localedata.jar;C:\Program Files\Java\jdk1.8.0_202\jre\lib\ext\nashorn.jar;C:\Program Files\Java\jdk1.8.0_202\jre\lib\ext\sunec.jar;C:\Program Files\Java\jdk1.8.0_202\jre\lib\ext\sunjce_provider.jar;C:\Program Files\Java\jdk1.8.0_202\jre\lib\ext\sunmscapi.jar;C:\Program Files\Java\jdk1.8.0_202\jre\lib\ext\sunpkcs11.jar;C:\Program Files\Java\jdk1.8.0_202\jre\lib\ext\zipfs.jar;C:\Program Files\Java\jdk1.8.0_202\jre\lib\javaws.jar;C:\Program Files\Java\jdk1.8.0_202\jre\lib\jce.jar;C:\Program Files\Java\jdk1.8.0_202\jre\lib\jfr.jar;C:\Program Files\Java\jdk1.8.0_202\jre\lib\jfxswt.jar;C:\Program Files\Java\jdk1.8.0_202\jre\lib\jsse.jar;C:\Program Files\Java\jdk1.8.0_202\jre\lib\management-agent.jar;C:\Program Files\Java\jdk1.8.0_202\jre\lib\plugin.jar;C:\Program Files\Java\jdk1.8.0_202\jre\lib\resources.jar;C:\Program Files\Java\jdk1.8.0_202\jre\lib\rt.jar;C:\Users\testinium\IdeaProjects\Ozdilek\target\test-classes;C:\Users\testinium\.m2\repository\junit\junit\4.12\junit-4.12.jar;C:\Users\testinium\.m2\repository\org\hamcrest\hamcrest-core\1.3\hamcrest-core-1.3.jar;C:\Users\testinium\.m2\repository\com\thoughtworks\gauge\gauge-java\0.8.1\gauge-java-0.8.1.jar;C:\Users\testinium\.m2\repository\org\assertj\assertj-core\3.22.0\assertj-core-3.22.0.jar;C:\Users\testinium\.m2\repository\org\reflections\reflections\0.10.2\reflections-0.10.2.jar;C:\Users\testinium\.m2\repository\org\javassist\javassist\3.28.0-GA\javassist-3.28.0-GA.jar;C:\Users\testinium\.m2\repository\com\google\code\findbugs\jsr305\3.0.2\jsr305-3.0.2.jar;C:\Users\testinium\.m2\repository\com\github\javaparser\javaparser-core\3.16.3\javaparser-core-3.16.3.jar;C:\Users\testinium\.m2\repository\commons-io\commons-io\2.11.0\commons-io-2.11.0.jar;C:\Users\testinium\.m2\repository\commons-lang\commons-lang\2.6\commons-lang-2.6.jar;C:\Users\testinium\.m2\repository\org\json\json\20211205\json-20211205.jar;C:\Users\testinium\.m2\repository\com\google\protobuf\protobuf-java\3.19.3\protobuf-java-3.19.3.jar;C:\Users\testinium\.m2\repository\com\google\guava\guava\30.1.1-jre\guava-30.1.1-jre.jar;C:\Users\testinium\.m2\repository\com\google\guava\failureaccess\1.0.1\failureaccess-1.0.1.jar;C:\Users\testinium\.m2\repository\com\google\guava\listenablefuture\9999.0-empty-to-avoid-conflict-with-guava\listenablefuture-9999.0-empty-to-avoid-conflict-with-guava.jar;C:\Users\testinium\.m2\repository\org\checkerframework\checker-qual\3.8.0\checker-qual-3.8.0.jar;C:\Users\testinium\.m2\repository\com\google\errorprone\error_prone_annotations\2.5.1\error_prone_annotations-2.5.1.jar;C:\Users\testinium\.m2\repository\com\google\j2objc\j2objc-annotations\1.3\j2objc-annotations-1.3.jar;C:\Users\testinium\.m2\repository\io\grpc\grpc-netty-shaded\1.43.2\grpc-netty-shaded-1.43.2.jar;C:\Users\testinium\.m2\repository\io\perfmark\perfmark-api\0.23.0\perfmark-api-0.23.0.jar;C:\Users\testinium\.m2\repository\io\grpc\grpc-core\1.43.2\grpc-core-1.43.2.jar;C:\Users\testinium\.m2\repository\com\google\android\annotations\4.1.1.4\annotations-4.1.1.4.jar;C:\Users\testinium\.m2\repository\org\codehaus\mojo\animal-sniffer-annotations\1.19\animal-sniffer-annotations-1.19.jar;C:\Users\testinium\.m2\repository\io\grpc\grpc-protobuf\1.43.2\grpc-protobuf-1.43.2.jar;C:\Users\testinium\.m2\repository\io\grpc\grpc-api\1.43.2\grpc-api-1.43.2.jar;C:\Users\testinium\.m2\repository\io\grpc\grpc-context\1.43.2\grpc-context-1.43.2.jar;C:\Users\testinium\.m2\repository\com\google\api\grpc\proto-google-common-protos\2.0.1\proto-google-common-protos-2.0.1.jar;C:\Users\testinium\.m2\repository\io\grpc\grpc-protobuf-lite\1.43.2\grpc-protobuf-lite-1.43.2.jar;C:\Users\testinium\.m2\repository\io\grpc\grpc-stub\1.43.2\grpc-stub-1.43.2.jar;C:\Users\testinium\.m2\repository\javax\annotation\javax.annotation-api\1.3.2\javax.annotation-api-1.3.2.jar;C:\Users\testinium\.m2\repository\org\slf4j\slf4j-log4j12\1.7.30\slf4j-log4j12-1.7.30.jar;C:\Users\testinium\.m2\repository\log4j\log4j\1.2.17\log4j-1.2.17.jar;C:\Users\testinium\.m2\repository\org\apache\logging\log4j\log4j-core\2.17.1\log4j-core-2.17.1.jar;C:\Users\testinium\.m2\repository\org\apache\logging\log4j\log4j-api\2.17.1\log4j-api-2.17.1.jar;C:\Users\testinium\.m2\repository\io\appium\java-client\7.3.0\java-client-7.3.0.jar;C:\Users\testinium\.m2\repository\org\seleniumhq\selenium\selenium-java\3.141.59\selenium-java-3.141.59.jar;C:\Users\testinium\.m2\repository\org\seleniumhq\selenium\selenium-chrome-driver\3.141.59\selenium-chrome-driver-3.141.59.jar;C:\Users\testinium\.m2\repository\org\seleniumhq\selenium\selenium-edge-driver\3.141.59\selenium-edge-driver-3.141.59.jar;C:\Users\testinium\.m2\repository\org\seleniumhq\selenium\selenium-firefox-driver\3.141.59\selenium-firefox-driver-3.141.59.jar;C:\Users\testinium\.m2\repository\org\seleniumhq\selenium\selenium-ie-driver\3.141.59\selenium-ie-driver-3.141.59.jar;C:\Users\testinium\.m2\repository\org\seleniumhq\selenium\selenium-opera-driver\3.141.59\selenium-opera-driver-3.141.59.jar;C:\Users\testinium\.m2\repository\org\seleniumhq\selenium\selenium-remote-driver\3.141.59\selenium-remote-driver-3.141.59.jar;C:\Users\testinium\.m2\repository\org\seleniumhq\selenium\selenium-safari-driver\3.141.59\selenium-safari-driver-3.141.59.jar;C:\Users\testinium\.m2\repository\net\bytebuddy\byte-buddy\1.8.15\byte-buddy-1.8.15.jar;C:\Users\testinium\.m2\repository\org\apache\commons\commons-exec\1.3\commons-exec-1.3.jar;C:\Users\testinium\.m2\repository\com\squareup\okhttp3\okhttp\3.11.0\okhttp-3.11.0.jar;C:\Users\testinium\.m2\repository\com\squareup\okio\okio\1.14.0\okio-1.14.0.jar;C:\Users\testinium\.m2\repository\org\seleniumhq\selenium\selenium-support\3.141.59\selenium-support-3.141.59.jar;C:\Users\testinium\.m2\repository\org\seleniumhq\selenium\selenium-api\3.141.59\selenium-api-3.141.59.jar;C:\Users\testinium\.m2\repository\com\google\code\gson\gson\2.8.5\gson-2.8.5.jar;C:\Users\testinium\.m2\repository\org\apache\httpcomponents\httpclient\4.5.9\httpclient-4.5.9.jar;C:\Users\testinium\.m2\repository\org\apache\httpcomponents\httpcore\4.4.11\httpcore-4.4.11.jar;C:\Users\testinium\.m2\repository\commons-logging\commons-logging\1.2\commons-logging-1.2.jar;C:\Users\testinium\.m2\repository\commons-codec\commons-codec\1.11\commons-codec-1.11.jar;C:\Users\testinium\.m2\repository\cglib\cglib\3.2.12\cglib-3.2.12.jar;C:\Users\testinium\.m2\repository\org\ow2\asm\asm\7.1\asm-7.1.jar;C:\Users\testinium\.m2\repository\commons-validator\commons-validator\1.6\commons-validator-1.6.jar;C:\Users\testinium\.m2\repository\commons-beanutils\commons-beanutils\1.9.2\commons-beanutils-1.9.2.jar;C:\Users\testinium\.m2\repository\commons-digester\commons-digester\1.8.1\commons-digester-1.8.1.jar;C:\Users\testinium\.m2\repository\commons-collections\commons-collections\3.2.2\commons-collections-3.2.2.jar;C:\Users\testinium\.m2\repository\org\apache\commons\commons-lang3\3.9\commons-lang3-3.9.jar;C:\Users\testinium\.m2\repository\org\springframework\spring-context\5.1.8.RELEASE\spring-context-5.1.8.RELEASE.jar;C:\Users\testinium\.m2\repository\org\springframework\spring-aop\5.1.8.RELEASE\spring-aop-5.1.8.RELEASE.jar;C:\Users\testinium\.m2\repository\org\springframework\spring-beans\5.1.8.RELEASE\spring-beans-5.1.8.RELEASE.jar;C:\Users\testinium\.m2\repository\org\springframework\spring-core\5.1.8.RELEASE\spring-core-5.1.8.RELEASE.jar;C:\Users\testinium\.m2\repository\org\springframework\spring-jcl\5.1.8.RELEASE\spring-jcl-5.1.8.RELEASE.jar;C:\Users\testinium\.m2\repository\org\springframework\spring-expression\5.1.8.RELEASE\spring-expression-5.1.8.RELEASE.jar;C:\Users\testinium\.m2\repository\org\aspectj\aspectjweaver\1.9.4\aspectjweaver-1.9.4.jar;C:\Users\testinium\.m2\repository\org\slf4j\slf4j-api\1.7.30\slf4j-api-1.7.30.jar
04-04-2022 12:45:42.491 [java] [CRITICAL] process C:\Program Files\Java\jdk1.8.0_202\jre\bin\java.exe with pid 11036 quit unexpectedly. exit status 1
04-04-2022 12:45:42.497 [Gauge] [DEBUG] Runner connection error: Runner with pid 3448 quit unexpectedly(exit status 1)
04-04-2022 12:45:42.497 [Gauge] [DEBUG] Error while killing runner: invalid argument
04-04-2022 12:45:42.497 [Gauge] [CRITICAL] Failed to start gauge API: Runner with pid 3448 quit unexpectedly(exit status 1)
04-04-2022 13:04:52.086 [Gauge] [DEBUG] Created gauge_screenshots_dir at C:\Users\testinium\IdeaProjects\Ozdilek\.gauge\screenshots
04-04-2022 13:04:52.090 [Gauge] [DEBUG] Plugin java is already installed.
04-04-2022 13:04:52.091 [Gauge] [DEBUG] Plugin html-report is already installed.
04-04-2022 13:04:52.092 [Gauge] [DEBUG] Parsing started.
04-04-2022 13:04:52.093 [Gauge] [DEBUG] Started concepts parsing.
04-04-2022 13:04:52.100 [Gauge] [ERROR] Concept parse failure: C:\Users\testinium\IdeaProjects\Ozdilek\specs\Ozdilek\Concepts\BuyPage.cpt C:\Users\testinium\IdeaProjects\Ozdilek\specs\Ozdilek\Concepts\LoginPage.cpt:14 Concept heading can have only Dynamic Parameters => 'Kullanıcı adı kısmına "Güngör" şifre kısmına "123" girildi.'
04-04-2022 13:04:52.100 [Gauge] [ERROR] Concept parse failure: C:\Users\testinium\IdeaProjects\Ozdilek\specs\Ozdilek\Concepts\BuyPage.cpt C:\Users\testinium\IdeaProjects\Ozdilek\specs\Ozdilek\Concepts\LoginPage.cpt:15 Step is not defined inside a concept heading => '"1" saniye kadar bekle'
04-04-2022 13:04:52.100 [Gauge] [ERROR] Concept parse failure: C:\Users\testinium\IdeaProjects\Ozdilek\specs\Ozdilek\Concepts\BuyPage.cpt C:\Users\testinium\IdeaProjects\Ozdilek\specs\Ozdilek\Concepts\LoginPage.cpt:16 Step is not defined inside a concept heading => 'Id "com.ozdilek.ozdilekteyim:id/etEposta" li elementi bul ve <k_adi> değerini gir'
04-04-2022 13:04:52.100 [Gauge] [ERROR] Concept parse failure: C:\Users\testinium\IdeaProjects\Ozdilek\specs\Ozdilek\Concepts\BuyPage.cpt C:\Users\testinium\IdeaProjects\Ozdilek\specs\Ozdilek\Concepts\LoginPage.cpt:17 Step is not defined inside a concept heading => 'Id "com.ozdilek.ozdilekteyim:id/etPassword" li elementi bul ve <password> değerini gir'
04-04-2022 13:04:52.100 [Gauge] [ERROR] Concept parse failure: C:\Users\testinium\IdeaProjects\Ozdilek\specs\Ozdilek\Concepts\BuyPage.cpt C:\Users\testinium\IdeaProjects\Ozdilek\specs\Ozdilek\Concepts\LoginPage.cpt:18 Step is not defined inside a concept heading => '"1" saniye kadar bekle'
04-04-2022 13:04:52.100 [Gauge] [ERROR] Concept parse failure: C:\Users\testinium\IdeaProjects\Ozdilek\specs\Ozdilek\Concepts\BuyPage.cpt C:\Users\testinium\IdeaProjects\Ozdilek\specs\Ozdilek\Concepts\ShopPage.cpt:7 Duplicate concept definition found => 'Sayfa Doğrulandı.'
04-04-2022 13:04:52.100 [Gauge] [ERROR] Concept parse failure: C:\Users\testinium\IdeaProjects\Ozdilek\specs\Ozdilek\Concepts\BuyPage.cpt C:\Users\testinium\IdeaProjects\Ozdilek\specs\Ozdilek\Concepts\MainPage.cpt:13 Duplicate concept definition found => 'Sayfa Doğrulandı.'
04-04-2022 13:04:52.100 [Gauge] [ERROR] [ParseError] C:\Users\testinium\IdeaProjects\Ozdilek\specs\Ozdilek\Concepts\LoginPage.cpt:14 Concept heading can have only Dynamic Parameters => 'Kullanıcı adı kısmına "Güngör" şifre kısmına "123" girildi.'
04-04-2022 13:04:52.100 [Gauge] [ERROR] [ParseError] C:\Users\testinium\IdeaProjects\Ozdilek\specs\Ozdilek\Concepts\LoginPage.cpt:15 Step is not defined inside a concept heading => '"1" saniye kadar bekle'
04-04-2022 13:04:52.100 [Gauge] [ERROR] [ParseError] C:\Users\testinium\IdeaProjects\Ozdilek\specs\Ozdilek\Concepts\LoginPage.cpt:16 Step is not defined inside a concept heading => 'Id "com.ozdilek.ozdilekteyim:id/etEposta" li elementi bul ve <k_adi> değerini gir'
04-04-2022 13:04:52.100 [Gauge] [ERROR] [ParseError] C:\Users\testinium\IdeaProjects\Ozdilek\specs\Ozdilek\Concepts\LoginPage.cpt:17 Step is not defined inside a concept heading => 'Id "com.ozdilek.ozdilekteyim:id/etPassword" li elementi bul ve <password> değerini gir'
04-04-2022 13:04:52.100 [Gauge] [ERROR] [ParseError] C:\Users\testinium\IdeaProjects\Ozdilek\specs\Ozdilek\Concepts\LoginPage.cpt:18 Step is not defined inside a concept heading => '"1" saniye kadar bekle'
04-04-2022 13:04:52.100 [Gauge] [ERROR] [ParseError] C:\Users\testinium\IdeaProjects\Ozdilek\specs\Ozdilek\Concepts\ShopPage.cpt:7 Duplicate concept definition found => 'Sayfa Doğrulandı.'
04-04-2022 13:04:52.100 [Gauge] [ERROR] [ParseError] C:\Users\testinium\IdeaProjects\Ozdilek\specs\Ozdilek\Concepts\MainPage.cpt:13 Duplicate concept definition found => 'Sayfa Doğrulandı.'
04-04-2022 13:04:52.100 [Gauge] [ERROR] [ParseError] C:\Users\testinium\IdeaProjects\Ozdilek\specs\Ozdilek\Concepts\ProductPage.cpt:4 Circular reference found in concept. "Rastgele bir ürün seçildi." => C:\Users\testinium\IdeaProjects\Ozdilek\specs\Ozdilek\Concepts\ProductPage.cpt:3 => 'Rastgele bir ürün seçildi.'
04-04-2022 13:04:52.100 [Gauge] [ERROR] [ParseError] C:\Users\testinium\IdeaProjects\Ozdilek\specs\Ozdilek\Concepts\ProductPage.cpt:3 Circular reference found in concept. "Rastgele bir ürün seçildi." => C:\Users\testinium\IdeaProjects\Ozdilek\specs\Ozdilek\Concepts\ProductPage.cpt:4 => 'Rastgele bir ürün seçildi.'
04-04-2022 13:04:52.100 [Gauge] [DEBUG] 12 concepts parsing completed.
04-04-2022 13:04:52.100 [Gauge] [DEBUG] Started specifications parsing.
04-04-2022 13:04:52.102 [Gauge] [DEBUG] 1 specifications parsing completed.
04-04-2022 13:04:52.102 [Gauge] [DEBUG] Parsing completed.
04-04-2022 13:04:52.106 [Gauge] [DEBUG] Staring java runner
04-04-2022 13:04:52.186 [java] [DEBUG] classpath set to C:\Users\testinium\.jdks\openjdk-18!\java.base;C:\Users\testinium\.jdks\openjdk-18!\java.compiler;C:\Users\testinium\.jdks\openjdk-18!\java.datatransfer;C:\Users\testinium\.jdks\openjdk-18!\java.desktop;C:\Users\testinium\.jdks\openjdk-18!\java.instrument;C:\Users\testinium\.jdks\openjdk-18!\java.logging;C:\Users\testinium\.jdks\openjdk-18!\java.management;C:\Users\testinium\.jdks\openjdk-18!\java.management.rmi;C:\Users\testinium\.jdks\openjdk-18!\java.naming;C:\Users\testinium\.jdks\openjdk-18!\java.net.http;C:\Users\testinium\.jdks\openjdk-18!\java.prefs;C:\Users\testinium\.jdks\openjdk-18!\java.rmi;C:\Users\testinium\.jdks\openjdk-18!\java.scripting;C:\Users\testinium\.jdks\openjdk-18!\java.se;C:\Users\testinium\.jdks\openjdk-18!\java.security.jgss;C:\Users\testinium\.jdks\openjdk-18!\java.security.sasl;C:\Users\testinium\.jdks\openjdk-18!\java.smartcardio;C:\Users\testinium\.jdks\openjdk-18!\java.sql;C:\Users\testinium\.jdks\openjdk-18!\java.sql.rowset;C:\Users\testinium\.jdks\openjdk-18!\java.transaction.xa;C:\Users\testinium\.jdks\openjdk-18!\java.xml;C:\Users\testinium\.jdks\openjdk-18!\java.xml.crypto;C:\Users\testinium\.jdks\openjdk-18!\jdk.accessibility;C:\Users\testinium\.jdks\openjdk-18!\jdk.attach;C:\Users\testinium\.jdks\openjdk-18!\jdk.charsets;C:\Users\testinium\.jdks\openjdk-18!\jdk.compiler;C:\Users\testinium\.jdks\openjdk-18!\jdk.crypto.cryptoki;C:\Users\testinium\.jdks\openjdk-18!\jdk.crypto.ec;C:\Users\testinium\.jdks\openjdk-18!\jdk.crypto.mscapi;C:\Users\testinium\.jdks\openjdk-18!\jdk.dynalink;C:\Users\testinium\.jdks\openjdk-18!\jdk.editpad;C:\Users\testinium\.jdks\openjdk-18!\jdk.hotspot.agent;C:\Users\testinium\.jdks\openjdk-18!\jdk.httpserver;C:\Users\testinium\.jdks\openjdk-18!\jdk.incubator.foreign;C:\Users\testinium\.jdks\openjdk-18!\jdk.incubator.vector;C:\Users\testinium\.jdks\openjdk-18!\jdk.internal.ed;C:\Users\testinium\.jdks\openjdk-18!\jdk.internal.jvmstat;C:\Users\testinium\.jdks\openjdk-18!\jdk.internal.le;C:\Users\testinium\.jdks\openjdk-18!\jdk.internal.opt;C:\Users\testinium\.jdks\openjdk-18!\jdk.internal.vm.ci;C:\Users\testinium\.jdks\openjdk-18!\jdk.internal.vm.compiler;C:\Users\testinium\.jdks\openjdk-18!\jdk.internal.vm.compiler.management;C:\Users\testinium\.jdks\openjdk-18!\jdk.jartool;C:\Users\testinium\.jdks\openjdk-18!\jdk.javadoc;C:\Users\testinium\.jdks\openjdk-18!\jdk.jcmd;C:\Users\testinium\.jdks\openjdk-18!\jdk.jconsole;C:\Users\testinium\.jdks\openjdk-18!\jdk.jdeps;C:\Users\testinium\.jdks\openjdk-18!\jdk.jdi;C:\Users\testinium\.jdks\openjdk-18!\jdk.jdwp.agent;C:\Users\testinium\.jdks\openjdk-18!\jdk.jfr;C:\Users\testinium\.jdks\openjdk-18!\jdk.jlink;C:\Users\testinium\.jdks\openjdk-18!\jdk.jpackage;C:\Users\testinium\.jdks\openjdk-18!\jdk.jshell;C:\Users\testinium\.jdks\openjdk-18!\jdk.jsobject;C:\Users\testinium\.jdks\openjdk-18!\jdk.jstatd;C:\Users\testinium\.jdks\openjdk-18!\jdk.localedata;C:\Users\testinium\.jdks\openjdk-18!\jdk.management;C:\Users\testinium\.jdks\openjdk-18!\jdk.management.agent;C:\Users\testinium\.jdks\openjdk-18!\jdk.management.jfr;C:\Users\testinium\.jdks\openjdk-18!\jdk.naming.dns;C:\Users\testinium\.jdks\openjdk-18!\jdk.naming.rmi;C:\Users\testinium\.jdks\openjdk-18!\jdk.net;C:\Users\testinium\.jdks\openjdk-18!\jdk.nio.mapmode;C:\Users\testinium\.jdks\openjdk-18!\jdk.random;C:\Users\testinium\.jdks\openjdk-18!\jdk.sctp;C:\Users\testinium\.jdks\openjdk-18!\jdk.security.auth;C:\Users\testinium\.jdks\openjdk-18!\jdk.security.jgss;C:\Users\testinium\.jdks\openjdk-18!\jdk.unsupported;C:\Users\testinium\.jdks\openjdk-18!\jdk.unsupported.desktop;C:\Users\testinium\.jdks\openjdk-18!\jdk.xml.dom;C:\Users\testinium\.jdks\openjdk-18!\jdk.zipfs;C:\Users\testinium\IdeaProjects\Ozdilek\target\test-classes;C:\Users\testinium\.m2\repository\junit\junit\4.12\junit-4.12.jar;C:\Users\testinium\.m2\repository\org\hamcrest\hamcrest-core\1.3\hamcrest-core-1.3.jar;C:\Users\testinium\.m2\repository\com\thoughtworks\gauge\gauge-java\0.8.1\gauge-java-0.8.1.jar;C:\Users\testinium\.m2\repository\org\assertj\assertj-core\3.22.0\assertj-core-3.22.0.jar;C:\Users\testinium\.m2\repository\org\reflections\reflections\0.10.2\reflections-0.10.2.jar;C:\Users\testinium\.m2\repository\org\javassist\javassist\3.28.0-GA\javassist-3.28.0-GA.jar;C:\Users\testinium\.m2\repository\com\google\code\findbugs\jsr305\3.0.2\jsr305-3.0.2.jar;C:\Users\testinium\.m2\repository\com\github\javaparser\javaparser-core\3.16.3\javaparser-core-3.16.3.jar;C:\Users\testinium\.m2\repository\commons-io\commons-io\2.11.0\commons-io-2.11.0.jar;C:\Users\testinium\.m2\repository\commons-lang\commons-lang\2.6\commons-lang-2.6.jar;C:\Users\testinium\.m2\repository\org\json\json\20211205\json-20211205.jar;C:\Users\testinium\.m2\repository\com\google\protobuf\protobuf-java\3.19.3\protobuf-java-3.19.3.jar;C:\Users\testinium\.m2\repository\com\google\guava\guava\30.1.1-jre\guava-30.1.1-jre.jar;C:\Users\testinium\.m2\repository\com\google\guava\failureaccess\1.0.1\failureaccess-1.0.1.jar;C:\Users\testinium\.m2\repository\com\google\guava\listenablefuture\9999.0-empty-to-avoid-conflict-with-guava\listenablefuture-9999.0-empty-to-avoid-conflict-with-guava.jar;C:\Users\testinium\.m2\repository\org\checkerframework\checker-qual\3.8.0\checker-qual-3.8.0.jar;C:\Users\testinium\.m2\repository\com\google\errorprone\error_prone_annotations\2.5.1\error_prone_annotations-2.5.1.jar;C:\Users\testinium\.m2\repository\com\google\j2objc\j2objc-annotations\1.3\j2objc-annotations-1.3.jar;C:\Users\testinium\.m2\repository\io\grpc\grpc-netty-shaded\1.43.2\grpc-netty-shaded-1.43.2.jar;C:\Users\testinium\.m2\repository\io\perfmark\perfmark-api\0.23.0\perfmark-api-0.23.0.jar;C:\Users\testinium\.m2\repository\io\grpc\grpc-core\1.43.2\grpc-core-1.43.2.jar;C:\Users\testinium\.m2\repository\com\google\android\annotations\4.1.1.4\annotations-4.1.1.4.jar;C:\Users\testinium\.m2\repository\org\codehaus\mojo\animal-sniffer-annotations\1.19\animal-sniffer-annotations-1.19.jar;C:\Users\testinium\.m2\repository\io\grpc\grpc-protobuf\1.43.2\grpc-protobuf-1.43.2.jar;C:\Users\testinium\.m2\repository\io\grpc\grpc-api\1.43.2\grpc-api-1.43.2.jar;C:\Users\testinium\.m2\repository\io\grpc\grpc-context\1.43.2\grpc-context-1.43.2.jar;C:\Users\testinium\.m2\repository\com\google\api\grpc\proto-google-common-protos\2.0.1\proto-google-common-protos-2.0.1.jar;C:\Users\testinium\.m2\repository\io\grpc\grpc-protobuf-lite\1.43.2\grpc-protobuf-lite-1.43.2.jar;C:\Users\testinium\.m2\repository\io\grpc\grpc-stub\1.43.2\grpc-stub-1.43.2.jar;C:\Users\testinium\.m2\repository\javax\annotation\javax.annotation-api\1.3.2\javax.annotation-api-1.3.2.jar;C:\Users\testinium\.m2\repository\org\slf4j\slf4j-log4j12\1.7.30\slf4j-log4j12-1.7.30.jar;C:\Users\testinium\.m2\repository\log4j\log4j\1.2.17\log4j-1.2.17.jar;C:\Users\testinium\.m2\repository\org\apache\logging\log4j\log4j-core\2.17.1\log4j-core-2.17.1.jar;C:\Users\testinium\.m2\repository\org\apache\logging\log4j\log4j-api\2.17.1\log4j-api-2.17.1.jar;C:\Users\testinium\.m2\repository\io\appium\java-client\7.3.0\java-client-7.3.0.jar;C:\Users\testinium\.m2\repository\org\seleniumhq\selenium\selenium-java\3.141.59\selenium-java-3.141.59.jar;C:\Users\testinium\.m2\repository\org\seleniumhq\selenium\selenium-chrome-driver\3.141.59\selenium-chrome-driver-3.141.59.jar;C:\Users\testinium\.m2\repository\org\seleniumhq\selenium\selenium-edge-driver\3.141.59\selenium-edge-driver-3.141.59.jar;C:\Users\testinium\.m2\repository\org\seleniumhq\selenium\selenium-firefox-driver\3.141.59\selenium-firefox-driver-3.141.59.jar;C:\Users\testinium\.m2\repository\org\seleniumhq\selenium\selenium-ie-driver\3.141.59\selenium-ie-driver-3.141.59.jar;C:\Users\testinium\.m2\repository\org\seleniumhq\selenium\selenium-opera-driver\3.141.59\selenium-opera-driver-3.141.59.jar;C:\Users\testinium\.m2\repository\org\seleniumhq\selenium\selenium-remote-driver\3.141.59\selenium-remote-driver-3.141.59.jar;C:\Users\testinium\.m2\repository\org\seleniumhq\selenium\selenium-safari-driver\3.141.59\selenium-safari-driver-3.141.59.jar;C:\Users\testinium\.m2\repository\net\bytebuddy\byte-buddy\1.8.15\byte-buddy-1.8.15.jar;C:\Users\testinium\.m2\repository\org\apache\commons\commons-exec\1.3\commons-exec-1.3.jar;C:\Users\testinium\.m2\repository\com\squareup\okhttp3\okhttp\3.11.0\okhttp-3.11.0.jar;C:\Users\testinium\.m2\repository\com\squareup\okio\okio\1.14.0\okio-1.14.0.jar;C:\Users\testinium\.m2\repository\org\seleniumhq\selenium\selenium-support\3.141.59\selenium-support-3.141.59.jar;C:\Users\testinium\.m2\repository\org\seleniumhq\selenium\selenium-api\3.141.59\selenium-api-3.141.59.jar;C:\Users\testinium\.m2\repository\com\google\code\gson\gson\2.8.5\gson-2.8.5.jar;C:\Users\testinium\.m2\repository\org\apache\httpcomponents\httpclient\4.5.9\httpclient-4.5.9.jar;C:\Users\testinium\.m2\repository\org\apache\httpcomponents\httpcore\4.4.11\httpcore-4.4.11.jar;C:\Users\testinium\.m2\repository\commons-logging\commons-logging\1.2\commons-logging-1.2.jar;C:\Users\testinium\.m2\repository\commons-codec\commons-codec\1.11\commons-codec-1.11.jar;C:\Users\testinium\.m2\repository\cglib\cglib\3.2.12\cglib-3.2.12.jar;C:\Users\testinium\.m2\repository\org\ow2\asm\asm\7.1\asm-7.1.jar;C:\Users\testinium\.m2\repository\commons-validator\commons-validator\1.6\commons-validator-1.6.jar;C:\Users\testinium\.m2\repository\commons-beanutils\commons-beanutils\1.9.2\commons-beanutils-1.9.2.jar;C:\Users\testinium\.m2\repository\commons-digester\commons-digester\1.8.1\commons-digester-1.8.1.jar;C:\Users\testinium\.m2\repository\commons-collections\commons-collections\3.2.2\commons-collections-3.2.2.jar;C:\Users\testinium\.m2\repository\org\apache\commons\commons-lang3\3.9\commons-lang3-3.9.jar;C:\Users\testinium\.m2\repository\org\springframework\spring-context\5.1.8.RELEASE\spring-context-5.1.8.RELEASE.jar;C:\Users\testinium\.m2\repository\org\springframework\spring-aop\5.1.8.RELEASE\spring-aop-5.1.8.RELEASE.jar;C:\Users\testinium\.m2\repository\org\springframework\spring-beans\5.1.8.RELEASE\spring-beans-5.1.8.RELEASE.jar;C:\Users\testinium\.m2\repository\org\springframework\spring-core\5.1.8.RELEASE\spring-core-5.1.8.RELEASE.jar;C:\Users\testinium\.m2\repository\org\springframework\spring-jcl\5.1.8.RELEASE\spring-jcl-5.1.8.RELEASE.jar;C:\Users\testinium\.m2\repository\org\springframework\spring-expression\5.1.8.RELEASE\spring-expression-5.1.8.RELEASE.jar;C:\Users\testinium\.m2\repository\org\aspectj\aspectjweaver\1.9.4\aspectjweaver-1.9.4.jar;C:\Users\testinium\.m2\repository\org\slf4j\slf4j-api\1.7.30\slf4j-api-1.7.30.jar
04-04-2022 13:04:52.339 [java] [INFO] 
Runner Ready for Debugging
04-04-2022 13:04:53.184 [Gauge] [DEBUG] Checking updates...
04-04-2022 13:04:53.185 [Gauge] [DEBUG] Downloading https://downloads.gauge.org/plugin/html-report?l=java&p=html-report,java,screenshot,spectacle,xml-report&o=windows&a=386
04-04-2022 13:04:53.843 [Gauge] [DEBUG] Downloading https://downloads.gauge.org/plugin/java?l=java&p=html-report,java,screenshot,spectacle,xml-report&o=windows&a=386
04-04-2022 13:04:54.004 [Gauge] [DEBUG] Downloading https://downloads.gauge.org/plugin/screenshot?l=java&p=html-report,java,screenshot,spectacle,xml-report&o=windows&a=386
04-04-2022 13:04:54.159 [Gauge] [DEBUG] Downloading https://downloads.gauge.org/plugin/spectacle?l=java&p=html-report,java,screenshot,spectacle,xml-report&o=windows&a=386
04-04-2022 13:04:54.337 [Gauge] [DEBUG] Downloading https://downloads.gauge.org/plugin/xml-report?l=java&p=html-report,java,screenshot,spectacle,xml-report&o=windows&a=386
04-04-2022 13:04:58.372 [java] [CRITICAL] process C:\Program Files\Java\jdk1.8.0_202\jre\bin\java.exe with pid 7536 quit unexpectedly. exit status 1
04-04-2022 13:04:58.379 [Gauge] [DEBUG] Runner connection error: Runner with pid 2172 quit unexpectedly(exit status 1)
04-04-2022 13:04:58.379 [Gauge] [DEBUG] Error while killing runner: invalid argument
04-04-2022 13:04:58.379 [Gauge] [CRITICAL] Failed to start gauge API: Runner with pid 2172 quit unexpectedly(exit status 1)
04-04-2022 13:05:35.070 [Gauge] [DEBUG] Created gauge_screenshots_dir at C:\Users\testinium\IdeaProjects\Ozdilek\.gauge\screenshots
04-04-2022 13:05:35.075 [Gauge] [DEBUG] Plugin java is already installed.
04-04-2022 13:05:35.075 [Gauge] [DEBUG] Plugin html-report is already installed.
04-04-2022 13:05:35.077 [Gauge] [DEBUG] Parsing started.
04-04-2022 13:05:35.077 [Gauge] [DEBUG] Started concepts parsing.
04-04-2022 13:05:35.084 [Gauge] [ERROR] Concept parse failure: C:\Users\testinium\IdeaProjects\Ozdilek\specs\Ozdilek\Concepts\BuyPage.cpt C:\Users\testinium\IdeaProjects\Ozdilek\specs\Ozdilek\Concepts\LoginPage.cpt:14 Concept heading can have only Dynamic Parameters => 'Kullanıcı adı kısmına "Güngör" şifre kısmına "123" girildi.'
04-04-2022 13:05:35.084 [Gauge] [ERROR] Concept parse failure: C:\Users\testinium\IdeaProjects\Ozdilek\specs\Ozdilek\Concepts\BuyPage.cpt C:\Users\testinium\IdeaProjects\Ozdilek\specs\Ozdilek\Concepts\LoginPage.cpt:15 Step is not defined inside a concept heading => '"1" saniye kadar bekle'
04-04-2022 13:05:35.084 [Gauge] [ERROR] Concept parse failure: C:\Users\testinium\IdeaProjects\Ozdilek\specs\Ozdilek\Concepts\BuyPage.cpt C:\Users\testinium\IdeaProjects\Ozdilek\specs\Ozdilek\Concepts\LoginPage.cpt:16 Step is not defined inside a concept heading => 'Id "com.ozdilek.ozdilekteyim:id/etEposta" li elementi bul ve <k_adi> değerini gir'
04-04-2022 13:05:35.084 [Gauge] [ERROR] Concept parse failure: C:\Users\testinium\IdeaProjects\Ozdilek\specs\Ozdilek\Concepts\BuyPage.cpt C:\Users\testinium\IdeaProjects\Ozdilek\specs\Ozdilek\Concepts\LoginPage.cpt:17 Step is not defined inside a concept heading => 'Id "com.ozdilek.ozdilekteyim:id/etPassword" li elementi bul ve <password> değerini gir'
04-04-2022 13:05:35.084 [Gauge] [ERROR] Concept parse failure: C:\Users\testinium\IdeaProjects\Ozdilek\specs\Ozdilek\Concepts\BuyPage.cpt C:\Users\testinium\IdeaProjects\Ozdilek\specs\Ozdilek\Concepts\LoginPage.cpt:18 Step is not defined inside a concept heading => '"1" saniye kadar bekle'
04-04-2022 13:05:35.084 [Gauge] [ERROR] Concept parse failure: C:\Users\testinium\IdeaProjects\Ozdilek\specs\Ozdilek\Concepts\BuyPage.cpt C:\Users\testinium\IdeaProjects\Ozdilek\specs\Ozdilek\Concepts\ShopPage.cpt:7 Duplicate concept definition found => 'Sayfa Doğrulandı.'
04-04-2022 13:05:35.084 [Gauge] [ERROR] Concept parse failure: C:\Users\testinium\IdeaProjects\Ozdilek\specs\Ozdilek\Concepts\BuyPage.cpt C:\Users\testinium\IdeaProjects\Ozdilek\specs\Ozdilek\Concepts\MainPage.cpt:13 Duplicate concept definition found => 'Sayfa Doğrulandı.'
04-04-2022 13:05:35.084 [Gauge] [ERROR] [ParseError] C:\Users\testinium\IdeaProjects\Ozdilek\specs\Ozdilek\Concepts\LoginPage.cpt:14 Concept heading can have only Dynamic Parameters => 'Kullanıcı adı kısmına "Güngör" şifre kısmına "123" girildi.'
04-04-2022 13:05:35.084 [Gauge] [ERROR] [ParseError] C:\Users\testinium\IdeaProjects\Ozdilek\specs\Ozdilek\Concepts\LoginPage.cpt:15 Step is not defined inside a concept heading => '"1" saniye kadar bekle'
04-04-2022 13:05:35.084 [Gauge] [ERROR] [ParseError] C:\Users\testinium\IdeaProjects\Ozdilek\specs\Ozdilek\Concepts\LoginPage.cpt:16 Step is not defined inside a concept heading => 'Id "com.ozdilek.ozdilekteyim:id/etEposta" li elementi bul ve <k_adi> değerini gir'
04-04-2022 13:05:35.084 [Gauge] [ERROR] [ParseError] C:\Users\testinium\IdeaProjects\Ozdilek\specs\Ozdilek\Concepts\LoginPage.cpt:17 Step is not defined inside a concept heading => 'Id "com.ozdilek.ozdilekteyim:id/etPassword" li elementi bul ve <password> değerini gir'
04-04-2022 13:05:35.084 [Gauge] [ERROR] [ParseError] C:\Users\testinium\IdeaProjects\Ozdilek\specs\Ozdilek\Concepts\LoginPage.cpt:18 Step is not defined inside a concept heading => '"1" saniye kadar bekle'
04-04-2022 13:05:35.084 [Gauge] [ERROR] [ParseError] C:\Users\testinium\IdeaProjects\Ozdilek\specs\Ozdilek\Concepts\ShopPage.cpt:7 Duplicate concept definition found => 'Sayfa Doğrulandı.'
04-04-2022 13:05:35.084 [Gauge] [ERROR] [ParseError] C:\Users\testinium\IdeaProjects\Ozdilek\specs\Ozdilek\Concepts\MainPage.cpt:13 Duplicate concept definition found => 'Sayfa Doğrulandı.'
04-04-2022 13:05:35.084 [Gauge] [ERROR] [ParseError] C:\Users\testinium\IdeaProjects\Ozdilek\specs\Ozdilek\Concepts\ProductPage.cpt:4 Circular reference found in concept. "Rastgele bir ürün seçildi." => C:\Users\testinium\IdeaProjects\Ozdilek\specs\Ozdilek\Concepts\ProductPage.cpt:3 => 'Rastgele bir ürün seçildi.'
04-04-2022 13:05:35.084 [Gauge] [ERROR] [ParseError] C:\Users\testinium\IdeaProjects\Ozdilek\specs\Ozdilek\Concepts\ProductPage.cpt:3 Circular reference found in concept. "Rastgele bir ürün seçildi." => C:\Users\testinium\IdeaProjects\Ozdilek\specs\Ozdilek\Concepts\ProductPage.cpt:4 => 'Rastgele bir ürün seçildi.'
04-04-2022 13:05:35.084 [Gauge] [DEBUG] 12 concepts parsing completed.
04-04-2022 13:05:35.084 [Gauge] [DEBUG] Started specifications parsing.
04-04-2022 13:05:35.086 [Gauge] [DEBUG] 1 specifications parsing completed.
04-04-2022 13:05:35.086 [Gauge] [DEBUG] Parsing completed.
04-04-2022 13:05:35.089 [Gauge] [DEBUG] Staring java runner
04-04-2022 13:05:35.116 [java] [DEBUG] classpath set to C:\Program Files\Java\jdk1.8.0_202\jre\lib\charsets.jar;C:\Program Files\Java\jdk1.8.0_202\jre\lib\deploy.jar;C:\Program Files\Java\jdk1.8.0_202\jre\lib\ext\access-bridge-64.jar;C:\Program Files\Java\jdk1.8.0_202\jre\lib\ext\cldrdata.jar;C:\Program Files\Java\jdk1.8.0_202\jre\lib\ext\dnsns.jar;C:\Program Files\Java\jdk1.8.0_202\jre\lib\ext\jaccess.jar;C:\Program Files\Java\jdk1.8.0_202\jre\lib\ext\jfxrt.jar;C:\Program Files\Java\jdk1.8.0_202\jre\lib\ext\localedata.jar;C:\Program Files\Java\jdk1.8.0_202\jre\lib\ext\nashorn.jar;C:\Program Files\Java\jdk1.8.0_202\jre\lib\ext\sunec.jar;C:\Program Files\Java\jdk1.8.0_202\jre\lib\ext\sunjce_provider.jar;C:\Program Files\Java\jdk1.8.0_202\jre\lib\ext\sunmscapi.jar;C:\Program Files\Java\jdk1.8.0_202\jre\lib\ext\sunpkcs11.jar;C:\Program Files\Java\jdk1.8.0_202\jre\lib\ext\zipfs.jar;C:\Program Files\Java\jdk1.8.0_202\jre\lib\javaws.jar;C:\Program Files\Java\jdk1.8.0_202\jre\lib\jce.jar;C:\Program Files\Java\jdk1.8.0_202\jre\lib\jfr.jar;C:\Program Files\Java\jdk1.8.0_202\jre\lib\jfxswt.jar;C:\Program Files\Java\jdk1.8.0_202\jre\lib\jsse.jar;C:\Program Files\Java\jdk1.8.0_202\jre\lib\management-agent.jar;C:\Program Files\Java\jdk1.8.0_202\jre\lib\plugin.jar;C:\Program Files\Java\jdk1.8.0_202\jre\lib\resources.jar;C:\Program Files\Java\jdk1.8.0_202\jre\lib\rt.jar;C:\Users\testinium\IdeaProjects\Ozdilek\target\test-classes;C:\Users\testinium\.m2\repository\junit\junit\4.12\junit-4.12.jar;C:\Users\testinium\.m2\repository\org\hamcrest\hamcrest-core\1.3\hamcrest-core-1.3.jar;C:\Users\testinium\.m2\repository\com\thoughtworks\gauge\gauge-java\0.8.1\gauge-java-0.8.1.jar;C:\Users\testinium\.m2\repository\org\assertj\assertj-core\3.22.0\assertj-core-3.22.0.jar;C:\Users\testinium\.m2\repository\org\reflections\reflections\0.10.2\reflections-0.10.2.jar;C:\Users\testinium\.m2\repository\org\javassist\javassist\3.28.0-GA\javassist-3.28.0-GA.jar;C:\Users\testinium\.m2\repository\com\google\code\findbugs\jsr305\3.0.2\jsr305-3.0.2.jar;C:\Users\testinium\.m2\repository\com\github\javaparser\javaparser-core\3.16.3\javaparser-core-3.16.3.jar;C:\Users\testinium\.m2\repository\commons-io\commons-io\2.11.0\commons-io-2.11.0.jar;C:\Users\testinium\.m2\repository\commons-lang\commons-lang\2.6\commons-lang-2.6.jar;C:\Users\testinium\.m2\repository\org\json\json\20211205\json-20211205.jar;C:\Users\testinium\.m2\repository\com\google\protobuf\protobuf-java\3.19.3\protobuf-java-3.19.3.jar;C:\Users\testinium\.m2\repository\com\google\guava\guava\30.1.1-jre\guava-30.1.1-jre.jar;C:\Users\testinium\.m2\repository\com\google\guava\failureaccess\1.0.1\failureaccess-1.0.1.jar;C:\Users\testinium\.m2\repository\com\google\guava\listenablefuture\9999.0-empty-to-avoid-conflict-with-guava\listenablefuture-9999.0-empty-to-avoid-conflict-with-guava.jar;C:\Users\testinium\.m2\repository\org\checkerframework\checker-qual\3.8.0\checker-qual-3.8.0.jar;C:\Users\testinium\.m2\repository\com\google\errorprone\error_prone_annotations\2.5.1\error_prone_annotations-2.5.1.jar;C:\Users\testinium\.m2\repository\com\google\j2objc\j2objc-annotations\1.3\j2objc-annotations-1.3.jar;C:\Users\testinium\.m2\repository\io\grpc\grpc-netty-shaded\1.43.2\grpc-netty-shaded-1.43.2.jar;C:\Users\testinium\.m2\repository\io\perfmark\perfmark-api\0.23.0\perfmark-api-0.23.0.jar;C:\Users\testinium\.m2\repository\io\grpc\grpc-core\1.43.2\grpc-core-1.43.2.jar;C:\Users\testinium\.m2\repository\com\google\android\annotations\4.1.1.4\annotations-4.1.1.4.jar;C:\Users\testinium\.m2\repository\org\codehaus\mojo\animal-sniffer-annotations\1.19\animal-sniffer-annotations-1.19.jar;C:\Users\testinium\.m2\repository\io\grpc\grpc-protobuf\1.43.2\grpc-protobuf-1.43.2.jar;C:\Users\testinium\.m2\repository\io\grpc\grpc-api\1.43.2\grpc-api-1.43.2.jar;C:\Users\testinium\.m2\repository\io\grpc\grpc-context\1.43.2\grpc-context-1.43.2.jar;C:\Users\testinium\.m2\repository\com\google\api\grpc\proto-google-common-protos\2.0.1\proto-google-common-protos-2.0.1.jar;C:\Users\testinium\.m2\repository\io\grpc\grpc-protobuf-lite\1.43.2\grpc-protobuf-lite-1.43.2.jar;C:\Users\testinium\.m2\repository\io\grpc\grpc-stub\1.43.2\grpc-stub-1.43.2.jar;C:\Users\testinium\.m2\repository\javax\annotation\javax.annotation-api\1.3.2\javax.annotation-api-1.3.2.jar;C:\Users\testinium\.m2\repository\org\slf4j\slf4j-log4j12\1.7.30\slf4j-log4j12-1.7.30.jar;C:\Users\testinium\.m2\repository\log4j\log4j\1.2.17\log4j-1.2.17.jar;C:\Users\testinium\.m2\repository\org\apache\logging\log4j\log4j-core\2.17.1\log4j-core-2.17.1.jar;C:\Users\testinium\.m2\repository\org\apache\logging\log4j\log4j-api\2.17.1\log4j-api-2.17.1.jar;C:\Users\testinium\.m2\repository\io\appium\java-client\7.3.0\java-client-7.3.0.jar;C:\Users\testinium\.m2\repository\org\seleniumhq\selenium\selenium-java\3.141.59\selenium-java-3.141.59.jar;C:\Users\testinium\.m2\repository\org\seleniumhq\selenium\selenium-chrome-driver\3.141.59\selenium-chrome-driver-3.141.59.jar;C:\Users\testinium\.m2\repository\org\seleniumhq\selenium\selenium-edge-driver\3.141.59\selenium-edge-driver-3.141.59.jar;C:\Users\testinium\.m2\repository\org\seleniumhq\selenium\selenium-firefox-driver\3.141.59\selenium-firefox-driver-3.141.59.jar;C:\Users\testinium\.m2\repository\org\seleniumhq\selenium\selenium-ie-driver\3.141.59\selenium-ie-driver-3.141.59.jar;C:\Users\testinium\.m2\repository\org\seleniumhq\selenium\selenium-opera-driver\3.141.59\selenium-opera-driver-3.141.59.jar;C:\Users\testinium\.m2\repository\org\seleniumhq\selenium\selenium-remote-driver\3.141.59\selenium-remote-driver-3.141.59.jar;C:\Users\testinium\.m2\repository\org\seleniumhq\selenium\selenium-safari-driver\3.141.59\selenium-safari-driver-3.141.59.jar;C:\Users\testinium\.m2\repository\net\bytebuddy\byte-buddy\1.8.15\byte-buddy-1.8.15.jar;C:\Users\testinium\.m2\repository\org\apache\commons\commons-exec\1.3\commons-exec-1.3.jar;C:\Users\testinium\.m2\repository\com\squareup\okhttp3\okhttp\3.11.0\okhttp-3.11.0.jar;C:\Users\testinium\.m2\repository\com\squareup\okio\okio\1.14.0\okio-1.14.0.jar;C:\Users\testinium\.m2\repository\org\seleniumhq\selenium\selenium-support\3.141.59\selenium-support-3.141.59.jar;C:\Users\testinium\.m2\repository\org\seleniumhq\selenium\selenium-api\3.141.59\selenium-api-3.141.59.jar;C:\Users\testinium\.m2\repository\com\google\code\gson\gson\2.8.5\gson-2.8.5.jar;C:\Users\testinium\.m2\repository\org\apache\httpcomponents\httpclient\4.5.9\httpclient-4.5.9.jar;C:\Users\testinium\.m2\repository\org\apache\httpcomponents\httpcore\4.4.11\httpcore-4.4.11.jar;C:\Users\testinium\.m2\repository\commons-logging\commons-logging\1.2\commons-logging-1.2.jar;C:\Users\testinium\.m2\repository\commons-codec\commons-codec\1.11\commons-codec-1.11.jar;C:\Users\testinium\.m2\repository\cglib\cglib\3.2.12\cglib-3.2.12.jar;C:\Users\testinium\.m2\repository\org\ow2\asm\asm\7.1\asm-7.1.jar;C:\Users\testinium\.m2\repository\commons-validator\commons-validator\1.6\commons-validator-1.6.jar;C:\Users\testinium\.m2\repository\commons-beanutils\commons-beanutils\1.9.2\commons-beanutils-1.9.2.jar;C:\Users\testinium\.m2\repository\commons-digester\commons-digester\1.8.1\commons-digester-1.8.1.jar;C:\Users\testinium\.m2\repository\commons-collections\commons-collections\3.2.2\commons-collections-3.2.2.jar;C:\Users\testinium\.m2\repository\org\apache\commons\commons-lang3\3.9\commons-lang3-3.9.jar;C:\Users\testinium\.m2\repository\org\springframework\spring-context\5.1.8.RELEASE\spring-context-5.1.8.RELEASE.jar;C:\Users\testinium\.m2\repository\org\springframework\spring-aop\5.1.8.RELEASE\spring-aop-5.1.8.RELEASE.jar;C:\Users\testinium\.m2\repository\org\springframework\spring-beans\5.1.8.RELEASE\spring-beans-5.1.8.RELEASE.jar;C:\Users\testinium\.m2\repository\org\springframework\spring-core\5.1.8.RELEASE\spring-core-5.1.8.RELEASE.jar;C:\Users\testinium\.m2\repository\org\springframework\spring-jcl\5.1.8.RELEASE\spring-jcl-5.1.8.RELEASE.jar;C:\Users\testinium\.m2\repository\org\springframework\spring-expression\5.1.8.RELEASE\spring-expression-5.1.8.RELEASE.jar;C:\Users\testinium\.m2\repository\org\aspectj\aspectjweaver\1.9.4\aspectjweaver-1.9.4.jar;C:\Users\testinium\.m2\repository\org\slf4j\slf4j-api\1.7.30\slf4j-api-1.7.30.jar
04-04-2022 13:05:35.387 [java] [CRITICAL] process C:\Program Files\Java\jdk1.8.0_202\jre\bin\java.exe with pid 5924 quit unexpectedly. exit status 1
04-04-2022 13:05:35.393 [Gauge] [DEBUG] Runner connection error: Runner with pid 2852 quit unexpectedly(exit status 1)
04-04-2022 13:05:35.393 [Gauge] [DEBUG] Error while killing runner: invalid argument
04-04-2022 13:05:35.393 [Gauge] [CRITICAL] Failed to start gauge API: Runner with pid 2852 quit unexpectedly(exit status 1)
04-04-2022 13:16:14.746 [Gauge] [DEBUG] Created gauge_screenshots_dir at C:\Users\testinium\IdeaProjects\Ozdilek\.gauge\screenshots
04-04-2022 13:16:14.749 [Gauge] [DEBUG] Plugin java is already installed.
04-04-2022 13:16:14.751 [Gauge] [DEBUG] Plugin html-report is already installed.
04-04-2022 13:16:14.752 [Gauge] [DEBUG] Parsing started.
04-04-2022 13:16:14.752 [Gauge] [DEBUG] Started concepts parsing.
04-04-2022 13:16:14.756 [Gauge] [ERROR] Concept parse failure: C:\Users\testinium\IdeaProjects\Ozdilek\specs\Ozdilek\Concepts\LoginPage.cpt C:\Users\testinium\IdeaProjects\Ozdilek\specs\Ozdilek\Concepts\LoginPage.cpt:14 Concept heading can have only Dynamic Parameters => 'Kullanıcı adı kısmına "Güngör" şifre kısmına "123" girildi.'
04-04-2022 13:16:14.756 [Gauge] [ERROR] Concept parse failure: C:\Users\testinium\IdeaProjects\Ozdilek\specs\Ozdilek\Concepts\LoginPage.cpt C:\Users\testinium\IdeaProjects\Ozdilek\specs\Ozdilek\Concepts\LoginPage.cpt:15 Step is not defined inside a concept heading => '"1" saniye kadar bekle'
04-04-2022 13:16:14.756 [Gauge] [ERROR] Concept parse failure: C:\Users\testinium\IdeaProjects\Ozdilek\specs\Ozdilek\Concepts\LoginPage.cpt C:\Users\testinium\IdeaProjects\Ozdilek\specs\Ozdilek\Concepts\LoginPage.cpt:16 Step is not defined inside a concept heading => 'Id "com.ozdilek.ozdilekteyim:id/etEposta" li elementi bul ve <k_adi> değerini gir'
04-04-2022 13:16:14.756 [Gauge] [ERROR] Concept parse failure: C:\Users\testinium\IdeaProjects\Ozdilek\specs\Ozdilek\Concepts\LoginPage.cpt C:\Users\testinium\IdeaProjects\Ozdilek\specs\Ozdilek\Concepts\LoginPage.cpt:17 Step is not defined inside a concept heading => 'Id "com.ozdilek.ozdilekteyim:id/etPassword" li elementi bul ve <password> değerini gir'
04-04-2022 13:16:14.756 [Gauge] [ERROR] Concept parse failure: C:\Users\testinium\IdeaProjects\Ozdilek\specs\Ozdilek\Concepts\LoginPage.cpt C:\Users\testinium\IdeaProjects\Ozdilek\specs\Ozdilek\Concepts\LoginPage.cpt:18 Step is not defined inside a concept heading => '"1" saniye kadar bekle'
04-04-2022 13:16:14.756 [Gauge] [ERROR] Concept parse failure: C:\Users\testinium\IdeaProjects\Ozdilek\specs\Ozdilek\Concepts\LoginPage.cpt C:\Users\testinium\IdeaProjects\Ozdilek\specs\Ozdilek\Concepts\ShopPage.cpt:7 Duplicate concept definition found => 'Sayfa Doğrulandı.'
04-04-2022 13:16:14.756 [Gauge] [ERROR] Concept parse failure: C:\Users\testinium\IdeaProjects\Ozdilek\specs\Ozdilek\Concepts\LoginPage.cpt C:\Users\testinium\IdeaProjects\Ozdilek\specs\Ozdilek\Concepts\MainPage.cpt:13 Duplicate concept definition found => 'Sayfa Doğrulandı.'
04-04-2022 13:16:14.756 [Gauge] [ERROR] [ParseError] C:\Users\testinium\IdeaProjects\Ozdilek\specs\Ozdilek\Concepts\LoginPage.cpt:14 Concept heading can have only Dynamic Parameters => 'Kullanıcı adı kısmına "Güngör" şifre kısmına "123" girildi.'
04-04-2022 13:16:14.756 [Gauge] [ERROR] [ParseError] C:\Users\testinium\IdeaProjects\Ozdilek\specs\Ozdilek\Concepts\LoginPage.cpt:15 Step is not defined inside a concept heading => '"1" saniye kadar bekle'
04-04-2022 13:16:14.756 [Gauge] [ERROR] [ParseError] C:\Users\testinium\IdeaProjects\Ozdilek\specs\Ozdilek\Concepts\LoginPage.cpt:16 Step is not defined inside a concept heading => 'Id "com.ozdilek.ozdilekteyim:id/etEposta" li elementi bul ve <k_adi> değerini gir'
04-04-2022 13:16:14.756 [Gauge] [ERROR] [ParseError] C:\Users\testinium\IdeaProjects\Ozdilek\specs\Ozdilek\Concepts\LoginPage.cpt:17 Step is not defined inside a concept heading => 'Id "com.ozdilek.ozdilekteyim:id/etPassword" li elementi bul ve <password> değerini gir'
04-04-2022 13:16:14.756 [Gauge] [ERROR] [ParseError] C:\Users\testinium\IdeaProjects\Ozdilek\specs\Ozdilek\Concepts\LoginPage.cpt:18 Step is not defined inside a concept heading => '"1" saniye kadar bekle'
04-04-2022 13:16:14.756 [Gauge] [ERROR] [ParseError] C:\Users\testinium\IdeaProjects\Ozdilek\specs\Ozdilek\Concepts\ShopPage.cpt:7 Duplicate concept definition found => 'Sayfa Doğrulandı.'
04-04-2022 13:16:14.756 [Gauge] [ERROR] [ParseError] C:\Users\testinium\IdeaProjects\Ozdilek\specs\Ozdilek\Concepts\MainPage.cpt:13 Duplicate concept definition found => 'Sayfa Doğrulandı.'
04-04-2022 13:16:14.756 [Gauge] [ERROR] [ParseError] C:\Users\testinium\IdeaProjects\Ozdilek\specs\Ozdilek\Concepts\ProductPage.cpt:4 Circular reference found in concept. "Rastgele bir ürün seçildi." => C:\Users\testinium\IdeaProjects\Ozdilek\specs\Ozdilek\Concepts\ProductPage.cpt:3 => 'Rastgele bir ürün seçildi.'
04-04-2022 13:16:14.756 [Gauge] [ERROR] [ParseError] C:\Users\testinium\IdeaProjects\Ozdilek\specs\Ozdilek\Concepts\ProductPage.cpt:3 Circular reference found in concept. "Rastgele bir ürün seçildi." => C:\Users\testinium\IdeaProjects\Ozdilek\specs\Ozdilek\Concepts\ProductPage.cpt:4 => 'Rastgele bir ürün seçildi.'
04-04-2022 13:16:14.756 [Gauge] [DEBUG] 12 concepts parsing completed.
04-04-2022 13:16:14.757 [Gauge] [DEBUG] Started specifications parsing.
04-04-2022 13:16:14.757 [Gauge] [DEBUG] 1 specifications parsing completed.
04-04-2022 13:16:14.757 [Gauge] [DEBUG] Parsing completed.
04-04-2022 13:16:14.759 [Gauge] [DEBUG] Staring java runner
04-04-2022 13:16:14.779 [java] [DEBUG] classpath set to C:\Program Files\Java\jdk1.8.0_202\jre\lib\charsets.jar;C:\Program Files\Java\jdk1.8.0_202\jre\lib\deploy.jar;C:\Program Files\Java\jdk1.8.0_202\jre\lib\ext\access-bridge-64.jar;C:\Program Files\Java\jdk1.8.0_202\jre\lib\ext\cldrdata.jar;C:\Program Files\Java\jdk1.8.0_202\jre\lib\ext\dnsns.jar;C:\Program Files\Java\jdk1.8.0_202\jre\lib\ext\jaccess.jar;C:\Program Files\Java\jdk1.8.0_202\jre\lib\ext\jfxrt.jar;C:\Program Files\Java\jdk1.8.0_202\jre\lib\ext\localedata.jar;C:\Program Files\Java\jdk1.8.0_202\jre\lib\ext\nashorn.jar;C:\Program Files\Java\jdk1.8.0_202\jre\lib\ext\sunec.jar;C:\Program Files\Java\jdk1.8.0_202\jre\lib\ext\sunjce_provider.jar;C:\Program Files\Java\jdk1.8.0_202\jre\lib\ext\sunmscapi.jar;C:\Program Files\Java\jdk1.8.0_202\jre\lib\ext\sunpkcs11.jar;C:\Program Files\Java\jdk1.8.0_202\jre\lib\ext\zipfs.jar;C:\Program Files\Java\jdk1.8.0_202\jre\lib\javaws.jar;C:\Program Files\Java\jdk1.8.0_202\jre\lib\jce.jar;C:\Program Files\Java\jdk1.8.0_202\jre\lib\jfr.jar;C:\Program Files\Java\jdk1.8.0_202\jre\lib\jfxswt.jar;C:\Program Files\Java\jdk1.8.0_202\jre\lib\jsse.jar;C:\Program Files\Java\jdk1.8.0_202\jre\lib\management-agent.jar;C:\Program Files\Java\jdk1.8.0_202\jre\lib\plugin.jar;C:\Program Files\Java\jdk1.8.0_202\jre\lib\resources.jar;C:\Program Files\Java\jdk1.8.0_202\jre\lib\rt.jar;C:\Users\testinium\IdeaProjects\Ozdilek\target\test-classes;C:\Users\testinium\.m2\repository\junit\junit\4.12\junit-4.12.jar;C:\Users\testinium\.m2\repository\org\hamcrest\hamcrest-core\1.3\hamcrest-core-1.3.jar;C:\Users\testinium\.m2\repository\com\thoughtworks\gauge\gauge-java\0.8.1\gauge-java-0.8.1.jar;C:\Users\testinium\.m2\repository\org\assertj\assertj-core\3.22.0\assertj-core-3.22.0.jar;C:\Users\testinium\.m2\repository\org\reflections\reflections\0.10.2\reflections-0.10.2.jar;C:\Users\testinium\.m2\repository\org\javassist\javassist\3.28.0-GA\javassist-3.28.0-GA.jar;C:\Users\testinium\.m2\repository\com\google\code\findbugs\jsr305\3.0.2\jsr305-3.0.2.jar;C:\Users\testinium\.m2\repository\com\github\javaparser\javaparser-core\3.16.3\javaparser-core-3.16.3.jar;C:\Users\testinium\.m2\repository\commons-io\commons-io\2.11.0\commons-io-2.11.0.jar;C:\Users\testinium\.m2\repository\commons-lang\commons-lang\2.6\commons-lang-2.6.jar;C:\Users\testinium\.m2\repository\org\json\json\20211205\json-20211205.jar;C:\Users\testinium\.m2\repository\com\google\protobuf\protobuf-java\3.19.3\protobuf-java-3.19.3.jar;C:\Users\testinium\.m2\repository\com\google\guava\guava\30.1.1-jre\guava-30.1.1-jre.jar;C:\Users\testinium\.m2\repository\com\google\guava\failureaccess\1.0.1\failureaccess-1.0.1.jar;C:\Users\testinium\.m2\repository\com\google\guava\listenablefuture\9999.0-empty-to-avoid-conflict-with-guava\listenablefuture-9999.0-empty-to-avoid-conflict-with-guava.jar;C:\Users\testinium\.m2\repository\org\checkerframework\checker-qual\3.8.0\checker-qual-3.8.0.jar;C:\Users\testinium\.m2\repository\com\google\errorprone\error_prone_annotations\2.5.1\error_prone_annotations-2.5.1.jar;C:\Users\testinium\.m2\repository\com\google\j2objc\j2objc-annotations\1.3\j2objc-annotations-1.3.jar;C:\Users\testinium\.m2\repository\io\grpc\grpc-netty-shaded\1.43.2\grpc-netty-shaded-1.43.2.jar;C:\Users\testinium\.m2\repository\io\perfmark\perfmark-api\0.23.0\perfmark-api-0.23.0.jar;C:\Users\testinium\.m2\repository\io\grpc\grpc-core\1.43.2\grpc-core-1.43.2.jar;C:\Users\testinium\.m2\repository\com\google\android\annotations\4.1.1.4\annotations-4.1.1.4.jar;C:\Users\testinium\.m2\repository\org\codehaus\mojo\animal-sniffer-annotations\1.19\animal-sniffer-annotations-1.19.jar;C:\Users\testinium\.m2\repository\io\grpc\grpc-protobuf\1.43.2\grpc-protobuf-1.43.2.jar;C:\Users\testinium\.m2\repository\io\grpc\grpc-api\1.43.2\grpc-api-1.43.2.jar;C:\Users\testinium\.m2\repository\io\grpc\grpc-context\1.43.2\grpc-context-1.43.2.jar;C:\Users\testinium\.m2\repository\com\google\api\grpc\proto-google-common-protos\2.0.1\proto-google-common-protos-2.0.1.jar;C:\Users\testinium\.m2\repository\io\grpc\grpc-protobuf-lite\1.43.2\grpc-protobuf-lite-1.43.2.jar;C:\Users\testinium\.m2\repository\io\grpc\grpc-stub\1.43.2\grpc-stub-1.43.2.jar;C:\Users\testinium\.m2\repository\javax\annotation\javax.annotation-api\1.3.2\javax.annotation-api-1.3.2.jar;C:\Users\testinium\.m2\repository\org\slf4j\slf4j-log4j12\1.7.30\slf4j-log4j12-1.7.30.jar;C:\Users\testinium\.m2\repository\log4j\log4j\1.2.17\log4j-1.2.17.jar;C:\Users\testinium\.m2\repository\org\apache\logging\log4j\log4j-core\2.17.1\log4j-core-2.17.1.jar;C:\Users\testinium\.m2\repository\org\apache\logging\log4j\log4j-api\2.17.1\log4j-api-2.17.1.jar;C:\Users\testinium\.m2\repository\io\appium\java-client\7.3.0\java-client-7.3.0.jar;C:\Users\testinium\.m2\repository\org\seleniumhq\selenium\selenium-java\3.141.59\selenium-java-3.141.59.jar;C:\Users\testinium\.m2\repository\org\seleniumhq\selenium\selenium-chrome-driver\3.141.59\selenium-chrome-driver-3.141.59.jar;C:\Users\testinium\.m2\repository\org\seleniumhq\selenium\selenium-edge-driver\3.141.59\selenium-edge-driver-3.141.59.jar;C:\Users\testinium\.m2\repository\org\seleniumhq\selenium\selenium-firefox-driver\3.141.59\selenium-firefox-driver-3.141.59.jar;C:\Users\testinium\.m2\repository\org\seleniumhq\selenium\selenium-ie-driver\3.141.59\selenium-ie-driver-3.141.59.jar;C:\Users\testinium\.m2\repository\org\seleniumhq\selenium\selenium-opera-driver\3.141.59\selenium-opera-driver-3.141.59.jar;C:\Users\testinium\.m2\repository\org\seleniumhq\selenium\selenium-remote-driver\3.141.59\selenium-remote-driver-3.141.59.jar;C:\Users\testinium\.m2\repository\org\seleniumhq\selenium\selenium-safari-driver\3.141.59\selenium-safari-driver-3.141.59.jar;C:\Users\testinium\.m2\repository\net\bytebuddy\byte-buddy\1.8.15\byte-buddy-1.8.15.jar;C:\Users\testinium\.m2\repository\org\apache\commons\commons-exec\1.3\commons-exec-1.3.jar;C:\Users\testinium\.m2\repository\com\squareup\okhttp3\okhttp\3.11.0\okhttp-3.11.0.jar;C:\Users\testinium\.m2\repository\com\squareup\okio\okio\1.14.0\okio-1.14.0.jar;C:\Users\testinium\.m2\repository\org\seleniumhq\selenium\selenium-support\3.141.59\selenium-support-3.141.59.jar;C:\Users\testinium\.m2\repository\org\seleniumhq\selenium\selenium-api\3.141.59\selenium-api-3.141.59.jar;C:\Users\testinium\.m2\repository\com\google\code\gson\gson\2.8.5\gson-2.8.5.jar;C:\Users\testinium\.m2\repository\org\apache\httpcomponents\httpclient\4.5.9\httpclient-4.5.9.jar;C:\Users\testinium\.m2\repository\org\apache\httpcomponents\httpcore\4.4.11\httpcore-4.4.11.jar;C:\Users\testinium\.m2\repository\commons-logging\commons-logging\1.2\commons-logging-1.2.jar;C:\Users\testinium\.m2\repository\commons-codec\commons-codec\1.11\commons-codec-1.11.jar;C:\Users\testinium\.m2\repository\cglib\cglib\3.2.12\cglib-3.2.12.jar;C:\Users\testinium\.m2\repository\org\ow2\asm\asm\7.1\asm-7.1.jar;C:\Users\testinium\.m2\repository\commons-validator\commons-validator\1.6\commons-validator-1.6.jar;C:\Users\testinium\.m2\repository\commons-beanutils\commons-beanutils\1.9.2\commons-beanutils-1.9.2.jar;C:\Users\testinium\.m2\repository\commons-digester\commons-digester\1.8.1\commons-digester-1.8.1.jar;C:\Users\testinium\.m2\repository\commons-collections\commons-collections\3.2.2\commons-collections-3.2.2.jar;C:\Users\testinium\.m2\repository\org\apache\commons\commons-lang3\3.9\commons-lang3-3.9.jar;C:\Users\testinium\.m2\repository\org\springframework\spring-context\5.1.8.RELEASE\spring-context-5.1.8.RELEASE.jar;C:\Users\testinium\.m2\repository\org\springframework\spring-aop\5.1.8.RELEASE\spring-aop-5.1.8.RELEASE.jar;C:\Users\testinium\.m2\repository\org\springframework\spring-beans\5.1.8.RELEASE\spring-beans-5.1.8.RELEASE.jar;C:\Users\testinium\.m2\repository\org\springframework\spring-core\5.1.8.RELEASE\spring-core-5.1.8.RELEASE.jar;C:\Users\testinium\.m2\repository\org\springframework\spring-jcl\5.1.8.RELEASE\spring-jcl-5.1.8.RELEASE.jar;C:\Users\testinium\.m2\repository\org\springframework\spring-expression\5.1.8.RELEASE\spring-expression-5.1.8.RELEASE.jar;C:\Users\testinium\.m2\repository\org\aspectj\aspectjweaver\1.9.4\aspectjweaver-1.9.4.jar;C:\Users\testinium\.m2\repository\org\slf4j\slf4j-api\1.7.30\slf4j-api-1.7.30.jar
04-04-2022 13:16:15.033 [java] [CRITICAL] process C:\Program Files\Java\jdk1.8.0_202\jre\bin\java.exe with pid 12676 quit unexpectedly. exit status 1
04-04-2022 13:16:15.040 [Gauge] [DEBUG] Runner connection error: Runner with pid 12500 quit unexpectedly(exit status 1)
04-04-2022 13:16:15.040 [Gauge] [DEBUG] Error while killing runner: invalid argument
04-04-2022 13:16:15.040 [Gauge] [CRITICAL] Failed to start gauge API: Runner with pid 12500 quit unexpectedly(exit status 1)
04-04-2022 13:22:45.828 [Gauge] [DEBUG] Created gauge_screenshots_dir at C:\Users\testinium\IdeaProjects\Ozdilek\.gauge\screenshots
04-04-2022 13:22:45.829 [Gauge] [DEBUG] Plugin java is already installed.
04-04-2022 13:22:45.830 [Gauge] [DEBUG] Plugin html-report is already installed.
04-04-2022 13:22:45.831 [Gauge] [DEBUG] Parsing started.
04-04-2022 13:22:45.831 [Gauge] [DEBUG] Started concepts parsing.
04-04-2022 13:22:45.835 [Gauge] [ERROR] Concept parse failure: C:\Users\testinium\IdeaProjects\Ozdilek\specs\Ozdilek\Concepts\ProductPage.cpt C:\Users\testinium\IdeaProjects\Ozdilek\specs\Ozdilek\Concepts\LoginPage.cpt:14 Concept heading can have only Dynamic Parameters => 'Kullanıcı adı kısmına "Güngör" şifre kısmına "123" girildi.'
04-04-2022 13:22:45.835 [Gauge] [ERROR] Concept parse failure: C:\Users\testinium\IdeaProjects\Ozdilek\specs\Ozdilek\Concepts\ProductPage.cpt C:\Users\testinium\IdeaProjects\Ozdilek\specs\Ozdilek\Concepts\LoginPage.cpt:15 Step is not defined inside a concept heading => '"1" saniye kadar bekle'
04-04-2022 13:22:45.835 [Gauge] [ERROR] Concept parse failure: C:\Users\testinium\IdeaProjects\Ozdilek\specs\Ozdilek\Concepts\ProductPage.cpt C:\Users\testinium\IdeaProjects\Ozdilek\specs\Ozdilek\Concepts\LoginPage.cpt:16 Step is not defined inside a concept heading => 'Id "com.ozdilek.ozdilekteyim:id/etEposta" li elementi bul ve <k_adi> değerini gir'
04-04-2022 13:22:45.835 [Gauge] [ERROR] Concept parse failure: C:\Users\testinium\IdeaProjects\Ozdilek\specs\Ozdilek\Concepts\ProductPage.cpt C:\Users\testinium\IdeaProjects\Ozdilek\specs\Ozdilek\Concepts\LoginPage.cpt:17 Step is not defined inside a concept heading => 'Id "com.ozdilek.ozdilekteyim:id/etPassword" li elementi bul ve <password> değerini gir'
04-04-2022 13:22:45.835 [Gauge] [ERROR] Concept parse failure: C:\Users\testinium\IdeaProjects\Ozdilek\specs\Ozdilek\Concepts\ProductPage.cpt C:\Users\testinium\IdeaProjects\Ozdilek\specs\Ozdilek\Concepts\LoginPage.cpt:18 Step is not defined inside a concept heading => '"1" saniye kadar bekle'
04-04-2022 13:22:45.835 [Gauge] [ERROR] Concept parse failure: C:\Users\testinium\IdeaProjects\Ozdilek\specs\Ozdilek\Concepts\ProductPage.cpt C:\Users\testinium\IdeaProjects\Ozdilek\specs\Ozdilek\Concepts\MainPage.cpt:13 Duplicate concept definition found => 'Sayfa Doğrulandı.'
04-04-2022 13:22:45.835 [Gauge] [ERROR] Concept parse failure: C:\Users\testinium\IdeaProjects\Ozdilek\specs\Ozdilek\Concepts\ProductPage.cpt C:\Users\testinium\IdeaProjects\Ozdilek\specs\Ozdilek\Concepts\ShopPage.cpt:7 Duplicate concept definition found => 'Sayfa Doğrulandı.'
04-04-2022 13:22:45.835 [Gauge] [ERROR] [ParseError] C:\Users\testinium\IdeaProjects\Ozdilek\specs\Ozdilek\Concepts\LoginPage.cpt:14 Concept heading can have only Dynamic Parameters => 'Kullanıcı adı kısmına "Güngör" şifre kısmına "123" girildi.'
04-04-2022 13:22:45.835 [Gauge] [ERROR] [ParseError] C:\Users\testinium\IdeaProjects\Ozdilek\specs\Ozdilek\Concepts\LoginPage.cpt:15 Step is not defined inside a concept heading => '"1" saniye kadar bekle'
04-04-2022 13:22:45.835 [Gauge] [ERROR] [ParseError] C:\Users\testinium\IdeaProjects\Ozdilek\specs\Ozdilek\Concepts\LoginPage.cpt:16 Step is not defined inside a concept heading => 'Id "com.ozdilek.ozdilekteyim:id/etEposta" li elementi bul ve <k_adi> değerini gir'
04-04-2022 13:22:45.835 [Gauge] [ERROR] [ParseError] C:\Users\testinium\IdeaProjects\Ozdilek\specs\Ozdilek\Concepts\LoginPage.cpt:17 Step is not defined inside a concept heading => 'Id "com.ozdilek.ozdilekteyim:id/etPassword" li elementi bul ve <password> değerini gir'
04-04-2022 13:22:45.835 [Gauge] [ERROR] [ParseError] C:\Users\testinium\IdeaProjects\Ozdilek\specs\Ozdilek\Concepts\LoginPage.cpt:18 Step is not defined inside a concept heading => '"1" saniye kadar bekle'
04-04-2022 13:22:45.835 [Gauge] [ERROR] [ParseError] C:\Users\testinium\IdeaProjects\Ozdilek\specs\Ozdilek\Concepts\MainPage.cpt:13 Duplicate concept definition found => 'Sayfa Doğrulandı.'
04-04-2022 13:22:45.835 [Gauge] [ERROR] [ParseError] C:\Users\testinium\IdeaProjects\Ozdilek\specs\Ozdilek\Concepts\ShopPage.cpt:7 Duplicate concept definition found => 'Sayfa Doğrulandı.'
04-04-2022 13:22:45.835 [Gauge] [ERROR] [ParseError] C:\Users\testinium\IdeaProjects\Ozdilek\specs\Ozdilek\Concepts\ProductPage.cpt:4 Circular reference found in concept. "Rastgele bir ürün seçildi." => C:\Users\testinium\IdeaProjects\Ozdilek\specs\Ozdilek\Concepts\ProductPage.cpt:3 => 'Rastgele bir ürün seçildi.'
04-04-2022 13:22:45.835 [Gauge] [ERROR] [ParseError] C:\Users\testinium\IdeaProjects\Ozdilek\specs\Ozdilek\Concepts\ProductPage.cpt:3 Circular reference found in concept. "Rastgele bir ürün seçildi." => C:\Users\testinium\IdeaProjects\Ozdilek\specs\Ozdilek\Concepts\ProductPage.cpt:4 => 'Rastgele bir ürün seçildi.'
04-04-2022 13:22:45.835 [Gauge] [DEBUG] 12 concepts parsing completed.
04-04-2022 13:22:45.836 [Gauge] [DEBUG] Started specifications parsing.
04-04-2022 13:22:45.836 [Gauge] [DEBUG] 1 specifications parsing completed.
04-04-2022 13:22:45.836 [Gauge] [DEBUG] Parsing completed.
04-04-2022 13:22:45.837 [Gauge] [DEBUG] Staring java runner
04-04-2022 13:22:45.850 [java] [DEBUG] classpath set to C:\Program Files\Java\jdk1.8.0_202\jre\lib\charsets.jar;C:\Program Files\Java\jdk1.8.0_202\jre\lib\deploy.jar;C:\Program Files\Java\jdk1.8.0_202\jre\lib\ext\access-bridge-64.jar;C:\Program Files\Java\jdk1.8.0_202\jre\lib\ext\cldrdata.jar;C:\Program Files\Java\jdk1.8.0_202\jre\lib\ext\dnsns.jar;C:\Program Files\Java\jdk1.8.0_202\jre\lib\ext\jaccess.jar;C:\Program Files\Java\jdk1.8.0_202\jre\lib\ext\jfxrt.jar;C:\Program Files\Java\jdk1.8.0_202\jre\lib\ext\localedata.jar;C:\Program Files\Java\jdk1.8.0_202\jre\lib\ext\nashorn.jar;C:\Program Files\Java\jdk1.8.0_202\jre\lib\ext\sunec.jar;C:\Program Files\Java\jdk1.8.0_202\jre\lib\ext\sunjce_provider.jar;C:\Program Files\Java\jdk1.8.0_202\jre\lib\ext\sunmscapi.jar;C:\Program Files\Java\jdk1.8.0_202\jre\lib\ext\sunpkcs11.jar;C:\Program Files\Java\jdk1.8.0_202\jre\lib\ext\zipfs.jar;C:\Program Files\Java\jdk1.8.0_202\jre\lib\javaws.jar;C:\Program Files\Java\jdk1.8.0_202\jre\lib\jce.jar;C:\Program Files\Java\jdk1.8.0_202\jre\lib\jfr.jar;C:\Program Files\Java\jdk1.8.0_202\jre\lib\jfxswt.jar;C:\Program Files\Java\jdk1.8.0_202\jre\lib\jsse.jar;C:\Program Files\Java\jdk1.8.0_202\jre\lib\management-agent.jar;C:\Program Files\Java\jdk1.8.0_202\jre\lib\plugin.jar;C:\Program Files\Java\jdk1.8.0_202\jre\lib\resources.jar;C:\Program Files\Java\jdk1.8.0_202\jre\lib\rt.jar;C:\Users\testinium\IdeaProjects\Ozdilek\target\test-classes;C:\Users\testinium\.m2\repository\junit\junit\4.12\junit-4.12.jar;C:\Users\testinium\.m2\repository\org\hamcrest\hamcrest-core\1.3\hamcrest-core-1.3.jar;C:\Users\testinium\.m2\repository\com\thoughtworks\gauge\gauge-java\0.8.1\gauge-java-0.8.1.jar;C:\Users\testinium\.m2\repository\org\assertj\assertj-core\3.22.0\assertj-core-3.22.0.jar;C:\Users\testinium\.m2\repository\org\reflections\reflections\0.10.2\reflections-0.10.2.jar;C:\Users\testinium\.m2\repository\org\javassist\javassist\3.28.0-GA\javassist-3.28.0-GA.jar;C:\Users\testinium\.m2\repository\com\google\code\findbugs\jsr305\3.0.2\jsr305-3.0.2.jar;C:\Users\testinium\.m2\repository\com\github\javaparser\javaparser-core\3.16.3\javaparser-core-3.16.3.jar;C:\Users\testinium\.m2\repository\commons-io\commons-io\2.11.0\commons-io-2.11.0.jar;C:\Users\testinium\.m2\repository\commons-lang\commons-lang\2.6\commons-lang-2.6.jar;C:\Users\testinium\.m2\repository\org\json\json\20211205\json-20211205.jar;C:\Users\testinium\.m2\repository\com\google\protobuf\protobuf-java\3.19.3\protobuf-java-3.19.3.jar;C:\Users\testinium\.m2\repository\com\google\guava\guava\30.1.1-jre\guava-30.1.1-jre.jar;C:\Users\testinium\.m2\repository\com\google\guava\failureaccess\1.0.1\failureaccess-1.0.1.jar;C:\Users\testinium\.m2\repository\com\google\guava\listenablefuture\9999.0-empty-to-avoid-conflict-with-guava\listenablefuture-9999.0-empty-to-avoid-conflict-with-guava.jar;C:\Users\testinium\.m2\repository\org\checkerframework\checker-qual\3.8.0\checker-qual-3.8.0.jar;C:\Users\testinium\.m2\repository\com\google\errorprone\error_prone_annotations\2.5.1\error_prone_annotations-2.5.1.jar;C:\Users\testinium\.m2\repository\com\google\j2objc\j2objc-annotations\1.3\j2objc-annotations-1.3.jar;C:\Users\testinium\.m2\repository\io\grpc\grpc-netty-shaded\1.43.2\grpc-netty-shaded-1.43.2.jar;C:\Users\testinium\.m2\repository\io\perfmark\perfmark-api\0.23.0\perfmark-api-0.23.0.jar;C:\Users\testinium\.m2\repository\io\grpc\grpc-core\1.43.2\grpc-core-1.43.2.jar;C:\Users\testinium\.m2\repository\com\google\android\annotations\4.1.1.4\annotations-4.1.1.4.jar;C:\Users\testinium\.m2\repository\org\codehaus\mojo\animal-sniffer-annotations\1.19\animal-sniffer-annotations-1.19.jar;C:\Users\testinium\.m2\repository\io\grpc\grpc-protobuf\1.43.2\grpc-protobuf-1.43.2.jar;C:\Users\testinium\.m2\repository\io\grpc\grpc-api\1.43.2\grpc-api-1.43.2.jar;C:\Users\testinium\.m2\repository\io\grpc\grpc-context\1.43.2\grpc-context-1.43.2.jar;C:\Users\testinium\.m2\repository\com\google\api\grpc\proto-google-common-protos\2.0.1\proto-google-common-protos-2.0.1.jar;C:\Users\testinium\.m2\repository\io\grpc\grpc-protobuf-lite\1.43.2\grpc-protobuf-lite-1.43.2.jar;C:\Users\testinium\.m2\repository\io\grpc\grpc-stub\1.43.2\grpc-stub-1.43.2.jar;C:\Users\testinium\.m2\repository\javax\annotation\javax.annotation-api\1.3.2\javax.annotation-api-1.3.2.jar;C:\Users\testinium\.m2\repository\org\slf4j\slf4j-log4j12\1.7.30\slf4j-log4j12-1.7.30.jar;C:\Users\testinium\.m2\repository\log4j\log4j\1.2.17\log4j-1.2.17.jar;C:\Users\testinium\.m2\repository\org\apache\logging\log4j\log4j-core\2.17.1\log4j-core-2.17.1.jar;C:\Users\testinium\.m2\repository\org\apache\logging\log4j\log4j-api\2.17.1\log4j-api-2.17.1.jar;C:\Users\testinium\.m2\repository\io\appium\java-client\7.3.0\java-client-7.3.0.jar;C:\Users\testinium\.m2\repository\org\seleniumhq\selenium\selenium-java\3.141.59\selenium-java-3.141.59.jar;C:\Users\testinium\.m2\repository\org\seleniumhq\selenium\selenium-chrome-driver\3.141.59\selenium-chrome-driver-3.141.59.jar;C:\Users\testinium\.m2\repository\org\seleniumhq\selenium\selenium-edge-driver\3.141.59\selenium-edge-driver-3.141.59.jar;C:\Users\testinium\.m2\repository\org\seleniumhq\selenium\selenium-firefox-driver\3.141.59\selenium-firefox-driver-3.141.59.jar;C:\Users\testinium\.m2\repository\org\seleniumhq\selenium\selenium-ie-driver\3.141.59\selenium-ie-driver-3.141.59.jar;C:\Users\testinium\.m2\repository\org\seleniumhq\selenium\selenium-opera-driver\3.141.59\selenium-opera-driver-3.141.59.jar;C:\Users\testinium\.m2\repository\org\seleniumhq\selenium\selenium-remote-driver\3.141.59\selenium-remote-driver-3.141.59.jar;C:\Users\testinium\.m2\repository\org\seleniumhq\selenium\selenium-safari-driver\3.141.59\selenium-safari-driver-3.141.59.jar;C:\Users\testinium\.m2\repository\net\bytebuddy\byte-buddy\1.8.15\byte-buddy-1.8.15.jar;C:\Users\testinium\.m2\repository\org\apache\commons\commons-exec\1.3\commons-exec-1.3.jar;C:\Users\testinium\.m2\repository\com\squareup\okhttp3\okhttp\3.11.0\okhttp-3.11.0.jar;C:\Users\testinium\.m2\repository\com\squareup\okio\okio\1.14.0\okio-1.14.0.jar;C:\Users\testinium\.m2\repository\org\seleniumhq\selenium\selenium-support\3.141.59\selenium-support-3.141.59.jar;C:\Users\testinium\.m2\repository\org\seleniumhq\selenium\selenium-api\3.141.59\selenium-api-3.141.59.jar;C:\Users\testinium\.m2\repository\com\google\code\gson\gson\2.8.5\gson-2.8.5.jar;C:\Users\testinium\.m2\repository\org\apache\httpcomponents\httpclient\4.5.9\httpclient-4.5.9.jar;C:\Users\testinium\.m2\repository\org\apache\httpcomponents\httpcore\4.4.11\httpcore-4.4.11.jar;C:\Users\testinium\.m2\repository\commons-logging\commons-logging\1.2\commons-logging-1.2.jar;C:\Users\testinium\.m2\repository\commons-codec\commons-codec\1.11\commons-codec-1.11.jar;C:\Users\testinium\.m2\repository\cglib\cglib\3.2.12\cglib-3.2.12.jar;C:\Users\testinium\.m2\repository\org\ow2\asm\asm\7.1\asm-7.1.jar;C:\Users\testinium\.m2\repository\commons-validator\commons-validator\1.6\commons-validator-1.6.jar;C:\Users\testinium\.m2\repository\commons-beanutils\commons-beanutils\1.9.2\commons-beanutils-1.9.2.jar;C:\Users\testinium\.m2\repository\commons-digester\commons-digester\1.8.1\commons-digester-1.8.1.jar;C:\Users\testinium\.m2\repository\commons-collections\commons-collections\3.2.2\commons-collections-3.2.2.jar;C:\Users\testinium\.m2\repository\org\apache\commons\commons-lang3\3.9\commons-lang3-3.9.jar;C:\Users\testinium\.m2\repository\org\springframework\spring-context\5.1.8.RELEASE\spring-context-5.1.8.RELEASE.jar;C:\Users\testinium\.m2\repository\org\springframework\spring-aop\5.1.8.RELEASE\spring-aop-5.1.8.RELEASE.jar;C:\Users\testinium\.m2\repository\org\springframework\spring-beans\5.1.8.RELEASE\spring-beans-5.1.8.RELEASE.jar;C:\Users\testinium\.m2\repository\org\springframework\spring-core\5.1.8.RELEASE\spring-core-5.1.8.RELEASE.jar;C:\Users\testinium\.m2\repository\org\springframework\spring-jcl\5.1.8.RELEASE\spring-jcl-5.1.8.RELEASE.jar;C:\Users\testinium\.m2\repository\org\springframework\spring-expression\5.1.8.RELEASE\spring-expression-5.1.8.RELEASE.jar;C:\Users\testinium\.m2\repository\org\aspectj\aspectjweaver\1.9.4\aspectjweaver-1.9.4.jar;C:\Users\testinium\.m2\repository\org\slf4j\slf4j-api\1.7.30\slf4j-api-1.7.30.jar
04-04-2022 13:22:46.039 [java] [CRITICAL] process C:\Program Files\Java\jdk1.8.0_202\jre\bin\java.exe with pid 6992 quit unexpectedly. exit status 1
04-04-2022 13:22:46.046 [Gauge] [DEBUG] Runner connection error: Runner with pid 3720 quit unexpectedly(exit status 1)
04-04-2022 13:22:46.046 [Gauge] [DEBUG] Error while killing runner: invalid argument
04-04-2022 13:22:46.046 [Gauge] [CRITICAL] Failed to start gauge API: Runner with pid 3720 quit unexpectedly(exit status 1)
04-04-2022 13:30:34.974 [Gauge] [DEBUG] Created gauge_screenshots_dir at C:\Users\testinium\IdeaProjects\Ozdilek\.gauge\screenshots
04-04-2022 13:30:34.986 [Gauge] [DEBUG] Plugin java is already installed.
04-04-2022 13:30:34.991 [Gauge] [DEBUG] Plugin html-report is already installed.
04-04-2022 13:30:34.992 [Gauge] [DEBUG] Parsing started.
04-04-2022 13:30:34.992 [Gauge] [DEBUG] Started concepts parsing.
04-04-2022 13:30:34.996 [Gauge] [ERROR] Concept parse failure: C:\Users\testinium\IdeaProjects\Ozdilek\specs\Ozdilek\Concepts\BuyPage.cpt C:\Users\testinium\IdeaProjects\Ozdilek\specs\Ozdilek\Concepts\LoginPage.cpt:14 Concept heading can have only Dynamic Parameters => 'Kullanıcı adı kısmına "Güngör" şifre kısmına "123" girildi.'
04-04-2022 13:30:34.996 [Gauge] [ERROR] Concept parse failure: C:\Users\testinium\IdeaProjects\Ozdilek\specs\Ozdilek\Concepts\BuyPage.cpt C:\Users\testinium\IdeaProjects\Ozdilek\specs\Ozdilek\Concepts\LoginPage.cpt:15 Step is not defined inside a concept heading => '"1" saniye kadar bekle'
04-04-2022 13:30:34.996 [Gauge] [ERROR] Concept parse failure: C:\Users\testinium\IdeaProjects\Ozdilek\specs\Ozdilek\Concepts\BuyPage.cpt C:\Users\testinium\IdeaProjects\Ozdilek\specs\Ozdilek\Concepts\LoginPage.cpt:16 Step is not defined inside a concept heading => 'Id "com.ozdilek.ozdilekteyim:id/etEposta" li elementi bul ve <k_adi> değerini gir'
04-04-2022 13:30:34.996 [Gauge] [ERROR] Concept parse failure: C:\Users\testinium\IdeaProjects\Ozdilek\specs\Ozdilek\Concepts\BuyPage.cpt C:\Users\testinium\IdeaProjects\Ozdilek\specs\Ozdilek\Concepts\LoginPage.cpt:17 Step is not defined inside a concept heading => 'Id "com.ozdilek.ozdilekteyim:id/etPassword" li elementi bul ve <password> değerini gir'
04-04-2022 13:30:34.996 [Gauge] [ERROR] Concept parse failure: C:\Users\testinium\IdeaProjects\Ozdilek\specs\Ozdilek\Concepts\BuyPage.cpt C:\Users\testinium\IdeaProjects\Ozdilek\specs\Ozdilek\Concepts\LoginPage.cpt:18 Step is not defined inside a concept heading => '"1" saniye kadar bekle'
04-04-2022 13:30:34.996 [Gauge] [ERROR] Concept parse failure: C:\Users\testinium\IdeaProjects\Ozdilek\specs\Ozdilek\Concepts\BuyPage.cpt C:\Users\testinium\IdeaProjects\Ozdilek\specs\Ozdilek\Concepts\ShopPage.cpt:7 Duplicate concept definition found => 'Sayfa Doğrulandı.'
04-04-2022 13:30:34.996 [Gauge] [ERROR] Concept parse failure: C:\Users\testinium\IdeaProjects\Ozdilek\specs\Ozdilek\Concepts\BuyPage.cpt C:\Users\testinium\IdeaProjects\Ozdilek\specs\Ozdilek\Concepts\MainPage.cpt:13 Duplicate concept definition found => 'Sayfa Doğrulandı.'
04-04-2022 13:30:34.996 [Gauge] [ERROR] [ParseError] C:\Users\testinium\IdeaProjects\Ozdilek\specs\Ozdilek\Concepts\LoginPage.cpt:14 Concept heading can have only Dynamic Parameters => 'Kullanıcı adı kısmına "Güngör" şifre kısmına "123" girildi.'
04-04-2022 13:30:34.996 [Gauge] [ERROR] [ParseError] C:\Users\testinium\IdeaProjects\Ozdilek\specs\Ozdilek\Concepts\LoginPage.cpt:15 Step is not defined inside a concept heading => '"1" saniye kadar bekle'
04-04-2022 13:30:34.996 [Gauge] [ERROR] [ParseError] C:\Users\testinium\IdeaProjects\Ozdilek\specs\Ozdilek\Concepts\LoginPage.cpt:16 Step is not defined inside a concept heading => 'Id "com.ozdilek.ozdilekteyim:id/etEposta" li elementi bul ve <k_adi> değerini gir'
04-04-2022 13:30:34.996 [Gauge] [ERROR] [ParseError] C:\Users\testinium\IdeaProjects\Ozdilek\specs\Ozdilek\Concepts\LoginPage.cpt:17 Step is not defined inside a concept heading => 'Id "com.ozdilek.ozdilekteyim:id/etPassword" li elementi bul ve <password> değerini gir'
04-04-2022 13:30:34.996 [Gauge] [ERROR] [ParseError] C:\Users\testinium\IdeaProjects\Ozdilek\specs\Ozdilek\Concepts\LoginPage.cpt:18 Step is not defined inside a concept heading => '"1" saniye kadar bekle'
04-04-2022 13:30:34.996 [Gauge] [ERROR] [ParseError] C:\Users\testinium\IdeaProjects\Ozdilek\specs\Ozdilek\Concepts\ShopPage.cpt:7 Duplicate concept definition found => 'Sayfa Doğrulandı.'
04-04-2022 13:30:34.996 [Gauge] [ERROR] [ParseError] C:\Users\testinium\IdeaProjects\Ozdilek\specs\Ozdilek\Concepts\MainPage.cpt:13 Duplicate concept definition found => 'Sayfa Doğrulandı.'
04-04-2022 13:30:34.996 [Gauge] [ERROR] [ParseError] C:\Users\testinium\IdeaProjects\Ozdilek\specs\Ozdilek\Concepts\ProductPage.cpt:4 Circular reference found in concept. "Rastgele bir ürün seçildi." => C:\Users\testinium\IdeaProjects\Ozdilek\specs\Ozdilek\Concepts\ProductPage.cpt:3 => 'Rastgele bir ürün seçildi.'
04-04-2022 13:30:34.996 [Gauge] [ERROR] [ParseError] C:\Users\testinium\IdeaProjects\Ozdilek\specs\Ozdilek\Concepts\ProductPage.cpt:3 Circular reference found in concept. "Rastgele bir ürün seçildi." => C:\Users\testinium\IdeaProjects\Ozdilek\specs\Ozdilek\Concepts\ProductPage.cpt:4 => 'Rastgele bir ürün seçildi.'
04-04-2022 13:30:34.996 [Gauge] [DEBUG] 12 concepts parsing completed.
04-04-2022 13:30:34.996 [Gauge] [DEBUG] Started specifications parsing.
04-04-2022 13:30:34.997 [Gauge] [DEBUG] 1 specifications parsing completed.
04-04-2022 13:30:34.998 [Gauge] [DEBUG] Parsing completed.
04-04-2022 13:30:35.000 [Gauge] [DEBUG] Staring java runner
04-04-2022 13:30:35.029 [java] [DEBUG] classpath set to C:\Program Files\Java\jdk1.8.0_202\jre\lib\charsets.jar;C:\Program Files\Java\jdk1.8.0_202\jre\lib\deploy.jar;C:\Program Files\Java\jdk1.8.0_202\jre\lib\ext\access-bridge-64.jar;C:\Program Files\Java\jdk1.8.0_202\jre\lib\ext\cldrdata.jar;C:\Program Files\Java\jdk1.8.0_202\jre\lib\ext\dnsns.jar;C:\Program Files\Java\jdk1.8.0_202\jre\lib\ext\jaccess.jar;C:\Program Files\Java\jdk1.8.0_202\jre\lib\ext\jfxrt.jar;C:\Program Files\Java\jdk1.8.0_202\jre\lib\ext\localedata.jar;C:\Program Files\Java\jdk1.8.0_202\jre\lib\ext\nashorn.jar;C:\Program Files\Java\jdk1.8.0_202\jre\lib\ext\sunec.jar;C:\Program Files\Java\jdk1.8.0_202\jre\lib\ext\sunjce_provider.jar;C:\Program Files\Java\jdk1.8.0_202\jre\lib\ext\sunmscapi.jar;C:\Program Files\Java\jdk1.8.0_202\jre\lib\ext\sunpkcs11.jar;C:\Program Files\Java\jdk1.8.0_202\jre\lib\ext\zipfs.jar;C:\Program Files\Java\jdk1.8.0_202\jre\lib\javaws.jar;C:\Program Files\Java\jdk1.8.0_202\jre\lib\jce.jar;C:\Program Files\Java\jdk1.8.0_202\jre\lib\jfr.jar;C:\Program Files\Java\jdk1.8.0_202\jre\lib\jfxswt.jar;C:\Program Files\Java\jdk1.8.0_202\jre\lib\jsse.jar;C:\Program Files\Java\jdk1.8.0_202\jre\lib\management-agent.jar;C:\Program Files\Java\jdk1.8.0_202\jre\lib\plugin.jar;C:\Program Files\Java\jdk1.8.0_202\jre\lib\resources.jar;C:\Program Files\Java\jdk1.8.0_202\jre\lib\rt.jar;C:\Users\testinium\IdeaProjects\Ozdilek\target\test-classes;C:\Users\testinium\.m2\repository\junit\junit\4.12\junit-4.12.jar;C:\Users\testinium\.m2\repository\org\hamcrest\hamcrest-core\1.3\hamcrest-core-1.3.jar;C:\Users\testinium\.m2\repository\com\thoughtworks\gauge\gauge-java\0.8.1\gauge-java-0.8.1.jar;C:\Users\testinium\.m2\repository\org\assertj\assertj-core\3.22.0\assertj-core-3.22.0.jar;C:\Users\testinium\.m2\repository\org\reflections\reflections\0.10.2\reflections-0.10.2.jar;C:\Users\testinium\.m2\repository\org\javassist\javassist\3.28.0-GA\javassist-3.28.0-GA.jar;C:\Users\testinium\.m2\repository\com\google\code\findbugs\jsr305\3.0.2\jsr305-3.0.2.jar;C:\Users\testinium\.m2\repository\com\github\javaparser\javaparser-core\3.16.3\javaparser-core-3.16.3.jar;C:\Users\testinium\.m2\repository\commons-io\commons-io\2.11.0\commons-io-2.11.0.jar;C:\Users\testinium\.m2\repository\commons-lang\commons-lang\2.6\commons-lang-2.6.jar;C:\Users\testinium\.m2\repository\org\json\json\20211205\json-20211205.jar;C:\Users\testinium\.m2\repository\com\google\protobuf\protobuf-java\3.19.3\protobuf-java-3.19.3.jar;C:\Users\testinium\.m2\repository\com\google\guava\guava\30.1.1-jre\guava-30.1.1-jre.jar;C:\Users\testinium\.m2\repository\com\google\guava\failureaccess\1.0.1\failureaccess-1.0.1.jar;C:\Users\testinium\.m2\repository\com\google\guava\listenablefuture\9999.0-empty-to-avoid-conflict-with-guava\listenablefuture-9999.0-empty-to-avoid-conflict-with-guava.jar;C:\Users\testinium\.m2\repository\org\checkerframework\checker-qual\3.8.0\checker-qual-3.8.0.jar;C:\Users\testinium\.m2\repository\com\google\errorprone\error_prone_annotations\2.5.1\error_prone_annotations-2.5.1.jar;C:\Users\testinium\.m2\repository\com\google\j2objc\j2objc-annotations\1.3\j2objc-annotations-1.3.jar;C:\Users\testinium\.m2\repository\io\grpc\grpc-netty-shaded\1.43.2\grpc-netty-shaded-1.43.2.jar;C:\Users\testinium\.m2\repository\io\perfmark\perfmark-api\0.23.0\perfmark-api-0.23.0.jar;C:\Users\testinium\.m2\repository\io\grpc\grpc-core\1.43.2\grpc-core-1.43.2.jar;C:\Users\testinium\.m2\repository\com\google\android\annotations\4.1.1.4\annotations-4.1.1.4.jar;C:\Users\testinium\.m2\repository\org\codehaus\mojo\animal-sniffer-annotations\1.19\animal-sniffer-annotations-1.19.jar;C:\Users\testinium\.m2\repository\io\grpc\grpc-protobuf\1.43.2\grpc-protobuf-1.43.2.jar;C:\Users\testinium\.m2\repository\io\grpc\grpc-api\1.43.2\grpc-api-1.43.2.jar;C:\Users\testinium\.m2\repository\io\grpc\grpc-context\1.43.2\grpc-context-1.43.2.jar;C:\Users\testinium\.m2\repository\com\google\api\grpc\proto-google-common-protos\2.0.1\proto-google-common-protos-2.0.1.jar;C:\Users\testinium\.m2\repository\io\grpc\grpc-protobuf-lite\1.43.2\grpc-protobuf-lite-1.43.2.jar;C:\Users\testinium\.m2\repository\io\grpc\grpc-stub\1.43.2\grpc-stub-1.43.2.jar;C:\Users\testinium\.m2\repository\javax\annotation\javax.annotation-api\1.3.2\javax.annotation-api-1.3.2.jar;C:\Users\testinium\.m2\repository\org\slf4j\slf4j-log4j12\1.7.30\slf4j-log4j12-1.7.30.jar;C:\Users\testinium\.m2\repository\log4j\log4j\1.2.17\log4j-1.2.17.jar;C:\Users\testinium\.m2\repository\org\apache\logging\log4j\log4j-core\2.17.1\log4j-core-2.17.1.jar;C:\Users\testinium\.m2\repository\org\apache\logging\log4j\log4j-api\2.17.1\log4j-api-2.17.1.jar;C:\Users\testinium\.m2\repository\io\appium\java-client\7.3.0\java-client-7.3.0.jar;C:\Users\testinium\.m2\repository\org\seleniumhq\selenium\selenium-java\3.141.59\selenium-java-3.141.59.jar;C:\Users\testinium\.m2\repository\org\seleniumhq\selenium\selenium-chrome-driver\3.141.59\selenium-chrome-driver-3.141.59.jar;C:\Users\testinium\.m2\repository\org\seleniumhq\selenium\selenium-edge-driver\3.141.59\selenium-edge-driver-3.141.59.jar;C:\Users\testinium\.m2\repository\org\seleniumhq\selenium\selenium-firefox-driver\3.141.59\selenium-firefox-driver-3.141.59.jar;C:\Users\testinium\.m2\repository\org\seleniumhq\selenium\selenium-ie-driver\3.141.59\selenium-ie-driver-3.141.59.jar;C:\Users\testinium\.m2\repository\org\seleniumhq\selenium\selenium-opera-driver\3.141.59\selenium-opera-driver-3.141.59.jar;C:\Users\testinium\.m2\repository\org\seleniumhq\selenium\selenium-remote-driver\3.141.59\selenium-remote-driver-3.141.59.jar;C:\Users\testinium\.m2\repository\org\seleniumhq\selenium\selenium-safari-driver\3.141.59\selenium-safari-driver-3.141.59.jar;C:\Users\testinium\.m2\repository\net\bytebuddy\byte-buddy\1.8.15\byte-buddy-1.8.15.jar;C:\Users\testinium\.m2\repository\org\apache\commons\commons-exec\1.3\commons-exec-1.3.jar;C:\Users\testinium\.m2\repository\com\squareup\okhttp3\okhttp\3.11.0\okhttp-3.11.0.jar;C:\Users\testinium\.m2\repository\com\squareup\okio\okio\1.14.0\okio-1.14.0.jar;C:\Users\testinium\.m2\repository\org\seleniumhq\selenium\selenium-support\3.141.59\selenium-support-3.141.59.jar;C:\Users\testinium\.m2\repository\org\seleniumhq\selenium\selenium-api\3.141.59\selenium-api-3.141.59.jar;C:\Users\testinium\.m2\repository\com\google\code\gson\gson\2.8.5\gson-2.8.5.jar;C:\Users\testinium\.m2\repository\org\apache\httpcomponents\httpclient\4.5.9\httpclient-4.5.9.jar;C:\Users\testinium\.m2\repository\org\apache\httpcomponents\httpcore\4.4.11\httpcore-4.4.11.jar;C:\Users\testinium\.m2\repository\commons-logging\commons-logging\1.2\commons-logging-1.2.jar;C:\Users\testinium\.m2\repository\commons-codec\commons-codec\1.11\commons-codec-1.11.jar;C:\Users\testinium\.m2\repository\cglib\cglib\3.2.12\cglib-3.2.12.jar;C:\Users\testinium\.m2\repository\org\ow2\asm\asm\7.1\asm-7.1.jar;C:\Users\testinium\.m2\repository\commons-validator\commons-validator\1.6\commons-validator-1.6.jar;C:\Users\testinium\.m2\repository\commons-beanutils\commons-beanutils\1.9.2\commons-beanutils-1.9.2.jar;C:\Users\testinium\.m2\repository\commons-digester\commons-digester\1.8.1\commons-digester-1.8.1.jar;C:\Users\testinium\.m2\repository\commons-collections\commons-collections\3.2.2\commons-collections-3.2.2.jar;C:\Users\testinium\.m2\repository\org\apache\commons\commons-lang3\3.9\commons-lang3-3.9.jar;C:\Users\testinium\.m2\repository\org\springframework\spring-context\5.1.8.RELEASE\spring-context-5.1.8.RELEASE.jar;C:\Users\testinium\.m2\repository\org\springframework\spring-aop\5.1.8.RELEASE\spring-aop-5.1.8.RELEASE.jar;C:\Users\testinium\.m2\repository\org\springframework\spring-beans\5.1.8.RELEASE\spring-beans-5.1.8.RELEASE.jar;C:\Users\testinium\.m2\repository\org\springframework\spring-core\5.1.8.RELEASE\spring-core-5.1.8.RELEASE.jar;C:\Users\testinium\.m2\repository\org\springframework\spring-jcl\5.1.8.RELEASE\spring-jcl-5.1.8.RELEASE.jar;C:\Users\testinium\.m2\repository\org\springframework\spring-expression\5.1.8.RELEASE\spring-expression-5.1.8.RELEASE.jar;C:\Users\testinium\.m2\repository\org\aspectj\aspectjweaver\1.9.4\aspectjweaver-1.9.4.jar;C:\Users\testinium\.m2\repository\org\slf4j\slf4j-api\1.7.30\slf4j-api-1.7.30.jar
04-04-2022 13:30:35.358 [java] [CRITICAL] process C:\Program Files\Java\jdk1.8.0_202\jre\bin\java.exe with pid 9332 quit unexpectedly. exit status 1
04-04-2022 13:30:35.365 [Gauge] [DEBUG] Runner connection error: Runner with pid 8916 quit unexpectedly(exit status 1)
04-04-2022 13:30:35.365 [Gauge] [DEBUG] Error while killing runner: invalid argument
04-04-2022 13:30:35.365 [Gauge] [CRITICAL] Failed to start gauge API: Runner with pid 8916 quit unexpectedly(exit status 1)
04-04-2022 15:04:13.224 [Gauge] [DEBUG] Created gauge_screenshots_dir at C:\Users\testinium\IdeaProjects\Ozdilek\.gauge\screenshots
04-04-2022 15:04:13.232 [Gauge] [DEBUG] Plugin java is already installed.
04-04-2022 15:04:13.234 [Gauge] [DEBUG] Plugin html-report is already installed.
04-04-2022 15:04:13.234 [Gauge] [DEBUG] Parsing started.
04-04-2022 15:04:13.234 [Gauge] [DEBUG] Started concepts parsing.
04-04-2022 15:04:13.476 [Gauge] [ERROR] Concept parse failure: C:\Users\testinium\IdeaProjects\Ozdilek\specs\Ozdilek\Concepts\BuyPage.cpt C:\Users\testinium\IdeaProjects\Ozdilek\specs\Ozdilek\Concepts\LoginPage.cpt:3 Concept heading can have only Dynamic Parameters => 'Kullanıcı adı kısmına "Güngör" şifre kısmına "123" girildi.'
04-04-2022 15:04:13.476 [Gauge] [ERROR] Concept parse failure: C:\Users\testinium\IdeaProjects\Ozdilek\specs\Ozdilek\Concepts\BuyPage.cpt C:\Users\testinium\IdeaProjects\Ozdilek\specs\Ozdilek\Concepts\LoginPage.cpt:4 Step is not defined inside a concept heading => '"1" saniye kadar bekle'
04-04-2022 15:04:13.476 [Gauge] [ERROR] Concept parse failure: C:\Users\testinium\IdeaProjects\Ozdilek\specs\Ozdilek\Concepts\BuyPage.cpt C:\Users\testinium\IdeaProjects\Ozdilek\specs\Ozdilek\Concepts\LoginPage.cpt:5 Step is not defined inside a concept heading => 'Id "com.ozdilek.ozdilekteyim:id/etEposta" li elementi bul ve "Güngör" değerini gir'
04-04-2022 15:04:13.476 [Gauge] [ERROR] Concept parse failure: C:\Users\testinium\IdeaProjects\Ozdilek\specs\Ozdilek\Concepts\BuyPage.cpt C:\Users\testinium\IdeaProjects\Ozdilek\specs\Ozdilek\Concepts\LoginPage.cpt:6 Step is not defined inside a concept heading => 'Id "com.ozdilek.ozdilekteyim:id/etPassword" li elementi bul ve "123" değerini gir'
04-04-2022 15:04:13.476 [Gauge] [ERROR] Concept parse failure: C:\Users\testinium\IdeaProjects\Ozdilek\specs\Ozdilek\Concepts\BuyPage.cpt C:\Users\testinium\IdeaProjects\Ozdilek\specs\Ozdilek\Concepts\LoginPage.cpt:7 Step is not defined inside a concept heading => '"1" saniye kadar bekle'
04-04-2022 15:04:13.476 [Gauge] [ERROR] Concept parse failure: C:\Users\testinium\IdeaProjects\Ozdilek\specs\Ozdilek\Concepts\BuyPage.cpt C:\Users\testinium\IdeaProjects\Ozdilek\specs\Ozdilek\Concepts\MainPage.cpt:28 Duplicate concept definition found => 'Sayfa Doğrulandı.'
04-04-2022 15:04:13.476 [Gauge] [ERROR] Concept parse failure: C:\Users\testinium\IdeaProjects\Ozdilek\specs\Ozdilek\Concepts\BuyPage.cpt C:\Users\testinium\IdeaProjects\Ozdilek\specs\Ozdilek\Concepts\MainPage.cpt:13 Duplicate concept definition found => 'Sayfa Doğrulandı.'
04-04-2022 15:04:13.476 [Gauge] [ERROR] [ParseError] C:\Users\testinium\IdeaProjects\Ozdilek\specs\Ozdilek\Concepts\LoginPage.cpt:3 Concept heading can have only Dynamic Parameters => 'Kullanıcı adı kısmına "Güngör" şifre kısmına "123" girildi.'
04-04-2022 15:04:13.476 [Gauge] [ERROR] [ParseError] C:\Users\testinium\IdeaProjects\Ozdilek\specs\Ozdilek\Concepts\LoginPage.cpt:4 Step is not defined inside a concept heading => '"1" saniye kadar bekle'
04-04-2022 15:04:13.476 [Gauge] [ERROR] [ParseError] C:\Users\testinium\IdeaProjects\Ozdilek\specs\Ozdilek\Concepts\LoginPage.cpt:5 Step is not defined inside a concept heading => 'Id "com.ozdilek.ozdilekteyim:id/etEposta" li elementi bul ve "Güngör" değerini gir'
04-04-2022 15:04:13.476 [Gauge] [ERROR] [ParseError] C:\Users\testinium\IdeaProjects\Ozdilek\specs\Ozdilek\Concepts\LoginPage.cpt:6 Step is not defined inside a concept heading => 'Id "com.ozdilek.ozdilekteyim:id/etPassword" li elementi bul ve "123" değerini gir'
04-04-2022 15:04:13.476 [Gauge] [ERROR] [ParseError] C:\Users\testinium\IdeaProjects\Ozdilek\specs\Ozdilek\Concepts\LoginPage.cpt:7 Step is not defined inside a concept heading => '"1" saniye kadar bekle'
04-04-2022 15:04:13.476 [Gauge] [ERROR] [ParseError] C:\Users\testinium\IdeaProjects\Ozdilek\specs\Ozdilek\Concepts\MainPage.cpt:28 Duplicate concept definition found => 'Sayfa Doğrulandı.'
04-04-2022 15:04:13.476 [Gauge] [ERROR] [ParseError] C:\Users\testinium\IdeaProjects\Ozdilek\specs\Ozdilek\Concepts\MainPage.cpt:13 Duplicate concept definition found => 'Sayfa Doğrulandı.'
04-04-2022 15:04:13.476 [Gauge] [DEBUG] 12 concepts parsing completed.
04-04-2022 15:04:13.476 [Gauge] [DEBUG] Started specifications parsing.
04-04-2022 15:04:13.480 [Gauge] [DEBUG] 1 specifications parsing completed.
04-04-2022 15:04:13.482 [Gauge] [DEBUG] Parsing completed.
04-04-2022 15:04:13.496 [Gauge] [DEBUG] Staring java runner
04-04-2022 15:04:13.602 [java] [DEBUG] classpath set to C:\Program Files\Java\jdk1.8.0_202\jre\lib\charsets.jar;C:\Program Files\Java\jdk1.8.0_202\jre\lib\deploy.jar;C:\Program Files\Java\jdk1.8.0_202\jre\lib\ext\access-bridge-64.jar;C:\Program Files\Java\jdk1.8.0_202\jre\lib\ext\cldrdata.jar;C:\Program Files\Java\jdk1.8.0_202\jre\lib\ext\dnsns.jar;C:\Program Files\Java\jdk1.8.0_202\jre\lib\ext\jaccess.jar;C:\Program Files\Java\jdk1.8.0_202\jre\lib\ext\jfxrt.jar;C:\Program Files\Java\jdk1.8.0_202\jre\lib\ext\localedata.jar;C:\Program Files\Java\jdk1.8.0_202\jre\lib\ext\nashorn.jar;C:\Program Files\Java\jdk1.8.0_202\jre\lib\ext\sunec.jar;C:\Program Files\Java\jdk1.8.0_202\jre\lib\ext\sunjce_provider.jar;C:\Program Files\Java\jdk1.8.0_202\jre\lib\ext\sunmscapi.jar;C:\Program Files\Java\jdk1.8.0_202\jre\lib\ext\sunpkcs11.jar;C:\Program Files\Java\jdk1.8.0_202\jre\lib\ext\zipfs.jar;C:\Program Files\Java\jdk1.8.0_202\jre\lib\javaws.jar;C:\Program Files\Java\jdk1.8.0_202\jre\lib\jce.jar;C:\Program Files\Java\jdk1.8.0_202\jre\lib\jfr.jar;C:\Program Files\Java\jdk1.8.0_202\jre\lib\jfxswt.jar;C:\Program Files\Java\jdk1.8.0_202\jre\lib\jsse.jar;C:\Program Files\Java\jdk1.8.0_202\jre\lib\management-agent.jar;C:\Program Files\Java\jdk1.8.0_202\jre\lib\plugin.jar;C:\Program Files\Java\jdk1.8.0_202\jre\lib\resources.jar;C:\Program Files\Java\jdk1.8.0_202\jre\lib\rt.jar;C:\Users\testinium\IdeaProjects\Ozdilek\target\test-classes;C:\Users\testinium\.m2\repository\junit\junit\4.12\junit-4.12.jar;C:\Users\testinium\.m2\repository\org\hamcrest\hamcrest-core\1.3\hamcrest-core-1.3.jar;C:\Users\testinium\.m2\repository\com\thoughtworks\gauge\gauge-java\0.8.1\gauge-java-0.8.1.jar;C:\Users\testinium\.m2\repository\org\assertj\assertj-core\3.22.0\assertj-core-3.22.0.jar;C:\Users\testinium\.m2\repository\org\reflections\reflections\0.10.2\reflections-0.10.2.jar;C:\Users\testinium\.m2\repository\org\javassist\javassist\3.28.0-GA\javassist-3.28.0-GA.jar;C:\Users\testinium\.m2\repository\com\google\code\findbugs\jsr305\3.0.2\jsr305-3.0.2.jar;C:\Users\testinium\.m2\repository\com\github\javaparser\javaparser-core\3.16.3\javaparser-core-3.16.3.jar;C:\Users\testinium\.m2\repository\commons-io\commons-io\2.11.0\commons-io-2.11.0.jar;C:\Users\testinium\.m2\repository\commons-lang\commons-lang\2.6\commons-lang-2.6.jar;C:\Users\testinium\.m2\repository\org\json\json\20211205\json-20211205.jar;C:\Users\testinium\.m2\repository\com\google\protobuf\protobuf-java\3.19.3\protobuf-java-3.19.3.jar;C:\Users\testinium\.m2\repository\com\google\guava\guava\30.1.1-jre\guava-30.1.1-jre.jar;C:\Users\testinium\.m2\repository\com\google\guava\failureaccess\1.0.1\failureaccess-1.0.1.jar;C:\Users\testinium\.m2\repository\com\google\guava\listenablefuture\9999.0-empty-to-avoid-conflict-with-guava\listenablefuture-9999.0-empty-to-avoid-conflict-with-guava.jar;C:\Users\testinium\.m2\repository\org\checkerframework\checker-qual\3.8.0\checker-qual-3.8.0.jar;C:\Users\testinium\.m2\repository\com\google\errorprone\error_prone_annotations\2.5.1\error_prone_annotations-2.5.1.jar;C:\Users\testinium\.m2\repository\com\google\j2objc\j2objc-annotations\1.3\j2objc-annotations-1.3.jar;C:\Users\testinium\.m2\repository\io\grpc\grpc-netty-shaded\1.43.2\grpc-netty-shaded-1.43.2.jar;C:\Users\testinium\.m2\repository\io\perfmark\perfmark-api\0.23.0\perfmark-api-0.23.0.jar;C:\Users\testinium\.m2\repository\io\grpc\grpc-core\1.43.2\grpc-core-1.43.2.jar;C:\Users\testinium\.m2\repository\com\google\android\annotations\4.1.1.4\annotations-4.1.1.4.jar;C:\Users\testinium\.m2\repository\org\codehaus\mojo\animal-sniffer-annotations\1.19\animal-sniffer-annotations-1.19.jar;C:\Users\testinium\.m2\repository\io\grpc\grpc-protobuf\1.43.2\grpc-protobuf-1.43.2.jar;C:\Users\testinium\.m2\repository\io\grpc\grpc-api\1.43.2\grpc-api-1.43.2.jar;C:\Users\testinium\.m2\repository\io\grpc\grpc-context\1.43.2\grpc-context-1.43.2.jar;C:\Users\testinium\.m2\repository\com\google\api\grpc\proto-google-common-protos\2.0.1\proto-google-common-protos-2.0.1.jar;C:\Users\testinium\.m2\repository\io\grpc\grpc-protobuf-lite\1.43.2\grpc-protobuf-lite-1.43.2.jar;C:\Users\testinium\.m2\repository\io\grpc\grpc-stub\1.43.2\grpc-stub-1.43.2.jar;C:\Users\testinium\.m2\repository\javax\annotation\javax.annotation-api\1.3.2\javax.annotation-api-1.3.2.jar;C:\Users\testinium\.m2\repository\org\slf4j\slf4j-log4j12\1.7.30\slf4j-log4j12-1.7.30.jar;C:\Users\testinium\.m2\repository\log4j\log4j\1.2.17\log4j-1.2.17.jar;C:\Users\testinium\.m2\repository\org\apache\logging\log4j\log4j-core\2.17.1\log4j-core-2.17.1.jar;C:\Users\testinium\.m2\repository\org\apache\logging\log4j\log4j-api\2.17.1\log4j-api-2.17.1.jar;C:\Users\testinium\.m2\repository\io\appium\java-client\7.3.0\java-client-7.3.0.jar;C:\Users\testinium\.m2\repository\org\seleniumhq\selenium\selenium-java\3.141.59\selenium-java-3.141.59.jar;C:\Users\testinium\.m2\repository\org\seleniumhq\selenium\selenium-chrome-driver\3.141.59\selenium-chrome-driver-3.141.59.jar;C:\Users\testinium\.m2\repository\org\seleniumhq\selenium\selenium-edge-driver\3.141.59\selenium-edge-driver-3.141.59.jar;C:\Users\testinium\.m2\repository\org\seleniumhq\selenium\selenium-firefox-driver\3.141.59\selenium-firefox-driver-3.141.59.jar;C:\Users\testinium\.m2\repository\org\seleniumhq\selenium\selenium-ie-driver\3.141.59\selenium-ie-driver-3.141.59.jar;C:\Users\testinium\.m2\repository\org\seleniumhq\selenium\selenium-opera-driver\3.141.59\selenium-opera-driver-3.141.59.jar;C:\Users\testinium\.m2\repository\org\seleniumhq\selenium\selenium-remote-driver\3.141.59\selenium-remote-driver-3.141.59.jar;C:\Users\testinium\.m2\repository\org\seleniumhq\selenium\selenium-safari-driver\3.141.59\selenium-safari-driver-3.141.59.jar;C:\Users\testinium\.m2\repository\net\bytebuddy\byte-buddy\1.8.15\byte-buddy-1.8.15.jar;C:\Users\testinium\.m2\repository\org\apache\commons\commons-exec\1.3\commons-exec-1.3.jar;C:\Users\testinium\.m2\repository\com\squareup\okhttp3\okhttp\3.11.0\okhttp-3.11.0.jar;C:\Users\testinium\.m2\repository\com\squareup\okio\okio\1.14.0\okio-1.14.0.jar;C:\Users\testinium\.m2\repository\org\seleniumhq\selenium\selenium-support\3.141.59\selenium-support-3.141.59.jar;C:\Users\testinium\.m2\repository\org\seleniumhq\selenium\selenium-api\3.141.59\selenium-api-3.141.59.jar;C:\Users\testinium\.m2\repository\com\google\code\gson\gson\2.8.5\gson-2.8.5.jar;C:\Users\testinium\.m2\repository\org\apache\httpcomponents\httpclient\4.5.9\httpclient-4.5.9.jar;C:\Users\testinium\.m2\repository\org\apache\httpcomponents\httpcore\4.4.11\httpcore-4.4.11.jar;C:\Users\testinium\.m2\repository\commons-logging\commons-logging\1.2\commons-logging-1.2.jar;C:\Users\testinium\.m2\repository\commons-codec\commons-codec\1.11\commons-codec-1.11.jar;C:\Users\testinium\.m2\repository\cglib\cglib\3.2.12\cglib-3.2.12.jar;C:\Users\testinium\.m2\repository\org\ow2\asm\asm\7.1\asm-7.1.jar;C:\Users\testinium\.m2\repository\commons-validator\commons-validator\1.6\commons-validator-1.6.jar;C:\Users\testinium\.m2\repository\commons-beanutils\commons-beanutils\1.9.2\commons-beanutils-1.9.2.jar;C:\Users\testinium\.m2\repository\commons-digester\commons-digester\1.8.1\commons-digester-1.8.1.jar;C:\Users\testinium\.m2\repository\commons-collections\commons-collections\3.2.2\commons-collections-3.2.2.jar;C:\Users\testinium\.m2\repository\org\apache\commons\commons-lang3\3.9\commons-lang3-3.9.jar;C:\Users\testinium\.m2\repository\org\springframework\spring-context\5.1.8.RELEASE\spring-context-5.1.8.RELEASE.jar;C:\Users\testinium\.m2\repository\org\springframework\spring-aop\5.1.8.RELEASE\spring-aop-5.1.8.RELEASE.jar;C:\Users\testinium\.m2\repository\org\springframework\spring-beans\5.1.8.RELEASE\spring-beans-5.1.8.RELEASE.jar;C:\Users\testinium\.m2\repository\org\springframework\spring-core\5.1.8.RELEASE\spring-core-5.1.8.RELEASE.jar;C:\Users\testinium\.m2\repository\org\springframework\spring-jcl\5.1.8.RELEASE\spring-jcl-5.1.8.RELEASE.jar;C:\Users\testinium\.m2\repository\org\springframework\spring-expression\5.1.8.RELEASE\spring-expression-5.1.8.RELEASE.jar;C:\Users\testinium\.m2\repository\org\aspectj\aspectjweaver\1.9.4\aspectjweaver-1.9.4.jar;C:\Users\testinium\.m2\repository\org\slf4j\slf4j-api\1.7.30\slf4j-api-1.7.30.jar
04-04-2022 15:04:14.494 [java] [CRITICAL] process C:\Program Files\Java\jdk1.8.0_202\jre\bin\java.exe with pid 8272 quit unexpectedly. exit status 1
04-04-2022 15:04:14.502 [Gauge] [DEBUG] Runner connection error: Runner with pid 12512 quit unexpectedly(exit status 1)
04-04-2022 15:04:14.504 [Gauge] [DEBUG] Error while killing runner: invalid argument
04-04-2022 15:04:14.504 [Gauge] [CRITICAL] Failed to start gauge API: Runner with pid 12512 quit unexpectedly(exit status 1)
04-04-2022 15:04:14.507 [Gauge] [DEBUG] Checking updates...
04-04-2022 15:05:36.557 [Gauge] [DEBUG] Created gauge_screenshots_dir at C:\Users\testinium\IdeaProjects\Ozdilek\.gauge\screenshots
04-04-2022 15:05:36.561 [Gauge] [DEBUG] Plugin java is already installed.
04-04-2022 15:05:36.561 [Gauge] [DEBUG] Plugin html-report is already installed.
04-04-2022 15:05:36.562 [Gauge] [DEBUG] Parsing started.
04-04-2022 15:05:36.563 [Gauge] [DEBUG] Started concepts parsing.
04-04-2022 15:05:36.571 [Gauge] [ERROR] Concept parse failure: C:\Users\testinium\IdeaProjects\Ozdilek\specs\Ozdilek\Concepts\FavoriesPage.cpt C:\Users\testinium\IdeaProjects\Ozdilek\specs\Ozdilek\Concepts\LoginPage.cpt:3 Concept heading can have only Dynamic Parameters => 'Kullanıcı adı kısmına "Güngör" şifre kısmına "123" girildi.'
04-04-2022 15:05:36.571 [Gauge] [ERROR] Concept parse failure: C:\Users\testinium\IdeaProjects\Ozdilek\specs\Ozdilek\Concepts\FavoriesPage.cpt C:\Users\testinium\IdeaProjects\Ozdilek\specs\Ozdilek\Concepts\LoginPage.cpt:4 Step is not defined inside a concept heading => '"1" saniye kadar bekle'
04-04-2022 15:05:36.571 [Gauge] [ERROR] Concept parse failure: C:\Users\testinium\IdeaProjects\Ozdilek\specs\Ozdilek\Concepts\FavoriesPage.cpt C:\Users\testinium\IdeaProjects\Ozdilek\specs\Ozdilek\Concepts\LoginPage.cpt:5 Step is not defined inside a concept heading => 'Id "com.ozdilek.ozdilekteyim:id/etEposta" li elementi bul ve "Güngör" değerini gir'
04-04-2022 15:05:36.571 [Gauge] [ERROR] Concept parse failure: C:\Users\testinium\IdeaProjects\Ozdilek\specs\Ozdilek\Concepts\FavoriesPage.cpt C:\Users\testinium\IdeaProjects\Ozdilek\specs\Ozdilek\Concepts\LoginPage.cpt:6 Step is not defined inside a concept heading => 'Id "com.ozdilek.ozdilekteyim:id/etPassword" li elementi bul ve "123" değerini gir'
04-04-2022 15:05:36.571 [Gauge] [ERROR] Concept parse failure: C:\Users\testinium\IdeaProjects\Ozdilek\specs\Ozdilek\Concepts\FavoriesPage.cpt C:\Users\testinium\IdeaProjects\Ozdilek\specs\Ozdilek\Concepts\LoginPage.cpt:7 Step is not defined inside a concept heading => '"1" saniye kadar bekle'
04-04-2022 15:05:36.571 [Gauge] [ERROR] Concept parse failure: C:\Users\testinium\IdeaProjects\Ozdilek\specs\Ozdilek\Concepts\FavoriesPage.cpt C:\Users\testinium\IdeaProjects\Ozdilek\specs\Ozdilek\Concepts\MainPage.cpt:28 Duplicate concept definition found => 'Sayfa Doğrulandı.'
04-04-2022 15:05:36.571 [Gauge] [ERROR] Concept parse failure: C:\Users\testinium\IdeaProjects\Ozdilek\specs\Ozdilek\Concepts\FavoriesPage.cpt C:\Users\testinium\IdeaProjects\Ozdilek\specs\Ozdilek\Concepts\MainPage.cpt:13 Duplicate concept definition found => 'Sayfa Doğrulandı.'
04-04-2022 15:05:36.571 [Gauge] [ERROR] [ParseError] C:\Users\testinium\IdeaProjects\Ozdilek\specs\Ozdilek\Concepts\LoginPage.cpt:3 Concept heading can have only Dynamic Parameters => 'Kullanıcı adı kısmına "Güngör" şifre kısmına "123" girildi.'
04-04-2022 15:05:36.571 [Gauge] [ERROR] [ParseError] C:\Users\testinium\IdeaProjects\Ozdilek\specs\Ozdilek\Concepts\LoginPage.cpt:4 Step is not defined inside a concept heading => '"1" saniye kadar bekle'
04-04-2022 15:05:36.571 [Gauge] [ERROR] [ParseError] C:\Users\testinium\IdeaProjects\Ozdilek\specs\Ozdilek\Concepts\LoginPage.cpt:5 Step is not defined inside a concept heading => 'Id "com.ozdilek.ozdilekteyim:id/etEposta" li elementi bul ve "Güngör" değerini gir'
04-04-2022 15:05:36.571 [Gauge] [ERROR] [ParseError] C:\Users\testinium\IdeaProjects\Ozdilek\specs\Ozdilek\Concepts\LoginPage.cpt:6 Step is not defined inside a concept heading => 'Id "com.ozdilek.ozdilekteyim:id/etPassword" li elementi bul ve "123" değerini gir'
04-04-2022 15:05:36.571 [Gauge] [ERROR] [ParseError] C:\Users\testinium\IdeaProjects\Ozdilek\specs\Ozdilek\Concepts\LoginPage.cpt:7 Step is not defined inside a concept heading => '"1" saniye kadar bekle'
04-04-2022 15:05:36.572 [Gauge] [ERROR] [ParseError] C:\Users\testinium\IdeaProjects\Ozdilek\specs\Ozdilek\Concepts\MainPage.cpt:28 Duplicate concept definition found => 'Sayfa Doğrulandı.'
04-04-2022 15:05:36.572 [Gauge] [ERROR] [ParseError] C:\Users\testinium\IdeaProjects\Ozdilek\specs\Ozdilek\Concepts\MainPage.cpt:13 Duplicate concept definition found => 'Sayfa Doğrulandı.'
04-04-2022 15:05:36.572 [Gauge] [DEBUG] 12 concepts parsing completed.
04-04-2022 15:05:36.572 [Gauge] [DEBUG] Started specifications parsing.
04-04-2022 15:05:36.573 [Gauge] [DEBUG] 1 specifications parsing completed.
04-04-2022 15:05:36.573 [Gauge] [DEBUG] Parsing completed.
04-04-2022 15:05:36.578 [Gauge] [DEBUG] Staring java runner
04-04-2022 15:05:36.604 [java] [DEBUG] classpath set to C:\Program Files\Java\jdk1.8.0_202\jre\lib\charsets.jar;C:\Program Files\Java\jdk1.8.0_202\jre\lib\deploy.jar;C:\Program Files\Java\jdk1.8.0_202\jre\lib\ext\access-bridge-64.jar;C:\Program Files\Java\jdk1.8.0_202\jre\lib\ext\cldrdata.jar;C:\Program Files\Java\jdk1.8.0_202\jre\lib\ext\dnsns.jar;C:\Program Files\Java\jdk1.8.0_202\jre\lib\ext\jaccess.jar;C:\Program Files\Java\jdk1.8.0_202\jre\lib\ext\jfxrt.jar;C:\Program Files\Java\jdk1.8.0_202\jre\lib\ext\localedata.jar;C:\Program Files\Java\jdk1.8.0_202\jre\lib\ext\nashorn.jar;C:\Program Files\Java\jdk1.8.0_202\jre\lib\ext\sunec.jar;C:\Program Files\Java\jdk1.8.0_202\jre\lib\ext\sunjce_provider.jar;C:\Program Files\Java\jdk1.8.0_202\jre\lib\ext\sunmscapi.jar;C:\Program Files\Java\jdk1.8.0_202\jre\lib\ext\sunpkcs11.jar;C:\Program Files\Java\jdk1.8.0_202\jre\lib\ext\zipfs.jar;C:\Program Files\Java\jdk1.8.0_202\jre\lib\javaws.jar;C:\Program Files\Java\jdk1.8.0_202\jre\lib\jce.jar;C:\Program Files\Java\jdk1.8.0_202\jre\lib\jfr.jar;C:\Program Files\Java\jdk1.8.0_202\jre\lib\jfxswt.jar;C:\Program Files\Java\jdk1.8.0_202\jre\lib\jsse.jar;C:\Program Files\Java\jdk1.8.0_202\jre\lib\management-agent.jar;C:\Program Files\Java\jdk1.8.0_202\jre\lib\plugin.jar;C:\Program Files\Java\jdk1.8.0_202\jre\lib\resources.jar;C:\Program Files\Java\jdk1.8.0_202\jre\lib\rt.jar;C:\Users\testinium\IdeaProjects\Ozdilek\target\test-classes;C:\Users\testinium\.m2\repository\junit\junit\4.12\junit-4.12.jar;C:\Users\testinium\.m2\repository\org\hamcrest\hamcrest-core\1.3\hamcrest-core-1.3.jar;C:\Users\testinium\.m2\repository\com\thoughtworks\gauge\gauge-java\0.8.1\gauge-java-0.8.1.jar;C:\Users\testinium\.m2\repository\org\assertj\assertj-core\3.22.0\assertj-core-3.22.0.jar;C:\Users\testinium\.m2\repository\org\reflections\reflections\0.10.2\reflections-0.10.2.jar;C:\Users\testinium\.m2\repository\org\javassist\javassist\3.28.0-GA\javassist-3.28.0-GA.jar;C:\Users\testinium\.m2\repository\com\google\code\findbugs\jsr305\3.0.2\jsr305-3.0.2.jar;C:\Users\testinium\.m2\repository\com\github\javaparser\javaparser-core\3.16.3\javaparser-core-3.16.3.jar;C:\Users\testinium\.m2\repository\commons-io\commons-io\2.11.0\commons-io-2.11.0.jar;C:\Users\testinium\.m2\repository\commons-lang\commons-lang\2.6\commons-lang-2.6.jar;C:\Users\testinium\.m2\repository\org\json\json\20211205\json-20211205.jar;C:\Users\testinium\.m2\repository\com\google\protobuf\protobuf-java\3.19.3\protobuf-java-3.19.3.jar;C:\Users\testinium\.m2\repository\com\google\guava\guava\30.1.1-jre\guava-30.1.1-jre.jar;C:\Users\testinium\.m2\repository\com\google\guava\failureaccess\1.0.1\failureaccess-1.0.1.jar;C:\Users\testinium\.m2\repository\com\google\guava\listenablefuture\9999.0-empty-to-avoid-conflict-with-guava\listenablefuture-9999.0-empty-to-avoid-conflict-with-guava.jar;C:\Users\testinium\.m2\repository\org\checkerframework\checker-qual\3.8.0\checker-qual-3.8.0.jar;C:\Users\testinium\.m2\repository\com\google\errorprone\error_prone_annotations\2.5.1\error_prone_annotations-2.5.1.jar;C:\Users\testinium\.m2\repository\com\google\j2objc\j2objc-annotations\1.3\j2objc-annotations-1.3.jar;C:\Users\testinium\.m2\repository\io\grpc\grpc-netty-shaded\1.43.2\grpc-netty-shaded-1.43.2.jar;C:\Users\testinium\.m2\repository\io\perfmark\perfmark-api\0.23.0\perfmark-api-0.23.0.jar;C:\Users\testinium\.m2\repository\io\grpc\grpc-core\1.43.2\grpc-core-1.43.2.jar;C:\Users\testinium\.m2\repository\com\google\android\annotations\4.1.1.4\annotations-4.1.1.4.jar;C:\Users\testinium\.m2\repository\org\codehaus\mojo\animal-sniffer-annotations\1.19\animal-sniffer-annotations-1.19.jar;C:\Users\testinium\.m2\repository\io\grpc\grpc-protobuf\1.43.2\grpc-protobuf-1.43.2.jar;C:\Users\testinium\.m2\repository\io\grpc\grpc-api\1.43.2\grpc-api-1.43.2.jar;C:\Users\testinium\.m2\repository\io\grpc\grpc-context\1.43.2\grpc-context-1.43.2.jar;C:\Users\testinium\.m2\repository\com\google\api\grpc\proto-google-common-protos\2.0.1\proto-google-common-protos-2.0.1.jar;C:\Users\testinium\.m2\repository\io\grpc\grpc-protobuf-lite\1.43.2\grpc-protobuf-lite-1.43.2.jar;C:\Users\testinium\.m2\repository\io\grpc\grpc-stub\1.43.2\grpc-stub-1.43.2.jar;C:\Users\testinium\.m2\repository\javax\annotation\javax.annotation-api\1.3.2\javax.annotation-api-1.3.2.jar;C:\Users\testinium\.m2\repository\org\slf4j\slf4j-log4j12\1.7.30\slf4j-log4j12-1.7.30.jar;C:\Users\testinium\.m2\repository\log4j\log4j\1.2.17\log4j-1.2.17.jar;C:\Users\testinium\.m2\repository\org\apache\logging\log4j\log4j-core\2.17.1\log4j-core-2.17.1.jar;C:\Users\testinium\.m2\repository\org\apache\logging\log4j\log4j-api\2.17.1\log4j-api-2.17.1.jar;C:\Users\testinium\.m2\repository\io\appium\java-client\7.3.0\java-client-7.3.0.jar;C:\Users\testinium\.m2\repository\org\seleniumhq\selenium\selenium-java\3.141.59\selenium-java-3.141.59.jar;C:\Users\testinium\.m2\repository\org\seleniumhq\selenium\selenium-chrome-driver\3.141.59\selenium-chrome-driver-3.141.59.jar;C:\Users\testinium\.m2\repository\org\seleniumhq\selenium\selenium-edge-driver\3.141.59\selenium-edge-driver-3.141.59.jar;C:\Users\testinium\.m2\repository\org\seleniumhq\selenium\selenium-firefox-driver\3.141.59\selenium-firefox-driver-3.141.59.jar;C:\Users\testinium\.m2\repository\org\seleniumhq\selenium\selenium-ie-driver\3.141.59\selenium-ie-driver-3.141.59.jar;C:\Users\testinium\.m2\repository\org\seleniumhq\selenium\selenium-opera-driver\3.141.59\selenium-opera-driver-3.141.59.jar;C:\Users\testinium\.m2\repository\org\seleniumhq\selenium\selenium-remote-driver\3.141.59\selenium-remote-driver-3.141.59.jar;C:\Users\testinium\.m2\repository\org\seleniumhq\selenium\selenium-safari-driver\3.141.59\selenium-safari-driver-3.141.59.jar;C:\Users\testinium\.m2\repository\net\bytebuddy\byte-buddy\1.8.15\byte-buddy-1.8.15.jar;C:\Users\testinium\.m2\repository\org\apache\commons\commons-exec\1.3\commons-exec-1.3.jar;C:\Users\testinium\.m2\repository\com\squareup\okhttp3\okhttp\3.11.0\okhttp-3.11.0.jar;C:\Users\testinium\.m2\repository\com\squareup\okio\okio\1.14.0\okio-1.14.0.jar;C:\Users\testinium\.m2\repository\org\seleniumhq\selenium\selenium-support\3.141.59\selenium-support-3.141.59.jar;C:\Users\testinium\.m2\repository\org\seleniumhq\selenium\selenium-api\3.141.59\selenium-api-3.141.59.jar;C:\Users\testinium\.m2\repository\com\google\code\gson\gson\2.8.5\gson-2.8.5.jar;C:\Users\testinium\.m2\repository\org\apache\httpcomponents\httpclient\4.5.9\httpclient-4.5.9.jar;C:\Users\testinium\.m2\repository\org\apache\httpcomponents\httpcore\4.4.11\httpcore-4.4.11.jar;C:\Users\testinium\.m2\repository\commons-logging\commons-logging\1.2\commons-logging-1.2.jar;C:\Users\testinium\.m2\repository\commons-codec\commons-codec\1.11\commons-codec-1.11.jar;C:\Users\testinium\.m2\repository\cglib\cglib\3.2.12\cglib-3.2.12.jar;C:\Users\testinium\.m2\repository\org\ow2\asm\asm\7.1\asm-7.1.jar;C:\Users\testinium\.m2\repository\commons-validator\commons-validator\1.6\commons-validator-1.6.jar;C:\Users\testinium\.m2\repository\commons-beanutils\commons-beanutils\1.9.2\commons-beanutils-1.9.2.jar;C:\Users\testinium\.m2\repository\commons-digester\commons-digester\1.8.1\commons-digester-1.8.1.jar;C:\Users\testinium\.m2\repository\commons-collections\commons-collections\3.2.2\commons-collections-3.2.2.jar;C:\Users\testinium\.m2\repository\org\apache\commons\commons-lang3\3.9\commons-lang3-3.9.jar;C:\Users\testinium\.m2\repository\org\springframework\spring-context\5.1.8.RELEASE\spring-context-5.1.8.RELEASE.jar;C:\Users\testinium\.m2\repository\org\springframework\spring-aop\5.1.8.RELEASE\spring-aop-5.1.8.RELEASE.jar;C:\Users\testinium\.m2\repository\org\springframework\spring-beans\5.1.8.RELEASE\spring-beans-5.1.8.RELEASE.jar;C:\Users\testinium\.m2\repository\org\springframework\spring-core\5.1.8.RELEASE\spring-core-5.1.8.RELEASE.jar;C:\Users\testinium\.m2\repository\org\springframework\spring-jcl\5.1.8.RELEASE\spring-jcl-5.1.8.RELEASE.jar;C:\Users\testinium\.m2\repository\org\springframework\spring-expression\5.1.8.RELEASE\spring-expression-5.1.8.RELEASE.jar;C:\Users\testinium\.m2\repository\org\aspectj\aspectjweaver\1.9.4\aspectjweaver-1.9.4.jar;C:\Users\testinium\.m2\repository\org\slf4j\slf4j-api\1.7.30\slf4j-api-1.7.30.jar
04-04-2022 15:05:36.737 [java] [INFO] 
Runner Ready for Debugging
04-04-2022 15:05:37.858 [Gauge] [DEBUG] Checking updates...
04-04-2022 15:05:37.861 [Gauge] [DEBUG] Downloading https://downloads.gauge.org/plugin/html-report?l=java&p=html-report,java,screenshot,spectacle,xml-report&o=windows&a=386
04-04-2022 15:05:38.980 [Gauge] [DEBUG] Downloading https://downloads.gauge.org/plugin/java?l=java&p=html-report,java,screenshot,spectacle,xml-report&o=windows&a=386
04-04-2022 15:05:39.199 [Gauge] [DEBUG] Downloading https://downloads.gauge.org/plugin/screenshot?l=java&p=html-report,java,screenshot,spectacle,xml-report&o=windows&a=386
04-04-2022 15:05:39.427 [Gauge] [DEBUG] Downloading https://downloads.gauge.org/plugin/spectacle?l=java&p=html-report,java,screenshot,spectacle,xml-report&o=windows&a=386
04-04-2022 15:05:39.738 [Gauge] [DEBUG] Downloading https://downloads.gauge.org/plugin/xml-report?l=java&p=html-report,java,screenshot,spectacle,xml-report&o=windows&a=386
04-04-2022 15:05:43.167 [java] [CRITICAL] process C:\Program Files\Java\jdk1.8.0_202\jre\bin\java.exe with pid 2804 quit unexpectedly. exit status 1
04-04-2022 15:05:43.175 [Gauge] [DEBUG] Runner connection error: Runner with pid 12460 quit unexpectedly(exit status 1)
04-04-2022 15:05:43.175 [Gauge] [DEBUG] Error while killing runner: invalid argument
04-04-2022 15:05:43.175 [Gauge] [CRITICAL] Failed to start gauge API: Runner with pid 12460 quit unexpectedly(exit status 1)
04-04-2022 15:07:43.491 [Gauge] [DEBUG] Created gauge_screenshots_dir at C:\Users\testinium\IdeaProjects\Ozdilek\.gauge\screenshots
04-04-2022 15:07:43.494 [Gauge] [DEBUG] Plugin html-report is already installed.
04-04-2022 15:07:43.495 [Gauge] [DEBUG] Plugin java is already installed.
04-04-2022 15:07:43.497 [Gauge] [DEBUG] Parsing started.
04-04-2022 15:07:43.497 [Gauge] [DEBUG] Started concepts parsing.
04-04-2022 15:07:43.507 [Gauge] [ERROR] Concept parse failure: C:\Users\testinium\IdeaProjects\Ozdilek\specs\Ozdilek\Concepts\ShopPage.cpt C:\Users\testinium\IdeaProjects\Ozdilek\specs\Ozdilek\Concepts\LoginPage.cpt:3 Concept heading can have only Dynamic Parameters => 'Kullanıcı adı kısmına "Güngör" şifre kısmına "123" girildi.'
04-04-2022 15:07:43.507 [Gauge] [ERROR] Concept parse failure: C:\Users\testinium\IdeaProjects\Ozdilek\specs\Ozdilek\Concepts\ShopPage.cpt C:\Users\testinium\IdeaProjects\Ozdilek\specs\Ozdilek\Concepts\LoginPage.cpt:4 Step is not defined inside a concept heading => '"1" saniye kadar bekle'
04-04-2022 15:07:43.507 [Gauge] [ERROR] Concept parse failure: C:\Users\testinium\IdeaProjects\Ozdilek\specs\Ozdilek\Concepts\ShopPage.cpt C:\Users\testinium\IdeaProjects\Ozdilek\specs\Ozdilek\Concepts\LoginPage.cpt:5 Step is not defined inside a concept heading => 'Id "com.ozdilek.ozdilekteyim:id/etEposta" li elementi bul ve "Güngör" değerini gir'
04-04-2022 15:07:43.507 [Gauge] [ERROR] Concept parse failure: C:\Users\testinium\IdeaProjects\Ozdilek\specs\Ozdilek\Concepts\ShopPage.cpt C:\Users\testinium\IdeaProjects\Ozdilek\specs\Ozdilek\Concepts\LoginPage.cpt:6 Step is not defined inside a concept heading => 'Id "com.ozdilek.ozdilekteyim:id/etPassword" li elementi bul ve "123" değerini gir'
04-04-2022 15:07:43.507 [Gauge] [ERROR] Concept parse failure: C:\Users\testinium\IdeaProjects\Ozdilek\specs\Ozdilek\Concepts\ShopPage.cpt C:\Users\testinium\IdeaProjects\Ozdilek\specs\Ozdilek\Concepts\LoginPage.cpt:7 Step is not defined inside a concept heading => '"1" saniye kadar bekle'
04-04-2022 15:07:43.507 [Gauge] [ERROR] Concept parse failure: C:\Users\testinium\IdeaProjects\Ozdilek\specs\Ozdilek\Concepts\ShopPage.cpt C:\Users\testinium\IdeaProjects\Ozdilek\specs\Ozdilek\Concepts\MainPage.cpt:28 Duplicate concept definition found => 'Sayfa Doğrulandı.'
04-04-2022 15:07:43.507 [Gauge] [ERROR] Concept parse failure: C:\Users\testinium\IdeaProjects\Ozdilek\specs\Ozdilek\Concepts\ShopPage.cpt C:\Users\testinium\IdeaProjects\Ozdilek\specs\Ozdilek\Concepts\MainPage.cpt:13 Duplicate concept definition found => 'Sayfa Doğrulandı.'
04-04-2022 15:07:43.507 [Gauge] [ERROR] [ParseError] C:\Users\testinium\IdeaProjects\Ozdilek\specs\Ozdilek\Concepts\LoginPage.cpt:3 Concept heading can have only Dynamic Parameters => 'Kullanıcı adı kısmına "Güngör" şifre kısmına "123" girildi.'
04-04-2022 15:07:43.507 [Gauge] [ERROR] [ParseError] C:\Users\testinium\IdeaProjects\Ozdilek\specs\Ozdilek\Concepts\LoginPage.cpt:4 Step is not defined inside a concept heading => '"1" saniye kadar bekle'
04-04-2022 15:07:43.507 [Gauge] [ERROR] [ParseError] C:\Users\testinium\IdeaProjects\Ozdilek\specs\Ozdilek\Concepts\LoginPage.cpt:5 Step is not defined inside a concept heading => 'Id "com.ozdilek.ozdilekteyim:id/etEposta" li elementi bul ve "Güngör" değerini gir'
04-04-2022 15:07:43.507 [Gauge] [ERROR] [ParseError] C:\Users\testinium\IdeaProjects\Ozdilek\specs\Ozdilek\Concepts\LoginPage.cpt:6 Step is not defined inside a concept heading => 'Id "com.ozdilek.ozdilekteyim:id/etPassword" li elementi bul ve "123" değerini gir'
04-04-2022 15:07:43.507 [Gauge] [ERROR] [ParseError] C:\Users\testinium\IdeaProjects\Ozdilek\specs\Ozdilek\Concepts\LoginPage.cpt:7 Step is not defined inside a concept heading => '"1" saniye kadar bekle'
04-04-2022 15:07:43.507 [Gauge] [ERROR] [ParseError] C:\Users\testinium\IdeaProjects\Ozdilek\specs\Ozdilek\Concepts\MainPage.cpt:28 Duplicate concept definition found => 'Sayfa Doğrulandı.'
04-04-2022 15:07:43.508 [Gauge] [ERROR] [ParseError] C:\Users\testinium\IdeaProjects\Ozdilek\specs\Ozdilek\Concepts\MainPage.cpt:13 Duplicate concept definition found => 'Sayfa Doğrulandı.'
04-04-2022 15:07:43.508 [Gauge] [DEBUG] 12 concepts parsing completed.
04-04-2022 15:07:43.508 [Gauge] [DEBUG] Started specifications parsing.
04-04-2022 15:07:43.511 [Gauge] [DEBUG] 1 specifications parsing completed.
04-04-2022 15:07:43.511 [Gauge] [DEBUG] Parsing completed.
04-04-2022 15:07:43.513 [Gauge] [DEBUG] Staring java runner
04-04-2022 15:07:43.552 [java] [DEBUG] classpath set to C:\Program Files\Java\jdk1.8.0_202\jre\lib\charsets.jar;C:\Program Files\Java\jdk1.8.0_202\jre\lib\deploy.jar;C:\Program Files\Java\jdk1.8.0_202\jre\lib\ext\access-bridge-64.jar;C:\Program Files\Java\jdk1.8.0_202\jre\lib\ext\cldrdata.jar;C:\Program Files\Java\jdk1.8.0_202\jre\lib\ext\dnsns.jar;C:\Program Files\Java\jdk1.8.0_202\jre\lib\ext\jaccess.jar;C:\Program Files\Java\jdk1.8.0_202\jre\lib\ext\jfxrt.jar;C:\Program Files\Java\jdk1.8.0_202\jre\lib\ext\localedata.jar;C:\Program Files\Java\jdk1.8.0_202\jre\lib\ext\nashorn.jar;C:\Program Files\Java\jdk1.8.0_202\jre\lib\ext\sunec.jar;C:\Program Files\Java\jdk1.8.0_202\jre\lib\ext\sunjce_provider.jar;C:\Program Files\Java\jdk1.8.0_202\jre\lib\ext\sunmscapi.jar;C:\Program Files\Java\jdk1.8.0_202\jre\lib\ext\sunpkcs11.jar;C:\Program Files\Java\jdk1.8.0_202\jre\lib\ext\zipfs.jar;C:\Program Files\Java\jdk1.8.0_202\jre\lib\javaws.jar;C:\Program Files\Java\jdk1.8.0_202\jre\lib\jce.jar;C:\Program Files\Java\jdk1.8.0_202\jre\lib\jfr.jar;C:\Program Files\Java\jdk1.8.0_202\jre\lib\jfxswt.jar;C:\Program Files\Java\jdk1.8.0_202\jre\lib\jsse.jar;C:\Program Files\Java\jdk1.8.0_202\jre\lib\management-agent.jar;C:\Program Files\Java\jdk1.8.0_202\jre\lib\plugin.jar;C:\Program Files\Java\jdk1.8.0_202\jre\lib\resources.jar;C:\Program Files\Java\jdk1.8.0_202\jre\lib\rt.jar;C:\Users\testinium\IdeaProjects\Ozdilek\target\test-classes;C:\Users\testinium\.m2\repository\junit\junit\4.12\junit-4.12.jar;C:\Users\testinium\.m2\repository\org\hamcrest\hamcrest-core\1.3\hamcrest-core-1.3.jar;C:\Users\testinium\.m2\repository\com\thoughtworks\gauge\gauge-java\0.8.1\gauge-java-0.8.1.jar;C:\Users\testinium\.m2\repository\org\assertj\assertj-core\3.22.0\assertj-core-3.22.0.jar;C:\Users\testinium\.m2\repository\org\reflections\reflections\0.10.2\reflections-0.10.2.jar;C:\Users\testinium\.m2\repository\org\javassist\javassist\3.28.0-GA\javassist-3.28.0-GA.jar;C:\Users\testinium\.m2\repository\com\google\code\findbugs\jsr305\3.0.2\jsr305-3.0.2.jar;C:\Users\testinium\.m2\repository\com\github\javaparser\javaparser-core\3.16.3\javaparser-core-3.16.3.jar;C:\Users\testinium\.m2\repository\commons-io\commons-io\2.11.0\commons-io-2.11.0.jar;C:\Users\testinium\.m2\repository\commons-lang\commons-lang\2.6\commons-lang-2.6.jar;C:\Users\testinium\.m2\repository\org\json\json\20211205\json-20211205.jar;C:\Users\testinium\.m2\repository\com\google\protobuf\protobuf-java\3.19.3\protobuf-java-3.19.3.jar;C:\Users\testinium\.m2\repository\com\google\guava\guava\30.1.1-jre\guava-30.1.1-jre.jar;C:\Users\testinium\.m2\repository\com\google\guava\failureaccess\1.0.1\failureaccess-1.0.1.jar;C:\Users\testinium\.m2\repository\com\google\guava\listenablefuture\9999.0-empty-to-avoid-conflict-with-guava\listenablefuture-9999.0-empty-to-avoid-conflict-with-guava.jar;C:\Users\testinium\.m2\repository\org\checkerframework\checker-qual\3.8.0\checker-qual-3.8.0.jar;C:\Users\testinium\.m2\repository\com\google\errorprone\error_prone_annotations\2.5.1\error_prone_annotations-2.5.1.jar;C:\Users\testinium\.m2\repository\com\google\j2objc\j2objc-annotations\1.3\j2objc-annotations-1.3.jar;C:\Users\testinium\.m2\repository\io\grpc\grpc-netty-shaded\1.43.2\grpc-netty-shaded-1.43.2.jar;C:\Users\testinium\.m2\repository\io\perfmark\perfmark-api\0.23.0\perfmark-api-0.23.0.jar;C:\Users\testinium\.m2\repository\io\grpc\grpc-core\1.43.2\grpc-core-1.43.2.jar;C:\Users\testinium\.m2\repository\com\google\android\annotations\4.1.1.4\annotations-4.1.1.4.jar;C:\Users\testinium\.m2\repository\org\codehaus\mojo\animal-sniffer-annotations\1.19\animal-sniffer-annotations-1.19.jar;C:\Users\testinium\.m2\repository\io\grpc\grpc-protobuf\1.43.2\grpc-protobuf-1.43.2.jar;C:\Users\testinium\.m2\repository\io\grpc\grpc-api\1.43.2\grpc-api-1.43.2.jar;C:\Users\testinium\.m2\repository\io\grpc\grpc-context\1.43.2\grpc-context-1.43.2.jar;C:\Users\testinium\.m2\repository\com\google\api\grpc\proto-google-common-protos\2.0.1\proto-google-common-protos-2.0.1.jar;C:\Users\testinium\.m2\repository\io\grpc\grpc-protobuf-lite\1.43.2\grpc-protobuf-lite-1.43.2.jar;C:\Users\testinium\.m2\repository\io\grpc\grpc-stub\1.43.2\grpc-stub-1.43.2.jar;C:\Users\testinium\.m2\repository\javax\annotation\javax.annotation-api\1.3.2\javax.annotation-api-1.3.2.jar;C:\Users\testinium\.m2\repository\org\slf4j\slf4j-log4j12\1.7.30\slf4j-log4j12-1.7.30.jar;C:\Users\testinium\.m2\repository\log4j\log4j\1.2.17\log4j-1.2.17.jar;C:\Users\testinium\.m2\repository\org\apache\logging\log4j\log4j-core\2.17.1\log4j-core-2.17.1.jar;C:\Users\testinium\.m2\repository\org\apache\logging\log4j\log4j-api\2.17.1\log4j-api-2.17.1.jar;C:\Users\testinium\.m2\repository\io\appium\java-client\7.3.0\java-client-7.3.0.jar;C:\Users\testinium\.m2\repository\org\seleniumhq\selenium\selenium-java\3.141.59\selenium-java-3.141.59.jar;C:\Users\testinium\.m2\repository\org\seleniumhq\selenium\selenium-chrome-driver\3.141.59\selenium-chrome-driver-3.141.59.jar;C:\Users\testinium\.m2\repository\org\seleniumhq\selenium\selenium-edge-driver\3.141.59\selenium-edge-driver-3.141.59.jar;C:\Users\testinium\.m2\repository\org\seleniumhq\selenium\selenium-firefox-driver\3.141.59\selenium-firefox-driver-3.141.59.jar;C:\Users\testinium\.m2\repository\org\seleniumhq\selenium\selenium-ie-driver\3.141.59\selenium-ie-driver-3.141.59.jar;C:\Users\testinium\.m2\repository\org\seleniumhq\selenium\selenium-opera-driver\3.141.59\selenium-opera-driver-3.141.59.jar;C:\Users\testinium\.m2\repository\org\seleniumhq\selenium\selenium-remote-driver\3.141.59\selenium-remote-driver-3.141.59.jar;C:\Users\testinium\.m2\repository\org\seleniumhq\selenium\selenium-safari-driver\3.141.59\selenium-safari-driver-3.141.59.jar;C:\Users\testinium\.m2\repository\net\bytebuddy\byte-buddy\1.8.15\byte-buddy-1.8.15.jar;C:\Users\testinium\.m2\repository\org\apache\commons\commons-exec\1.3\commons-exec-1.3.jar;C:\Users\testinium\.m2\repository\com\squareup\okhttp3\okhttp\3.11.0\okhttp-3.11.0.jar;C:\Users\testinium\.m2\repository\com\squareup\okio\okio\1.14.0\okio-1.14.0.jar;C:\Users\testinium\.m2\repository\org\seleniumhq\selenium\selenium-support\3.141.59\selenium-support-3.141.59.jar;C:\Users\testinium\.m2\repository\org\seleniumhq\selenium\selenium-api\3.141.59\selenium-api-3.141.59.jar;C:\Users\testinium\.m2\repository\com\google\code\gson\gson\2.8.5\gson-2.8.5.jar;C:\Users\testinium\.m2\repository\org\apache\httpcomponents\httpclient\4.5.9\httpclient-4.5.9.jar;C:\Users\testinium\.m2\repository\org\apache\httpcomponents\httpcore\4.4.11\httpcore-4.4.11.jar;C:\Users\testinium\.m2\repository\commons-logging\commons-logging\1.2\commons-logging-1.2.jar;C:\Users\testinium\.m2\repository\commons-codec\commons-codec\1.11\commons-codec-1.11.jar;C:\Users\testinium\.m2\repository\cglib\cglib\3.2.12\cglib-3.2.12.jar;C:\Users\testinium\.m2\repository\org\ow2\asm\asm\7.1\asm-7.1.jar;C:\Users\testinium\.m2\repository\commons-validator\commons-validator\1.6\commons-validator-1.6.jar;C:\Users\testinium\.m2\repository\commons-beanutils\commons-beanutils\1.9.2\commons-beanutils-1.9.2.jar;C:\Users\testinium\.m2\repository\commons-digester\commons-digester\1.8.1\commons-digester-1.8.1.jar;C:\Users\testinium\.m2\repository\commons-collections\commons-collections\3.2.2\commons-collections-3.2.2.jar;C:\Users\testinium\.m2\repository\org\apache\commons\commons-lang3\3.9\commons-lang3-3.9.jar;C:\Users\testinium\.m2\repository\org\springframework\spring-context\5.1.8.RELEASE\spring-context-5.1.8.RELEASE.jar;C:\Users\testinium\.m2\repository\org\springframework\spring-aop\5.1.8.RELEASE\spring-aop-5.1.8.RELEASE.jar;C:\Users\testinium\.m2\repository\org\springframework\spring-beans\5.1.8.RELEASE\spring-beans-5.1.8.RELEASE.jar;C:\Users\testinium\.m2\repository\org\springframework\spring-core\5.1.8.RELEASE\spring-core-5.1.8.RELEASE.jar;C:\Users\testinium\.m2\repository\org\springframework\spring-jcl\5.1.8.RELEASE\spring-jcl-5.1.8.RELEASE.jar;C:\Users\testinium\.m2\repository\org\springframework\spring-expression\5.1.8.RELEASE\spring-expression-5.1.8.RELEASE.jar;C:\Users\testinium\.m2\repository\org\aspectj\aspectjweaver\1.9.4\aspectjweaver-1.9.4.jar;C:\Users\testinium\.m2\repository\org\slf4j\slf4j-api\1.7.30\slf4j-api-1.7.30.jar
04-04-2022 15:07:43.695 [java] [INFO] 
Runner Ready for Debugging
04-04-2022 15:07:44.938 [Gauge] [DEBUG] Checking updates...
04-04-2022 15:07:44.940 [Gauge] [DEBUG] Downloading https://downloads.gauge.org/plugin/html-report?l=java&p=html-report,java,screenshot,spectacle,xml-report&o=windows&a=386
04-04-2022 15:07:45.851 [Gauge] [DEBUG] Downloading https://downloads.gauge.org/plugin/java?l=java&p=html-report,java,screenshot,spectacle,xml-report&o=windows&a=386
04-04-2022 15:07:46.037 [Gauge] [DEBUG] Downloading https://downloads.gauge.org/plugin/screenshot?l=java&p=html-report,java,screenshot,spectacle,xml-report&o=windows&a=386
04-04-2022 15:07:46.342 [Gauge] [DEBUG] Downloading https://downloads.gauge.org/plugin/spectacle?l=java&p=html-report,java,screenshot,spectacle,xml-report&o=windows&a=386
04-04-2022 15:07:46.605 [Gauge] [DEBUG] Downloading https://downloads.gauge.org/plugin/xml-report?l=java&p=html-report,java,screenshot,spectacle,xml-report&o=windows&a=386
04-04-2022 15:07:50.574 [java] [CRITICAL] process C:\Program Files\Java\jdk1.8.0_202\jre\bin\java.exe with pid 1044 quit unexpectedly. exit status 1
04-04-2022 15:07:50.581 [Gauge] [DEBUG] Runner connection error: Runner with pid 11316 quit unexpectedly(exit status 1)
04-04-2022 15:07:50.581 [Gauge] [DEBUG] Error while killing runner: invalid argument
04-04-2022 15:07:50.581 [Gauge] [CRITICAL] Failed to start gauge API: Runner with pid 11316 quit unexpectedly(exit status 1)
04-04-2022 15:07:56.188 [Gauge] [DEBUG] Created gauge_screenshots_dir at C:\Users\testinium\IdeaProjects\Ozdilek\.gauge\screenshots
04-04-2022 15:07:56.189 [Gauge] [DEBUG] Plugin java is already installed.
04-04-2022 15:07:56.191 [Gauge] [DEBUG] Plugin html-report is already installed.
04-04-2022 15:07:56.191 [Gauge] [DEBUG] Parsing started.
04-04-2022 15:07:56.191 [Gauge] [DEBUG] Started concepts parsing.
04-04-2022 15:07:56.197 [Gauge] [ERROR] Concept parse failure: C:\Users\testinium\IdeaProjects\Ozdilek\specs\Ozdilek\Concepts\BuyPage.cpt C:\Users\testinium\IdeaProjects\Ozdilek\specs\Ozdilek\Concepts\LoginPage.cpt:3 Concept heading can have only Dynamic Parameters => 'Kullanıcı adı kısmına "Güngör" şifre kısmına "123" girildi.'
04-04-2022 15:07:56.197 [Gauge] [ERROR] Concept parse failure: C:\Users\testinium\IdeaProjects\Ozdilek\specs\Ozdilek\Concepts\BuyPage.cpt C:\Users\testinium\IdeaProjects\Ozdilek\specs\Ozdilek\Concepts\LoginPage.cpt:4 Step is not defined inside a concept heading => '"1" saniye kadar bekle'
04-04-2022 15:07:56.197 [Gauge] [ERROR] Concept parse failure: C:\Users\testinium\IdeaProjects\Ozdilek\specs\Ozdilek\Concepts\BuyPage.cpt C:\Users\testinium\IdeaProjects\Ozdilek\specs\Ozdilek\Concepts\LoginPage.cpt:5 Step is not defined inside a concept heading => 'Id "com.ozdilek.ozdilekteyim:id/etEposta" li elementi bul ve "Güngör" değerini gir'
04-04-2022 15:07:56.197 [Gauge] [ERROR] Concept parse failure: C:\Users\testinium\IdeaProjects\Ozdilek\specs\Ozdilek\Concepts\BuyPage.cpt C:\Users\testinium\IdeaProjects\Ozdilek\specs\Ozdilek\Concepts\LoginPage.cpt:6 Step is not defined inside a concept heading => 'Id "com.ozdilek.ozdilekteyim:id/etPassword" li elementi bul ve "123" değerini gir'
04-04-2022 15:07:56.197 [Gauge] [ERROR] Concept parse failure: C:\Users\testinium\IdeaProjects\Ozdilek\specs\Ozdilek\Concepts\BuyPage.cpt C:\Users\testinium\IdeaProjects\Ozdilek\specs\Ozdilek\Concepts\LoginPage.cpt:7 Step is not defined inside a concept heading => '"1" saniye kadar bekle'
04-04-2022 15:07:56.197 [Gauge] [ERROR] Concept parse failure: C:\Users\testinium\IdeaProjects\Ozdilek\specs\Ozdilek\Concepts\BuyPage.cpt C:\Users\testinium\IdeaProjects\Ozdilek\specs\Ozdilek\Concepts\MainPage.cpt:28 Duplicate concept definition found => 'Sayfa Doğrulandı.'
04-04-2022 15:07:56.197 [Gauge] [ERROR] Concept parse failure: C:\Users\testinium\IdeaProjects\Ozdilek\specs\Ozdilek\Concepts\BuyPage.cpt C:\Users\testinium\IdeaProjects\Ozdilek\specs\Ozdilek\Concepts\MainPage.cpt:13 Duplicate concept definition found => 'Sayfa Doğrulandı.'
04-04-2022 15:07:56.197 [Gauge] [ERROR] [ParseError] C:\Users\testinium\IdeaProjects\Ozdilek\specs\Ozdilek\Concepts\LoginPage.cpt:3 Concept heading can have only Dynamic Parameters => 'Kullanıcı adı kısmına "Güngör" şifre kısmına "123" girildi.'
04-04-2022 15:07:56.197 [Gauge] [ERROR] [ParseError] C:\Users\testinium\IdeaProjects\Ozdilek\specs\Ozdilek\Concepts\LoginPage.cpt:4 Step is not defined inside a concept heading => '"1" saniye kadar bekle'
04-04-2022 15:07:56.197 [Gauge] [ERROR] [ParseError] C:\Users\testinium\IdeaProjects\Ozdilek\specs\Ozdilek\Concepts\LoginPage.cpt:5 Step is not defined inside a concept heading => 'Id "com.ozdilek.ozdilekteyim:id/etEposta" li elementi bul ve "Güngör" değerini gir'
04-04-2022 15:07:56.197 [Gauge] [ERROR] [ParseError] C:\Users\testinium\IdeaProjects\Ozdilek\specs\Ozdilek\Concepts\LoginPage.cpt:6 Step is not defined inside a concept heading => 'Id "com.ozdilek.ozdilekteyim:id/etPassword" li elementi bul ve "123" değerini gir'
04-04-2022 15:07:56.197 [Gauge] [ERROR] [ParseError] C:\Users\testinium\IdeaProjects\Ozdilek\specs\Ozdilek\Concepts\LoginPage.cpt:7 Step is not defined inside a concept heading => '"1" saniye kadar bekle'
04-04-2022 15:07:56.197 [Gauge] [ERROR] [ParseError] C:\Users\testinium\IdeaProjects\Ozdilek\specs\Ozdilek\Concepts\MainPage.cpt:28 Duplicate concept definition found => 'Sayfa Doğrulandı.'
04-04-2022 15:07:56.197 [Gauge] [ERROR] [ParseError] C:\Users\testinium\IdeaProjects\Ozdilek\specs\Ozdilek\Concepts\MainPage.cpt:13 Duplicate concept definition found => 'Sayfa Doğrulandı.'
04-04-2022 15:07:56.197 [Gauge] [DEBUG] 12 concepts parsing completed.
04-04-2022 15:07:56.197 [Gauge] [DEBUG] Started specifications parsing.
04-04-2022 15:07:56.199 [Gauge] [DEBUG] 1 specifications parsing completed.
04-04-2022 15:07:56.199 [Gauge] [DEBUG] Parsing completed.
04-04-2022 15:07:56.200 [Gauge] [DEBUG] Staring java runner
04-04-2022 15:07:56.224 [java] [DEBUG] classpath set to C:\Program Files\Java\jdk1.8.0_202\jre\lib\charsets.jar;C:\Program Files\Java\jdk1.8.0_202\jre\lib\deploy.jar;C:\Program Files\Java\jdk1.8.0_202\jre\lib\ext\access-bridge-64.jar;C:\Program Files\Java\jdk1.8.0_202\jre\lib\ext\cldrdata.jar;C:\Program Files\Java\jdk1.8.0_202\jre\lib\ext\dnsns.jar;C:\Program Files\Java\jdk1.8.0_202\jre\lib\ext\jaccess.jar;C:\Program Files\Java\jdk1.8.0_202\jre\lib\ext\jfxrt.jar;C:\Program Files\Java\jdk1.8.0_202\jre\lib\ext\localedata.jar;C:\Program Files\Java\jdk1.8.0_202\jre\lib\ext\nashorn.jar;C:\Program Files\Java\jdk1.8.0_202\jre\lib\ext\sunec.jar;C:\Program Files\Java\jdk1.8.0_202\jre\lib\ext\sunjce_provider.jar;C:\Program Files\Java\jdk1.8.0_202\jre\lib\ext\sunmscapi.jar;C:\Program Files\Java\jdk1.8.0_202\jre\lib\ext\sunpkcs11.jar;C:\Program Files\Java\jdk1.8.0_202\jre\lib\ext\zipfs.jar;C:\Program Files\Java\jdk1.8.0_202\jre\lib\javaws.jar;C:\Program Files\Java\jdk1.8.0_202\jre\lib\jce.jar;C:\Program Files\Java\jdk1.8.0_202\jre\lib\jfr.jar;C:\Program Files\Java\jdk1.8.0_202\jre\lib\jfxswt.jar;C:\Program Files\Java\jdk1.8.0_202\jre\lib\jsse.jar;C:\Program Files\Java\jdk1.8.0_202\jre\lib\management-agent.jar;C:\Program Files\Java\jdk1.8.0_202\jre\lib\plugin.jar;C:\Program Files\Java\jdk1.8.0_202\jre\lib\resources.jar;C:\Program Files\Java\jdk1.8.0_202\jre\lib\rt.jar;C:\Users\testinium\IdeaProjects\Ozdilek\target\test-classes;C:\Users\testinium\.m2\repository\junit\junit\4.12\junit-4.12.jar;C:\Users\testinium\.m2\repository\org\hamcrest\hamcrest-core\1.3\hamcrest-core-1.3.jar;C:\Users\testinium\.m2\repository\com\thoughtworks\gauge\gauge-java\0.8.1\gauge-java-0.8.1.jar;C:\Users\testinium\.m2\repository\org\assertj\assertj-core\3.22.0\assertj-core-3.22.0.jar;C:\Users\testinium\.m2\repository\org\reflections\reflections\0.10.2\reflections-0.10.2.jar;C:\Users\testinium\.m2\repository\org\javassist\javassist\3.28.0-GA\javassist-3.28.0-GA.jar;C:\Users\testinium\.m2\repository\com\google\code\findbugs\jsr305\3.0.2\jsr305-3.0.2.jar;C:\Users\testinium\.m2\repository\com\github\javaparser\javaparser-core\3.16.3\javaparser-core-3.16.3.jar;C:\Users\testinium\.m2\repository\commons-io\commons-io\2.11.0\commons-io-2.11.0.jar;C:\Users\testinium\.m2\repository\commons-lang\commons-lang\2.6\commons-lang-2.6.jar;C:\Users\testinium\.m2\repository\org\json\json\20211205\json-20211205.jar;C:\Users\testinium\.m2\repository\com\google\protobuf\protobuf-java\3.19.3\protobuf-java-3.19.3.jar;C:\Users\testinium\.m2\repository\com\google\guava\guava\30.1.1-jre\guava-30.1.1-jre.jar;C:\Users\testinium\.m2\repository\com\google\guava\failureaccess\1.0.1\failureaccess-1.0.1.jar;C:\Users\testinium\.m2\repository\com\google\guava\listenablefuture\9999.0-empty-to-avoid-conflict-with-guava\listenablefuture-9999.0-empty-to-avoid-conflict-with-guava.jar;C:\Users\testinium\.m2\repository\org\checkerframework\checker-qual\3.8.0\checker-qual-3.8.0.jar;C:\Users\testinium\.m2\repository\com\google\errorprone\error_prone_annotations\2.5.1\error_prone_annotations-2.5.1.jar;C:\Users\testinium\.m2\repository\com\google\j2objc\j2objc-annotations\1.3\j2objc-annotations-1.3.jar;C:\Users\testinium\.m2\repository\io\grpc\grpc-netty-shaded\1.43.2\grpc-netty-shaded-1.43.2.jar;C:\Users\testinium\.m2\repository\io\perfmark\perfmark-api\0.23.0\perfmark-api-0.23.0.jar;C:\Users\testinium\.m2\repository\io\grpc\grpc-core\1.43.2\grpc-core-1.43.2.jar;C:\Users\testinium\.m2\repository\com\google\android\annotations\4.1.1.4\annotations-4.1.1.4.jar;C:\Users\testinium\.m2\repository\org\codehaus\mojo\animal-sniffer-annotations\1.19\animal-sniffer-annotations-1.19.jar;C:\Users\testinium\.m2\repository\io\grpc\grpc-protobuf\1.43.2\grpc-protobuf-1.43.2.jar;C:\Users\testinium\.m2\repository\io\grpc\grpc-api\1.43.2\grpc-api-1.43.2.jar;C:\Users\testinium\.m2\repository\io\grpc\grpc-context\1.43.2\grpc-context-1.43.2.jar;C:\Users\testinium\.m2\repository\com\google\api\grpc\proto-google-common-protos\2.0.1\proto-google-common-protos-2.0.1.jar;C:\Users\testinium\.m2\repository\io\grpc\grpc-protobuf-lite\1.43.2\grpc-protobuf-lite-1.43.2.jar;C:\Users\testinium\.m2\repository\io\grpc\grpc-stub\1.43.2\grpc-stub-1.43.2.jar;C:\Users\testinium\.m2\repository\javax\annotation\javax.annotation-api\1.3.2\javax.annotation-api-1.3.2.jar;C:\Users\testinium\.m2\repository\org\slf4j\slf4j-log4j12\1.7.30\slf4j-log4j12-1.7.30.jar;C:\Users\testinium\.m2\repository\log4j\log4j\1.2.17\log4j-1.2.17.jar;C:\Users\testinium\.m2\repository\org\apache\logging\log4j\log4j-core\2.17.1\log4j-core-2.17.1.jar;C:\Users\testinium\.m2\repository\org\apache\logging\log4j\log4j-api\2.17.1\log4j-api-2.17.1.jar;C:\Users\testinium\.m2\repository\io\appium\java-client\7.3.0\java-client-7.3.0.jar;C:\Users\testinium\.m2\repository\org\seleniumhq\selenium\selenium-java\3.141.59\selenium-java-3.141.59.jar;C:\Users\testinium\.m2\repository\org\seleniumhq\selenium\selenium-chrome-driver\3.141.59\selenium-chrome-driver-3.141.59.jar;C:\Users\testinium\.m2\repository\org\seleniumhq\selenium\selenium-edge-driver\3.141.59\selenium-edge-driver-3.141.59.jar;C:\Users\testinium\.m2\repository\org\seleniumhq\selenium\selenium-firefox-driver\3.141.59\selenium-firefox-driver-3.141.59.jar;C:\Users\testinium\.m2\repository\org\seleniumhq\selenium\selenium-ie-driver\3.141.59\selenium-ie-driver-3.141.59.jar;C:\Users\testinium\.m2\repository\org\seleniumhq\selenium\selenium-opera-driver\3.141.59\selenium-opera-driver-3.141.59.jar;C:\Users\testinium\.m2\repository\org\seleniumhq\selenium\selenium-remote-driver\3.141.59\selenium-remote-driver-3.141.59.jar;C:\Users\testinium\.m2\repository\org\seleniumhq\selenium\selenium-safari-driver\3.141.59\selenium-safari-driver-3.141.59.jar;C:\Users\testinium\.m2\repository\net\bytebuddy\byte-buddy\1.8.15\byte-buddy-1.8.15.jar;C:\Users\testinium\.m2\repository\org\apache\commons\commons-exec\1.3\commons-exec-1.3.jar;C:\Users\testinium\.m2\repository\com\squareup\okhttp3\okhttp\3.11.0\okhttp-3.11.0.jar;C:\Users\testinium\.m2\repository\com\squareup\okio\okio\1.14.0\okio-1.14.0.jar;C:\Users\testinium\.m2\repository\org\seleniumhq\selenium\selenium-support\3.141.59\selenium-support-3.141.59.jar;C:\Users\testinium\.m2\repository\org\seleniumhq\selenium\selenium-api\3.141.59\selenium-api-3.141.59.jar;C:\Users\testinium\.m2\repository\com\google\code\gson\gson\2.8.5\gson-2.8.5.jar;C:\Users\testinium\.m2\repository\org\apache\httpcomponents\httpclient\4.5.9\httpclient-4.5.9.jar;C:\Users\testinium\.m2\repository\org\apache\httpcomponents\httpcore\4.4.11\httpcore-4.4.11.jar;C:\Users\testinium\.m2\repository\commons-logging\commons-logging\1.2\commons-logging-1.2.jar;C:\Users\testinium\.m2\repository\commons-codec\commons-codec\1.11\commons-codec-1.11.jar;C:\Users\testinium\.m2\repository\cglib\cglib\3.2.12\cglib-3.2.12.jar;C:\Users\testinium\.m2\repository\org\ow2\asm\asm\7.1\asm-7.1.jar;C:\Users\testinium\.m2\repository\commons-validator\commons-validator\1.6\commons-validator-1.6.jar;C:\Users\testinium\.m2\repository\commons-beanutils\commons-beanutils\1.9.2\commons-beanutils-1.9.2.jar;C:\Users\testinium\.m2\repository\commons-digester\commons-digester\1.8.1\commons-digester-1.8.1.jar;C:\Users\testinium\.m2\repository\commons-collections\commons-collections\3.2.2\commons-collections-3.2.2.jar;C:\Users\testinium\.m2\repository\org\apache\commons\commons-lang3\3.9\commons-lang3-3.9.jar;C:\Users\testinium\.m2\repository\org\springframework\spring-context\5.1.8.RELEASE\spring-context-5.1.8.RELEASE.jar;C:\Users\testinium\.m2\repository\org\springframework\spring-aop\5.1.8.RELEASE\spring-aop-5.1.8.RELEASE.jar;C:\Users\testinium\.m2\repository\org\springframework\spring-beans\5.1.8.RELEASE\spring-beans-5.1.8.RELEASE.jar;C:\Users\testinium\.m2\repository\org\springframework\spring-core\5.1.8.RELEASE\spring-core-5.1.8.RELEASE.jar;C:\Users\testinium\.m2\repository\org\springframework\spring-jcl\5.1.8.RELEASE\spring-jcl-5.1.8.RELEASE.jar;C:\Users\testinium\.m2\repository\org\springframework\spring-expression\5.1.8.RELEASE\spring-expression-5.1.8.RELEASE.jar;C:\Users\testinium\.m2\repository\org\aspectj\aspectjweaver\1.9.4\aspectjweaver-1.9.4.jar;C:\Users\testinium\.m2\repository\org\slf4j\slf4j-api\1.7.30\slf4j-api-1.7.30.jar
04-04-2022 15:07:56.529 [java] [CRITICAL] process C:\Program Files\Java\jdk1.8.0_202\jre\bin\java.exe with pid 7204 quit unexpectedly. exit status 1
04-04-2022 15:07:56.537 [Gauge] [DEBUG] Runner connection error: Runner with pid 4988 quit unexpectedly(exit status 1)
04-04-2022 15:07:56.537 [Gauge] [DEBUG] Error while killing runner: invalid argument
04-04-2022 15:07:56.537 [Gauge] [CRITICAL] Failed to start gauge API: Runner with pid 4988 quit unexpectedly(exit status 1)
